2024-04-04 00:02:15,151 [INFO] LogOutputStream:77 - [STDOUT_REDIRECT] 
2024-04-04 00:02:16,727 [INFO] ProjectBuilder:4747 - Time for Generating toolchain IDE Files: 3419mS.
2024-04-04 00:02:16,728 [INFO] ProjectBuilder:2947 - Time for Copy CMSIS : 1mS.
2024-04-04 00:02:16,732 [INFO] ProjectBuilder:2947 - Time for Copy CMSIS : 0mS.
2024-04-04 00:28:17,221 [WARN] IP:2119 - I2C_Coeff_DF not found: check if there is a RefParameter without a condition.
2024-04-04 00:28:17,222 [WARN] IP:2119 - Analog_Filter not found: check if there is a RefParameter without a condition.
2024-04-04 00:28:17,222 [WARN] IP:2119 - I2C_Coeff_DF not found: check if there is a RefParameter without a condition.
2024-04-04 00:28:17,222 [WARN] IP:2119 - Analog_Filter not found: check if there is a RefParameter without a condition.
2024-04-04 00:28:17,352 [WARN] IP:2119 - I2C_Coeff_DF not found: check if there is a RefParameter without a condition.
2024-04-04 00:28:17,352 [WARN] IP:2119 - Analog_Filter not found: check if there is a RefParameter without a condition.
2024-04-04 00:28:17,362 [WARN] IP:2119 - I2C_Coeff_DF not found: check if there is a RefParameter without a condition.
2024-04-04 00:28:17,363 [WARN] IP:2119 - Analog_Filter not found: check if there is a RefParameter without a condition.
2024-04-04 00:32:18,947 [INFO] UtilMem:75 - End SaveConfig() Used Memory: 754524552 Bytes (1073741824)
2024-04-04 00:32:20,158 [INFO] UtilMem:75 - End SaveConfig() Used Memory: 795419016 Bytes (1073741824)
2024-04-04 00:32:23,071 [INFO] UtilMem:75 - End SaveConfig() Used Memory: 848370056 Bytes (1073741824)
2024-04-04 00:32:23,337 [INFO] BlockDiagram:2759 - set Specific Code input for plugin: SYS
2024-04-04 00:32:23,338 [INFO] BlockDiagram:2759 - set Specific Code input for plugin: RCC
2024-04-04 00:32:23,338 [INFO] BlockDiagram:2759 - set Specific Code input for plugin: I2C
2024-04-04 00:32:23,338 [INFO] BlockDiagram:2759 - set Specific Code input for plugin: NVIC
2024-04-04 00:32:23,339 [INFO] BlockDiagram:2759 - set Specific Code input for plugin: GPIO
2024-04-04 00:32:23,340 [INFO] CodeGenerator:807 - code generatio: config db path: C:\ST\STM32CubeIDE_1.9.0\STM32CubeIDE\plugins\com.st.stm32cube.common.mx_6.10.0.202311202037\\db\
2024-04-04 00:32:23,341 [WARN] IP:2119 - I2C_Coeff_DF not found: check if there is a RefParameter without a condition.
2024-04-04 00:32:23,341 [WARN] IP:2119 - Analog_Filter not found: check if there is a RefParameter without a condition.
2024-04-04 00:32:23,575 [INFO] CodeEngine:255 - oldGeneratedFile, C:\Users\sherd\Documents\GitHub\stm32-cubeIDE-workspace\Tutorials\stm32f407_SSD1306_OLED\MXTmpFiles\license.tmp_save
2024-04-04 00:32:23,798 [INFO] CodeEngine:279 - Generated code: C:\Users\sherd\Documents\GitHub\stm32-cubeIDE-workspace\Tutorials\stm32f407_SSD1306_OLED\MXTmpFiles\license.tmp
2024-04-04 00:32:23,902 [INFO] CodeEngine:255 - oldGeneratedFile, C:\Users\sherd\Documents\GitHub\stm32-cubeIDE-workspace\Tutorials\stm32f407_SSD1306_OLED\MXTmpFiles\gpio.tmp_save
2024-04-04 00:32:24,071 [INFO] CodeEngine:279 - Generated code: C:\Users\sherd\Documents\GitHub\stm32-cubeIDE-workspace\Tutorials\stm32f407_SSD1306_OLED\MXTmpFiles\gpio.tmp
2024-04-04 00:32:24,200 [INFO] CodeEngine:255 - oldGeneratedFile, C:\Users\sherd\Documents\GitHub\stm32-cubeIDE-workspace\Tutorials\stm32f407_SSD1306_OLED\Core\Src\stm32f4xx_it.c_save
2024-04-04 00:32:24,489 [INFO] CodeEngine:279 - Generated code: C:\Users\sherd\Documents\GitHub\stm32-cubeIDE-workspace\Tutorials\stm32f407_SSD1306_OLED\Core\Src\stm32f4xx_it.c
2024-04-04 00:32:24,498 [INFO] CodeEngine:255 - oldGeneratedFile, C:\Users\sherd\Documents\GitHub\stm32-cubeIDE-workspace\Tutorials\stm32f407_SSD1306_OLED\Core\Inc\stm32f4xx_it.h_save
2024-04-04 00:32:24,621 [INFO] CodeEngine:279 - Generated code: C:\Users\sherd\Documents\GitHub\stm32-cubeIDE-workspace\Tutorials\stm32f407_SSD1306_OLED\Core\Inc\stm32f4xx_it.h
2024-04-04 00:32:24,651 [INFO] CodeEngine:255 - oldGeneratedFile, C:\Users\sherd\Documents\GitHub\stm32-cubeIDE-workspace\Tutorials\stm32f407_SSD1306_OLED\Core\Src\stm32f4xx_hal_msp.c_save
2024-04-04 00:32:24,848 [INFO] CodeEngine:279 - Generated code: C:\Users\sherd\Documents\GitHub\stm32-cubeIDE-workspace\Tutorials\stm32f407_SSD1306_OLED\Core\Src\stm32f4xx_hal_msp.c
2024-04-04 00:32:24,855 [INFO] CodeEngine:255 - oldGeneratedFile, C:\Users\sherd\Documents\GitHub\stm32-cubeIDE-workspace\Tutorials\stm32f407_SSD1306_OLED\MXTmpFiles\system.tmp_save
2024-04-04 00:32:24,944 [INFO] CodeEngine:279 - Generated code: C:\Users\sherd\Documents\GitHub\stm32-cubeIDE-workspace\Tutorials\stm32f407_SSD1306_OLED\MXTmpFiles\system.tmp
2024-04-04 00:32:24,965 [INFO] CodeEngine:311 - oldGeneratedFile, C:\Users\sherd\Documents\GitHub\stm32-cubeIDE-workspace\Tutorials\stm32f407_SSD1306_OLED\Core\Inc\stm32f4xx_hal_conf.h_save
2024-04-04 00:32:25,083 [INFO] CodeEngine:335 - Generated code: C:\Users\sherd\Documents\GitHub\stm32-cubeIDE-workspace\Tutorials\stm32f407_SSD1306_OLED\Core\Inc\stm32f4xx_hal_conf.h
2024-04-04 00:32:25,148 [INFO] CodeEngine:255 - oldGeneratedFile, C:\Users\sherd\Documents\GitHub\stm32-cubeIDE-workspace\Tutorials\stm32f407_SSD1306_OLED\Core\Inc\main.h_save
2024-04-04 00:32:25,299 [INFO] CodeEngine:279 - Generated code: C:\Users\sherd\Documents\GitHub\stm32-cubeIDE-workspace\Tutorials\stm32f407_SSD1306_OLED\Core\Inc\main.h
2024-04-04 00:32:25,314 [INFO] CodeEngine:255 - oldGeneratedFile, C:\Users\sherd\Documents\GitHub\stm32-cubeIDE-workspace\Tutorials\stm32f407_SSD1306_OLED\Core\Src\main.c_save
2024-04-04 00:32:25,445 [INFO] CodeEngine:279 - Generated code: C:\Users\sherd\Documents\GitHub\stm32-cubeIDE-workspace\Tutorials\stm32f407_SSD1306_OLED\Core\Src\main.c
2024-04-04 00:32:26,174 [INFO] ProjectBuilder:3076 - Time for Copy HAL[1] : 204mS.
2024-04-04 00:32:26,179 [INFO] ProjectBuilder:4485 - Project Generator version: 4.2.0-B44
2024-04-04 00:32:26,521 [INFO] ConfigFileManager:1495 - The Die is : DIE413
2024-04-04 00:32:28,470 [INFO] ProjectBuilder:4747 - Time for Generating toolchain IDE Files: 2290mS.
2024-04-04 00:32:28,471 [INFO] ProjectBuilder:2947 - Time for Copy CMSIS : 0mS.
2024-04-04 00:32:28,475 [INFO] ProjectBuilder:2947 - Time for Copy CMSIS : 0mS.
2024-04-04 00:32:30,557 [ERROR] LogOutputStream:75 - [STDERR_REDIRECT] 
