2024-05-21 00:17:47,491 [ERROR] LogOutputStream:75 - [STDERR_REDIRECT] 
2024-05-21 10:16:34,557 [INFO] Activator:176 - 


2024-05-21 10:16:34,561 [INFO] Activator:177 - !SESSION log4j initialized
2024-05-21 10:16:48,140 [INFO] LogOutputStream:77 - [STDOUT_REDIRECT] 
2024-05-21 10:16:49,704 [INFO] ApplicationProperties:184 - Using Application install path: C:\ST\STM32CubeIDE_1.9.0\STM32CubeIDE\plugins\com.st.stm32cube.common.mx_6.10.0.202311202037
2024-05-21 10:16:49,730 [INFO] DbMcusXml:78 - Set database path to: C:\ST\STM32CubeIDE_1.9.0\STM32CubeIDE\plugins\com.st.stm32cube.common.mx_6.10.0.202311202037\\db\/mcu/
2024-05-21 10:16:49,730 [INFO] ApiDb:274 - Set plugin database path to: C:\ST\STM32CubeIDE_1.9.0\STM32CubeIDE\plugins\com.st.stm32cube.common.mx_6.10.0.202311202037\\db\/plugins/boardmanager/
2024-05-21 10:16:49,730 [WARN] ApiDb:259 - Overriding images path with different value:  => C:\ST\STM32CubeIDE_1.9.0\STM32CubeIDE\plugins\com.st.stm32cube.common.mx_6.10.0.202311202037\\db\/plugins/mcufinder/images/
2024-05-21 10:16:49,745 [INFO] ApiDb:250 - Set database path to: C:\Users\sherd\.stmcufinder\plugins\mcufinder//mcu/
2024-05-21 10:16:49,747 [INFO] DbMcusAds:125 - Set database path to: C:\Users\sherd\.stmcufinder\plugins\mcufinder//mcu/
2024-05-21 10:16:49,749 [INFO] CrossReferenceDbSqlite:203 - Set database path to: C:\Users\sherd\.stmcufinder\plugins\mcufinder//mcu/cs/
2024-05-21 10:16:49,881 [INFO] RulesReader:64 - Compatibility file has been processed (297 Rules)
2024-05-21 10:16:49,963 [INFO] DbMcusXml:78 - Set database path to: C:\ST\STM32CubeIDE_1.9.0\STM32CubeIDE\plugins\com.st.stm32cube.common.mx_6.10.0.202311202037\\db\/mcu/
2024-05-21 10:16:49,963 [INFO] ApiDb:274 - Set plugin database path to: C:\ST\STM32CubeIDE_1.9.0\STM32CubeIDE\plugins\com.st.stm32cube.common.mx_6.10.0.202311202037\\db\/plugins/boardmanager/
2024-05-21 10:16:49,964 [INFO] ApiDb:261 - Set plugin images path to: C:\ST\STM32CubeIDE_1.9.0\STM32CubeIDE\plugins\com.st.stm32cube.common.mx_6.10.0.202311202037\\db\/plugins/mcufinder/images/
2024-05-21 10:16:49,964 [WARN] DbFile:41 - Overriding database path with different value: C:\Users\sherd\.stmcufinder\plugins\mcufinder/ => C:\Users\sherd\.stmcufinder\plugins\mcufinder
2024-05-21 10:16:49,964 [INFO] ApiDb:250 - Set database path to: C:\Users\sherd\.stmcufinder\plugins\mcufinder//mcu/
2024-05-21 10:16:49,964 [WARN] DbFile:41 - Overriding database path with different value: C:\Users\sherd\.stmcufinder\plugins\mcufinder/ => C:\Users\sherd\.stmcufinder\plugins\mcufinder
2024-05-21 10:16:49,964 [INFO] DbMcusAds:125 - Set database path to: C:\Users\sherd\.stmcufinder\plugins\mcufinder//mcu/
2024-05-21 10:16:49,964 [WARN] DbFile:41 - Overriding database path with different value: C:\Users\sherd\.stmcufinder\plugins\mcufinder/ => C:\Users\sherd\.stmcufinder\plugins\mcufinder
2024-05-21 10:16:49,964 [WARN] DbFile:41 - Overriding database path with different value: C:\Users\sherd\.stmcufinder\plugins\mcufinder/ => C:\Users\sherd\.stmcufinder\plugins\mcufinder
2024-05-21 10:16:49,964 [INFO] CrossReferenceDbSqlite:203 - Set database path to: C:\Users\sherd\.stmcufinder\plugins\mcufinder//mcu/cs/
2024-05-21 10:16:50,052 [INFO] MainPanel:264 - HeapMemory: 268435456
2024-05-21 10:16:50,164 [INFO] DbMcusXml:78 - Set database path to: C:\ST\STM32CubeIDE_1.9.0\STM32CubeIDE\plugins\com.st.stm32cube.common.mx_6.10.0.202311202037\\db\/mcu/
2024-05-21 10:16:50,164 [INFO] ApiDb:274 - Set plugin database path to: C:\ST\STM32CubeIDE_1.9.0\STM32CubeIDE\plugins\com.st.stm32cube.common.mx_6.10.0.202311202037\\db\/plugins/boardmanager/
2024-05-21 10:16:50,164 [INFO] ApiDb:261 - Set plugin images path to: C:\ST\STM32CubeIDE_1.9.0\STM32CubeIDE\plugins\com.st.stm32cube.common.mx_6.10.0.202311202037\\db\/plugins/mcufinder/images/
2024-05-21 10:16:50,165 [WARN] DbFile:41 - Overriding database path with different value: C:\Users\sherd\.stmcufinder\plugins\mcufinder/ => C:\Users\sherd\.stmcufinder\plugins\mcufinder
2024-05-21 10:16:50,165 [INFO] ApiDb:250 - Set database path to: C:\Users\sherd\.stmcufinder\plugins\mcufinder//mcu/
2024-05-21 10:16:50,165 [WARN] DbFile:41 - Overriding database path with different value: C:\Users\sherd\.stmcufinder\plugins\mcufinder/ => C:\Users\sherd\.stmcufinder\plugins\mcufinder
2024-05-21 10:16:50,165 [INFO] DbMcusAds:125 - Set database path to: C:\Users\sherd\.stmcufinder\plugins\mcufinder//mcu/
2024-05-21 10:16:50,165 [WARN] DbFile:41 - Overriding database path with different value: C:\Users\sherd\.stmcufinder\plugins\mcufinder/ => C:\Users\sherd\.stmcufinder\plugins\mcufinder
2024-05-21 10:16:50,165 [WARN] DbFile:41 - Overriding database path with different value: C:\Users\sherd\.stmcufinder\plugins\mcufinder/ => C:\Users\sherd\.stmcufinder\plugins\mcufinder
2024-05-21 10:16:50,165 [INFO] CrossReferenceDbSqlite:203 - Set database path to: C:\Users\sherd\.stmcufinder\plugins\mcufinder//mcu/cs/
2024-05-21 10:16:50,186 [INFO] ApplicationProperties:184 - Using Application install path: C:\ST\STM32CubeIDE_1.9.0\STM32CubeIDE\plugins\com.st.stm32cube.common.mx_6.10.0.202311202037
2024-05-21 10:16:50,188 [INFO] PluginManage:196 - Search for loadable plugins [exclusion list=, ]
2024-05-21 10:16:50,191 [INFO] PluginManage:310 - Check plugin analytics
2024-05-21 10:16:50,402 [INFO] AnalyticsPlugin:253 - Accepted Software Licenses: 
2024-05-21 10:16:50,403 [INFO] AnalyticsPlugin:255 - Accepted CMSIS Pack Licenses: 
2024-05-21 10:16:50,403 [INFO] AnalyticsPlugin:257 - Accepted Firmware Licenses: 
2024-05-21 10:16:50,406 [INFO] PluginManage:359 - Loaded plugin analytics (category:tool,tabindex:-1)
2024-05-21 10:16:50,406 [INFO] PluginManage:310 - Check plugin cadmodel
2024-05-21 10:16:50,414 [INFO] CADModel:105 - Init CAD model plugin
2024-05-21 10:16:50,414 [INFO] PluginManage:359 - Loaded plugin cadmodel (category:power,tabindex:5)
2024-05-21 10:16:50,414 [INFO] PluginManage:310 - Check plugin clock
2024-05-21 10:16:50,429 [INFO] PluginManage:359 - Loaded plugin clock (category:base,tabindex:2)
2024-05-21 10:16:50,430 [INFO] PluginManage:310 - Check plugin ddr
2024-05-21 10:16:50,434 [INFO] PluginManage:359 - Loaded plugin ddr (category:tool,tabindex:6)
2024-05-21 10:16:50,434 [INFO] PluginManage:310 - Check plugin filemanager
2024-05-21 10:16:50,601 [INFO] PluginManage:359 - Loaded plugin filemanager (category:base,tabindex:10)
2024-05-21 10:16:50,602 [INFO] PluginManage:310 - Check plugin ipmanager
2024-05-21 10:16:50,611 [INFO] PluginManage:359 - Loaded plugin ipmanager (category:base,tabindex:5)
2024-05-21 10:16:50,611 [INFO] PluginManage:310 - Check plugin lpbam
2024-05-21 10:16:50,624 [INFO] PluginManage:359 - Loaded plugin lpbam (category:base,tabindex:0)
2024-05-21 10:16:50,625 [INFO] PluginManage:310 - Check plugin memorymap
2024-05-21 10:16:50,644 [INFO] PluginManage:359 - Loaded plugin memorymap (category:base,tabindex:4)
2024-05-21 10:16:50,644 [INFO] PluginManage:310 - Check plugin pinoutandconfiguration
2024-05-21 10:16:50,655 [INFO] PluginManage:359 - Loaded plugin pinoutandconfiguration (category:base,tabindex:1)
2024-05-21 10:16:50,655 [INFO] PluginManage:310 - Check plugin pinoutconfig
2024-05-21 10:16:50,768 [WARN] SupportedApi:132 - Cannot load RTOS API schema: s4s-elt-must-match.1: The content of 'definitions' must match (annotation?, (simpleType | complexType)?, (unique | key | keyref)*)). A problem was found starting at: attribute.
2024-05-21 10:16:50,919 [INFO] PluginManage:359 - Loaded plugin pinoutconfig (category:base,tabindex:0)
2024-05-21 10:16:50,919 [INFO] PluginManage:310 - Check plugin power
2024-05-21 10:16:50,946 [INFO] PluginManage:359 - Loaded plugin power (category:power,tabindex:4)
2024-05-21 10:16:50,947 [INFO] PluginManage:310 - Check plugin projectmanager
2024-05-21 10:16:50,979 [INFO] PluginManage:359 - Loaded plugin projectmanager (category:projectmanager,tabindex:3)
2024-05-21 10:16:50,980 [INFO] PluginManage:310 - Check plugin thirdparty
2024-05-21 10:16:51,158 [INFO] PluginManage:359 - Loaded plugin thirdparty (category:base,tabindex:-1)
2024-05-21 10:16:51,158 [INFO] PluginManage:310 - Check plugin tools
2024-05-21 10:16:51,158 [WARN] IntegrityCheckThread:84 - waiting for thirdparty lock release [integrity check]
2024-05-21 10:16:51,158 [INFO] IntegrityCheckThread:86 - entering critical section [integrity check]
2024-05-21 10:16:51,159 [INFO] ThirdPartyUpdaterWithRetryManager:70 - Updater plugin not ready yet. [1/15]
2024-05-21 10:16:51,163 [INFO] PluginManage:359 - Loaded plugin tools (category:base,tabindex:7)
2024-05-21 10:16:51,163 [INFO] PluginManage:310 - Check plugin tutovideos
2024-05-21 10:16:51,361 [INFO] PluginManage:359 - Loaded plugin tutovideos (category:base,tabindex:-1)
2024-05-21 10:16:51,361 [INFO] PluginManage:310 - Check plugin updater
2024-05-21 10:16:51,376 [INFO] PluginManage:359 - Loaded plugin updater (category:base,tabindex:12)
2024-05-21 10:16:51,376 [INFO] PluginManage:310 - Check plugin userauth
2024-05-21 10:16:51,383 [INFO] UserAuth:114 - Init User Auth plugin
2024-05-21 10:16:51,383 [INFO] PluginManage:359 - Loaded plugin userauth (category:base,tabindex:14)
2024-05-21 10:16:51,383 [INFO] PluginManage:283 - PluginManage : Loaded plugins [17]
2024-05-21 10:16:51,636 [INFO] PinOutPanel:1499 - setPackage(No Configuration,No Configuration)
2024-05-21 10:16:51,723 [INFO] CADModel:165 - CPN selected for project level
2024-05-21 10:16:51,723 [INFO] CADModel:114 - Register for checkConnection events
2024-05-21 10:16:51,741 [INFO] IPUIPlugin:80 - create IPUIPlugin
2024-05-21 10:16:51,741 [INFO] PluginManager:220 - loadIPPluginJar : add adc
2024-05-21 10:16:51,745 [INFO] IPUIPlugin:80 - create IPUIPlugin
2024-05-21 10:16:51,745 [INFO] PluginManager:220 - loadIPPluginJar : add aes
2024-05-21 10:16:51,748 [INFO] IPUIPlugin:80 - create IPUIPlugin
2024-05-21 10:16:51,749 [INFO] PluginManager:220 - loadIPPluginJar : add can
2024-05-21 10:16:51,751 [INFO] IPUIPlugin:80 - create IPUIPlugin
2024-05-21 10:16:51,751 [INFO] PluginManager:220 - loadIPPluginJar : add comp
2024-05-21 10:16:51,755 [INFO] IPUIPlugin:80 - create IPUIPlugin
2024-05-21 10:16:51,755 [INFO] PluginManager:220 - loadIPPluginJar : add cryp
2024-05-21 10:16:51,758 [INFO] IPUIPlugin:80 - create IPUIPlugin
2024-05-21 10:16:51,758 [INFO] PluginManager:220 - loadIPPluginJar : add dfsdm
2024-05-21 10:16:51,764 [INFO] IPUIPlugin:80 - create IPUIPlugin
2024-05-21 10:16:51,765 [INFO] PluginManager:220 - loadIPPluginJar : add dma
2024-05-21 10:16:51,768 [INFO] IPUIPlugin:80 - create IPUIPlugin
2024-05-21 10:16:51,769 [INFO] PluginManager:220 - loadIPPluginJar : add dma3
2024-05-21 10:16:51,770 [INFO] IPUIPlugin:80 - create IPUIPlugin
2024-05-21 10:16:51,771 [INFO] PluginManager:220 - loadIPPluginJar : add fatfs
2024-05-21 10:16:51,775 [INFO] IPUIPlugin:80 - create IPUIPlugin
2024-05-21 10:16:51,775 [INFO] PluginManager:220 - loadIPPluginJar : add fmc
2024-05-21 10:16:51,781 [INFO] IPUIPlugin:80 - create IPUIPlugin
2024-05-21 10:16:51,782 [INFO] PluginManager:220 - loadIPPluginJar : add freertos
2024-05-21 10:16:51,784 [INFO] IPUIPlugin:80 - create IPUIPlugin
2024-05-21 10:16:51,784 [INFO] PluginManager:220 - loadIPPluginJar : add genericplugin
2024-05-21 10:16:51,787 [INFO] IPUIPlugin:80 - create IPUIPlugin
2024-05-21 10:16:51,787 [INFO] PluginManager:220 - loadIPPluginJar : add gfxmmu
2024-05-21 10:16:51,792 [INFO] IPUIPlugin:80 - create IPUIPlugin
2024-05-21 10:16:51,793 [INFO] PluginManager:220 - loadIPPluginJar : add gic
2024-05-21 10:16:51,797 [INFO] IPUIPlugin:80 - create IPUIPlugin
2024-05-21 10:16:51,797 [INFO] PluginManager:220 - loadIPPluginJar : add gpio
2024-05-21 10:16:51,801 [INFO] IPUIPlugin:80 - create IPUIPlugin
2024-05-21 10:16:51,801 [INFO] PluginManager:220 - loadIPPluginJar : add gtzc
2024-05-21 10:16:51,804 [INFO] IPUIPlugin:80 - create IPUIPlugin
2024-05-21 10:16:51,805 [INFO] PluginManager:220 - loadIPPluginJar : add hash
2024-05-21 10:16:51,808 [INFO] IPUIPlugin:80 - create IPUIPlugin
2024-05-21 10:16:51,808 [INFO] PluginManager:220 - loadIPPluginJar : add i2c
2024-05-21 10:16:51,810 [INFO] IPUIPlugin:80 - create IPUIPlugin
2024-05-21 10:16:51,811 [INFO] PluginManager:220 - loadIPPluginJar : add i2s
2024-05-21 10:16:51,814 [INFO] IPUIPlugin:80 - create IPUIPlugin
2024-05-21 10:16:51,814 [INFO] PluginManager:220 - loadIPPluginJar : add i3c
2024-05-21 10:16:51,818 [INFO] IPUIPlugin:80 - create IPUIPlugin
2024-05-21 10:16:51,818 [INFO] PluginManager:220 - loadIPPluginJar : add ipddr
2024-05-21 10:16:51,826 [INFO] IPUIPlugin:80 - create IPUIPlugin
2024-05-21 10:16:51,826 [INFO] PluginManager:220 - loadIPPluginJar : add linkedlist
2024-05-21 10:16:51,829 [INFO] IPUIPlugin:80 - create IPUIPlugin
2024-05-21 10:16:51,829 [INFO] PluginManager:220 - loadIPPluginJar : add lorawan
2024-05-21 10:16:51,832 [INFO] IPUIPlugin:80 - create IPUIPlugin
2024-05-21 10:16:51,832 [INFO] PluginManager:220 - loadIPPluginJar : add ltdc
2024-05-21 10:16:51,838 [INFO] IPUIPlugin:80 - create IPUIPlugin
2024-05-21 10:16:51,838 [INFO] PluginManager:220 - loadIPPluginJar : add mdma
2024-05-21 10:16:51,843 [INFO] IPUIPlugin:80 - create IPUIPlugin
2024-05-21 10:16:51,843 [INFO] PluginManager:220 - loadIPPluginJar : add nvic
2024-05-21 10:16:51,846 [INFO] IPUIPlugin:80 - create IPUIPlugin
2024-05-21 10:16:51,846 [INFO] PluginManager:220 - loadIPPluginJar : add opamp
2024-05-21 10:16:51,850 [INFO] IPUIPlugin:80 - create IPUIPlugin
2024-05-21 10:16:51,850 [INFO] PluginManager:220 - loadIPPluginJar : add openamp
2024-05-21 10:16:51,854 [INFO] IPUIPlugin:80 - create IPUIPlugin
2024-05-21 10:16:51,854 [INFO] PluginManager:220 - loadIPPluginJar : add pdm2pcm
2024-05-21 10:16:51,861 [INFO] IPUIPlugin:80 - create IPUIPlugin
2024-05-21 10:16:51,863 [INFO] PluginManager:220 - loadIPPluginJar : add plateformsettings
2024-05-21 10:16:51,866 [INFO] IPUIPlugin:80 - create IPUIPlugin
2024-05-21 10:16:51,866 [INFO] PluginManager:220 - loadIPPluginJar : add quadspi
2024-05-21 10:16:51,870 [INFO] IPUIPlugin:80 - create IPUIPlugin
2024-05-21 10:16:51,870 [INFO] PluginManager:220 - loadIPPluginJar : add resmgrutility
2024-05-21 10:16:51,874 [INFO] IPUIPlugin:80 - create IPUIPlugin
2024-05-21 10:16:51,874 [INFO] PluginManager:220 - loadIPPluginJar : add sai
2024-05-21 10:16:51,878 [INFO] IPUIPlugin:80 - create IPUIPlugin
2024-05-21 10:16:51,878 [INFO] PluginManager:220 - loadIPPluginJar : add spi
2024-05-21 10:16:51,884 [INFO] IPUIPlugin:80 - create IPUIPlugin
2024-05-21 10:16:51,884 [INFO] PluginManager:220 - loadIPPluginJar : add stm32_wpan
2024-05-21 10:16:51,887 [INFO] IPUIPlugin:80 - create IPUIPlugin
2024-05-21 10:16:51,887 [INFO] PluginManager:220 - loadIPPluginJar : add tim
2024-05-21 10:16:51,891 [INFO] IPUIPlugin:80 - create IPUIPlugin
2024-05-21 10:16:51,891 [INFO] PluginManager:220 - loadIPPluginJar : add touchsensing
2024-05-21 10:16:51,894 [INFO] IPUIPlugin:80 - create IPUIPlugin
2024-05-21 10:16:51,894 [INFO] PluginManager:220 - loadIPPluginJar : add tracer_emb
2024-05-21 10:16:51,897 [INFO] IPUIPlugin:80 - create IPUIPlugin
2024-05-21 10:16:51,897 [INFO] PluginManager:220 - loadIPPluginJar : add ts
2024-05-21 10:16:51,899 [INFO] IPUIPlugin:80 - create IPUIPlugin
2024-05-21 10:16:51,899 [INFO] PluginManager:220 - loadIPPluginJar : add tsc
2024-05-21 10:16:51,902 [INFO] IPUIPlugin:80 - create IPUIPlugin
2024-05-21 10:16:51,902 [INFO] PluginManager:220 - loadIPPluginJar : add ucpd
2024-05-21 10:16:51,906 [INFO] IPUIPlugin:80 - create IPUIPlugin
2024-05-21 10:16:51,907 [INFO] PluginManager:220 - loadIPPluginJar : add usart
2024-05-21 10:16:51,910 [INFO] IPUIPlugin:80 - create IPUIPlugin
2024-05-21 10:16:51,911 [INFO] PluginManager:220 - loadIPPluginJar : add usbx
2024-05-21 10:16:52,054 [INFO] CADModel:165 - CPN selected for project level
2024-05-21 10:16:52,054 [INFO] CADModel:114 - Register for checkConnection events
2024-05-21 10:16:52,054 [FATAL] Updater:308 - Updater called before beeing initialized
2024-05-21 10:16:52,054 [ERROR] CADModel:125 - Updater not yet initialized, retry later 
2024-05-21 10:16:52,244 [INFO] CADModel:165 - CPN selected for project level
2024-05-21 10:16:52,245 [INFO] CADModel:114 - Register for checkConnection events
2024-05-21 10:16:52,245 [FATAL] Updater:308 - Updater called before beeing initialized
2024-05-21 10:16:52,245 [ERROR] CADModel:125 - Updater not yet initialized, retry later 
2024-05-21 10:16:52,249 [FATAL] Updater:308 - Updater called before beeing initialized
2024-05-21 10:16:52,389 [FATAL] Updater:308 - Updater called before beeing initialized
2024-05-21 10:16:52,400 [INFO] DbMcusAds:53 - JSON generation date=Thu May 16 14:22:00 PKT 2024 (1715851320852)
2024-05-21 10:16:52,401 [FATAL] Updater:308 - Updater called before beeing initialized
2024-05-21 10:16:52,447 [WARN] DetailPanel:346 - Failed to get advertising image, set to default
2024-05-21 10:16:52,543 [FATAL] Updater:308 - Updater called before beeing initialized
2024-05-21 10:16:52,545 [FATAL] Updater:308 - Updater called before beeing initialized
2024-05-21 10:16:52,546 [FATAL] Updater:308 - Updater called before beeing initialized
2024-05-21 10:16:52,546 [WARN] DetailPanel:346 - Failed to get advertising image, set to default
2024-05-21 10:16:52,546 [FATAL] Updater:308 - Updater called before beeing initialized
2024-05-21 10:16:52,618 [ERROR] Updater:1120 - MainUpdater not yet initialized. External WinMGr cannot be set.
2024-05-21 10:16:52,621 [INFO] Updater:1056 - Updater Version found : 6.10.0
2024-05-21 10:16:52,645 [INFO] ApplicationProperties:184 - Using Application install path: C:\ST\STM32CubeIDE_1.9.0\STM32CubeIDE\plugins\com.st.stm32cube.common.mx_6.10.0.202311202037
2024-05-21 10:16:54,159 [INFO] ThirdPartyUpdaterWithRetryManager:70 - Updater plugin not ready yet. [2/15]
2024-05-21 10:16:54,230 [ERROR] LogOutputStream:75 - [STDERR_REDIRECT] May 21, 2024 10:16:54 AM java.util.prefs.WindowsPreferences <init>
2024-05-21 10:16:54,233 [ERROR] LogOutputStream:75 - [STDERR_REDIRECT] WARNING: Could not open/create prefs root node Software\JavaSoft\Prefs at root 0xffffffff80000002. Windows RegCreateKeyEx(...) returned error code 5.
2024-05-21 10:16:54,233 [ERROR] LogOutputStream:75 - [STDERR_REDIRECT] 
2024-05-21 10:16:56,040 [INFO] MainUpdater:2873 - connection check result : 10
2024-05-21 10:16:56,040 [INFO] MainUpdater:290 - Updater Check For Update Now.
2024-05-21 10:16:56,040 [INFO] MicroXplorer:498 - Change Database Version : DB.6.0.100
2024-05-21 10:16:56,048 [INFO] McuFinderGlobals:63 - Set McuFinder mode to 2 (CubeIDE integrated)
2024-05-21 10:16:56,073 [INFO] UserAuth:404 - Internet connection configuration mode: 1
2024-05-21 10:16:56,118 [INFO] JxBrowserEngine:152 - Initiate JxBrowser Engine with user profile folder
2024-05-21 10:16:56,288 [INFO] CheckServerUpdateThread:120 - End of CheckServer Thread
2024-05-21 10:16:57,418 [WARN] PackLoader:240 - Cannot read IP mode file for STMicroelectronics.FP-SNS-MOTENVWB1.1.4.0
2024-05-21 10:16:57,441 [WARN] PackLoader:240 - Cannot read IP mode file for STMicroelectronics.X-CUBE-SMBUS.2.1.0
2024-05-21 10:16:57,455 [WARN] PackLoader:240 - Cannot read IP mode file for STMicroelectronics.X-CUBE-TOUCHGFX.4.23.1
2024-05-21 10:16:57,468 [WARN] PackLoader:240 - Cannot read IP mode file for STMicroelectronics.X-CUBE-TOUCHGFX.4.23.0
2024-05-21 10:16:57,559 [WARN] PackLoader:240 - Cannot read IP mode file for STMicroelectronics.X-CUBE-MEMS1.9.2.0
2024-05-21 10:16:57,749 [WARN] PackLoader:240 - Cannot read IP mode file for STMicroelectronics.X-CUBE-TOUCHGFX.4.23.2
2024-05-21 10:16:57,783 [WARN] PackLoader:240 - Cannot read IP mode file for STMicroelectronics.X-CUBE-AZRTOS-F7.1.1.0
2024-05-21 10:16:57,804 [WARN] PackLoader:240 - Cannot read IP mode file for STMicroelectronics.X-CUBE-AI.7.1.0
2024-05-21 10:16:57,816 [WARN] PackLoader:240 - Cannot read IP mode file for STMicroelectronics.X-CUBE-TOUCHGFX.4.19.1
2024-05-21 10:16:57,830 [WARN] PackLoader:240 - Cannot read IP mode file for STMicroelectronics.FP-SNS-MOTENV1.4.3.2
2024-05-21 10:16:57,846 [WARN] PackLoader:240 - Cannot read IP mode file for STMicroelectronics.X-CUBE-BLE1.6.2.3
2024-05-21 10:16:57,860 [WARN] PackLoader:240 - Cannot read IP mode file for STMicroelectronics.FP-SNS-FLIGHT1.5.0.2
2024-05-21 10:16:57,877 [WARN] PackLoader:240 - Cannot read IP mode file for STMicroelectronics.X-CUBE-BLE2.3.2.2
2024-05-21 10:16:57,898 [WARN] PackLoader:240 - Cannot read IP mode file for STMicroelectronics.X-CUBE-TOF1.3.1.0
2024-05-21 10:16:57,920 [WARN] PackLoader:240 - Cannot read IP mode file for STMicroelectronics.X-CUBE-DISPLAY.3.0.0
2024-05-21 10:16:57,945 [WARN] PackLoader:240 - Cannot read IP mode file for STMicroelectronics.X-CUBE-BLE1.7.0.0
2024-05-21 10:16:57,961 [WARN] PackLoader:240 - Cannot read IP mode file for STMicroelectronics.X-CUBE-TOUCHGFX.4.22.0
2024-05-21 10:16:58,030 [WARN] PackLoader:240 - Cannot read IP mode file for STMicroelectronics.X-CUBE-MEMS1.9.3.0
2024-05-21 10:16:58,262 [WARN] PackLoader:240 - Cannot read IP mode file for STMicroelectronics.X-CUBE-AI.7.2.0
2024-05-21 10:16:58,285 [WARN] PackLoader:240 - Cannot read IP mode file for STMicroelectronics.X-CUBE-BLEMGR.3.1.0
2024-05-21 10:16:58,304 [WARN] PackLoader:240 - Cannot read IP mode file for STMicroelectronics.FP-SNS-SMARTAG2.1.2.0
2024-05-21 10:16:58,330 [INFO] LogOutputStream:77 - [STDOUT_REDIRECT] 1 : Invalid condition id : UX_CORESTACK_Condition cause : null
2024-05-21 10:16:58,331 [INFO] LogOutputStream:77 - [STDOUT_REDIRECT] 1 : Invalid condition id : UX_CORESTACK_Condition cause : null
2024-05-21 10:16:58,334 [INFO] LogOutputStream:77 - [STDOUT_REDIRECT] 1 : Invalid condition id : UX_CORESTACK_Condition cause : null
2024-05-21 10:16:58,336 [INFO] LogOutputStream:77 - [STDOUT_REDIRECT] 1 : Invalid condition id : UX_CORESTACK_Condition cause : null
2024-05-21 10:16:58,338 [INFO] LogOutputStream:77 - [STDOUT_REDIRECT] 1 : Invalid condition id : UX_CORESTACK_Condition cause : null
2024-05-21 10:16:58,342 [WARN] PackLoader:240 - Cannot read IP mode file for STMicroelectronics.X-CUBE-AZRTOS-WL.2.0.0
2024-05-21 10:16:58,356 [WARN] PackLoader:240 - Cannot read IP mode file for STMicroelectronics.FP-SNS-MOTENV1.5.0.0
2024-05-21 10:16:58,375 [WARN] PackLoader:240 - Cannot read IP mode file for WES.I-CUBE-Cesium.1.3.0
2024-05-21 10:16:58,390 [WARN] PackLoader:240 - Cannot read IP mode file for STMicroelectronics.X-CUBE-BLE2.3.3.0
2024-05-21 10:16:58,404 [WARN] PackLoader:240 - Cannot read IP mode file for STMicroelectronics.X-CUBE-DISPLAY.2.2.0
2024-05-21 10:16:58,422 [WARN] PackLoader:240 - Cannot read IP mode file for STMicroelectronics.X-CUBE-TOF1.3.2.0
2024-05-21 10:16:58,447 [WARN] PackLoader:240 - Cannot read IP mode file for STMicroelectronics.X-CUBE-ISPU.1.0.0
2024-05-21 10:16:58,487 [WARN] PackLoader:240 - Cannot read IP mode file for STMicroelectronics.X-CUBE-AZRTOS-H7.2.1.0
2024-05-21 10:16:58,506 [WARN] PackLoader:240 - Cannot read IP mode file for STMicroelectronics.X-CUBE-TCPP.4.1.0
2024-05-21 10:16:58,518 [WARN] PackLoader:240 - Cannot read IP mode file for STMicroelectronics.X-CUBE-AI.7.3.0
2024-05-21 10:16:58,534 [WARN] PackLoader:240 - Cannot read IP mode file for STMicroelectronics.X-CUBE-ALGOBUILD.1.3.0
2024-05-21 10:16:58,570 [WARN] PackLoader:240 - Cannot read IP mode file for STMicroelectronics.X-CUBE-AZRTOS-G0.1.1.0
2024-05-21 10:16:58,590 [WARN] PackLoader:240 - Cannot read IP mode file for STMicroelectronics.X-CUBE-SAFEA1.1.2.2
2024-05-21 10:16:58,605 [WARN] PackLoader:240 - Cannot read IP mode file for STMicroelectronics.X-CUBE-NFC4.3.0.0
2024-05-21 10:16:58,668 [WARN] PackLoader:240 - Cannot read IP mode file for SEGGER.I-CUBE-embOS.1.2.0
2024-05-21 10:16:58,723 [WARN] PackLoader:240 - Cannot read IP mode file for STMicroelectronics.FP-ATR-SIGFOX1.3.2.0
2024-05-21 10:16:58,737 [WARN] PackLoader:240 - Cannot read IP mode file for STMicroelectronics.X-CUBE-EEPRMA1.5.1.0
2024-05-21 10:16:58,751 [WARN] PackLoader:240 - Cannot read IP mode file for emotas.I-CUBE-CANOPEN.1.1.2
2024-05-21 10:16:58,763 [WARN] PackLoader:240 - Cannot read IP mode file for STMicroelectronics.X-CUBE-TOUCHGFX.4.20.0
2024-05-21 10:16:58,797 [WARN] PackLoader:240 - Cannot read IP mode file for SEGGER.I-CUBE-embOS.1.3.1
2024-05-21 10:16:58,837 [WARN] PackLoader:240 - Cannot read IP mode file for STMicroelectronics.X-CUBE-ALGOBUILD.1.4.0
2024-05-21 10:16:58,855 [WARN] PackLoader:240 - Cannot read IP mode file for STMicroelectronics.X-CUBE-TOF1.3.0.0
2024-05-21 10:16:58,875 [WARN] PackLoader:240 - Cannot read IP mode file for STMicroelectronics.X-CUBE-GNSS1.6.0.0
2024-05-21 10:16:58,903 [WARN] PackLoader:240 - Cannot read IP mode file for STMicroelectronics.X-CUBE-AZRTOS-F4.1.1.0
2024-05-21 10:16:58,916 [WARN] PackLoader:240 - Cannot read IP mode file for STMicroelectronics.X-CUBE-FREERTOS.1.2.0
2024-05-21 10:16:58,930 [WARN] PackLoader:240 - Cannot read IP mode file for STMicroelectronics.X-CUBE-BLEMGR.1.2.0
2024-05-21 10:16:58,964 [WARN] PackLoader:240 - Cannot read IP mode file for STMicroelectronics.X-CUBE-AZRTOS-L5.2.0.0
2024-05-21 10:16:59,008 [WARN] PackLoader:240 - Cannot read IP mode file for STMicroelectronics.X-CUBE-MEMS1.9.6.0
2024-05-21 10:16:59,176 [WARN] PackLoader:240 - Cannot read IP mode file for STMicroelectronics.X-CUBE-NFC6.3.1.0
2024-05-21 10:16:59,197 [WARN] PackLoader:240 - Cannot read IP mode file for ITTIA_DB.I-CUBE-ITTIADB.8.8.0
2024-05-21 10:16:59,234 [WARN] PackLoader:240 - Cannot read IP mode file for STMicroelectronics.X-CUBE-BLEMGR.2.0.0
2024-05-21 10:16:59,254 [WARN] PackLoader:240 - Cannot read IP mode file for STMicroelectronics.X-CUBE-NFC4.2.0.4
2024-05-21 10:16:59,269 [WARN] PackLoader:240 - Cannot read IP mode file for STMicroelectronics.X-CUBE-AI.9.0.0
2024-05-21 10:16:59,302 [WARN] ConditionMgr:438 - getConditionDescription Invalid condition id : UX DEVICE CLASS RTOS Condition cause : null
2024-05-21 10:16:59,302 [WARN] ConditionMgr:438 - getConditionDescription Invalid condition id : UX DEVICE CLASS RTOS Condition cause : null
2024-05-21 10:16:59,305 [WARN] PackLoader:240 - Cannot read IP mode file for STMicroelectronics.X-CUBE-AZRTOS-H7.3.1.0
2024-05-21 10:16:59,306 [WARN] ConditionMgr:1039 - genDependencies : Invalid condition id : UX DEVICE CLASS RTOS Condition cause : null
2024-05-21 10:16:59,306 [WARN] ConditionMgr:1039 - genDependencies : Invalid condition id : UX DEVICE CLASS RTOS Condition cause : null
2024-05-21 10:16:59,306 [WARN] ConditionMgr:1039 - genDependencies : Invalid condition id : UX DEVICE CLASS RTOS Condition cause : null
2024-05-21 10:16:59,307 [WARN] ConditionMgr:1039 - genDependencies : Invalid condition id : UX DEVICE CLASS RTOS Condition cause : null
2024-05-21 10:16:59,307 [WARN] ConditionMgr:1039 - genDependencies : Invalid condition id : UX DEVICE CLASS RTOS Condition cause : null
2024-05-21 10:16:59,418 [WARN] PackLoader:240 - Cannot read IP mode file for STMicroelectronics.X-CUBE-SFXS2LP1.3.1.0
2024-05-21 10:16:59,467 [WARN] PackLoader:240 - Cannot read IP mode file for STMicroelectronics.X-CUBE-AZRTOS-F4.1.0.0
2024-05-21 10:16:59,488 [WARN] PackLoader:240 - Cannot read IP mode file for STMicroelectronics.X-CUBE-NFC7.1.0.1
2024-05-21 10:16:59,505 [WARN] PackLoader:240 - Cannot read IP mode file for STMicroelectronics.X-CUBE-NFC7.1.0.0
2024-05-21 10:16:59,524 [WARN] PackLoader:240 - Cannot read IP mode file for STMicroelectronics.X-CUBE-NFC6.3.0.0
2024-05-21 10:16:59,542 [WARN] PackLoader:240 - Cannot read IP mode file for STMicroelectronics.X-CUBE-EEPRMA1.4.1.0
2024-05-21 10:16:59,559 [WARN] PackLoader:240 - Cannot read IP mode file for STMicroelectronics.X-CUBE-AI.8.1.0
2024-05-21 10:16:59,607 [WARN] PackLoader:240 - Cannot read IP mode file for STMicroelectronics.X-CUBE-AZRTOS-G0.1.0.0
2024-05-21 10:16:59,654 [WARN] ConditionMgr:438 - getConditionDescription Invalid condition id : LAN8742 Phy interface Condition cause : null
2024-05-21 10:16:59,656 [WARN] PackLoader:240 - Cannot read IP mode file for STMicroelectronics.X-CUBE-AZRTOS-L4.2.0.0
2024-05-21 10:16:59,657 [WARN] ConditionMgr:1039 - genDependencies : Invalid condition id : LAN8742 Phy interface Condition cause : null
2024-05-21 10:16:59,658 [WARN] ConditionMgr:1039 - genDependencies : Invalid condition id : LAN8742 Phy interface Condition cause : null
2024-05-21 10:16:59,659 [WARN] ConditionMgr:1039 - genDependencies : Invalid condition id : LAN8742 Phy interface Condition cause : null
2024-05-21 10:16:59,682 [WARN] PackLoader:240 - Cannot read IP mode file for STMicroelectronics.X-CUBE-SFXS2LP1.4.0.0
2024-05-21 10:16:59,747 [WARN] PackLoader:240 - Cannot read IP mode file for STMicroelectronics.X-CUBE-ISPU.1.1.0
2024-05-21 10:16:59,816 [WARN] PackLoader:240 - Cannot read IP mode file for RoweBots.I-CUBE-UNISONRTOS.5.5.0-4
2024-05-21 10:16:59,867 [WARN] ConditionMgr:438 - getConditionDescription Invalid condition id : UX DEVICE CLASS RTOS Condition cause : null
2024-05-21 10:16:59,867 [WARN] ConditionMgr:438 - getConditionDescription Invalid condition id : UX DEVICE CLASS RTOS Condition cause : null
2024-05-21 10:16:59,868 [WARN] PackLoader:240 - Cannot read IP mode file for STMicroelectronics.X-CUBE-AZRTOS-WB.2.0.0
2024-05-21 10:16:59,869 [WARN] ConditionMgr:1039 - genDependencies : Invalid condition id : UX DEVICE CLASS RTOS Condition cause : null
2024-05-21 10:16:59,869 [WARN] ConditionMgr:1039 - genDependencies : Invalid condition id : UX DEVICE CLASS RTOS Condition cause : null
2024-05-21 10:16:59,870 [WARN] ConditionMgr:1039 - genDependencies : Invalid condition id : UX DEVICE CLASS RTOS Condition cause : null
2024-05-21 10:16:59,870 [WARN] ConditionMgr:1039 - genDependencies : Invalid condition id : UX DEVICE CLASS RTOS Condition cause : null
2024-05-21 10:16:59,870 [WARN] ConditionMgr:1039 - genDependencies : Invalid condition id : UX DEVICE CLASS RTOS Condition cause : null
2024-05-21 10:16:59,890 [WARN] PackLoader:240 - Cannot read IP mode file for STMicroelectronics.X-CUBE-BLEMGR.1.0.0
2024-05-21 10:16:59,926 [WARN] PackLoader:240 - Cannot read IP mode file for STMicroelectronics.X-CUBE-SUBG2.5.0.0
2024-05-21 10:16:59,946 [WARN] PackLoader:240 - Cannot read IP mode file for Cesanta.I-CUBE-Mongoose.7.13.0
2024-05-21 10:16:59,971 [WARN] PackLoader:240 - Cannot read IP mode file for STMicroelectronics.X-CUBE-TOF1.3.3.1
2024-05-21 10:17:00,029 [WARN] PackLoader:240 - Cannot read IP mode file for STMicroelectronics.X-CUBE-AZRTOS-G4.2.0.0
2024-05-21 10:17:00,048 [WARN] PackLoader:240 - Cannot read IP mode file for STMicroelectronics.FP-ATR-ASTRA1.1.1.1
2024-05-21 10:17:00,074 [WARN] PackLoader:240 - Cannot read IP mode file for Infineon.AIROC-Wi-Fi-Bluetooth-STM32.1.5.1
2024-05-21 10:17:00,095 [WARN] PackLoader:240 - Cannot read IP mode file for STMicroelectronics.FP-ATR-ASTRA1.1.1.0
2024-05-21 10:17:00,110 [WARN] PackLoader:240 - Cannot read IP mode file for STMicroelectronics.FP-SNS-MOTENVWB1.1.3.1
2024-05-21 10:17:00,139 [INFO] WebApp:161 - Instantiating new browser for Auth
2024-05-21 10:17:00,139 [WARN] PackLoader:240 - Cannot read IP mode file for STMicroelectronics.X-CUBE-AZRTOS-G4.1.0.0
2024-05-21 10:17:00,157 [WARN] PackLoader:240 - Cannot read IP mode file for wolfSSL.I-CUBE-wolfSSL.5.3.0
2024-05-21 10:17:00,209 [WARN] PackLoader:240 - Cannot read IP mode file for STMicroelectronics.X-CUBE-AZRTOS-L4.1.0.0
2024-05-21 10:17:00,232 [WARN] PackLoader:240 - Cannot read IP mode file for STMicroelectronics.X-CUBE-ISPU.2.0.0
2024-05-21 10:17:00,308 [WARN] PackLoader:240 - Cannot read IP mode file for STMicroelectronics.X-CUBE-MEMS1.10.0.0
2024-05-21 10:17:00,462 [WARN] PackLoader:240 - Cannot read IP mode file for STMicroelectronics.X-CUBE-FREERTOS.1.1.0
2024-05-21 10:17:00,496 [WARN] PackLoader:240 - Cannot read IP mode file for STMicroelectronics.X-CUBE-AZRTOS-F7.1.0.0
2024-05-21 10:17:00,528 [WARN] PackLoader:240 - Cannot read IP mode file for STMicroelectronics.X-CUBE-AZRTOS-WL.1.0.0
2024-05-21 10:17:00,550 [WARN] PackLoader:240 - Cannot read IP mode file for portGmbH.I-Cube-SoM-uGOAL.1.1.0
2024-05-21 10:17:00,566 [WARN] PackLoader:240 - Cannot read IP mode file for STMicroelectronics.X-CUBE-ALS.1.0.1
2024-05-21 10:17:00,599 [WARN] PackLoader:240 - Cannot read IP mode file for STMicroelectronics.X-CUBE-AZRTOS-L5.1.0.0
2024-05-21 10:17:00,619 [WARN] PackLoader:240 - Cannot read IP mode file for STMicroelectronics.X-CUBE-EEPRMA1.3.1.1
2024-05-21 10:17:00,655 [WARN] PackLoader:240 - Cannot read IP mode file for STMicroelectronics.X-CUBE-AZRTOS-H7RS.1.0.0
2024-05-21 10:17:00,671 [WARN] PackLoader:240 - Cannot read IP mode file for STMicroelectronics.X-CUBE-GNSS1.5.2.0
2024-05-21 10:17:00,683 [WARN] PackLoader:240 - Cannot read IP mode file for STMicroelectronics.FP-ATR-ASTRA1.2.0.0
2024-05-21 10:17:00,702 [WARN] PackLoader:240 - Cannot read IP mode file for STMicroelectronics.X-CUBE-TOF1.3.4.1
2024-05-21 10:17:00,759 [WARN] PackLoader:240 - Cannot read IP mode file for STMicroelectronics.X-CUBE-AZRTOS-H7.3.2.0
2024-05-21 10:17:00,764 [INFO] ThirdParty:978 - Integrity check success = true
2024-05-21 10:17:00,764 [INFO] IntegrityCheckThread:100 - exiting critical section [integrity check]
2024-05-21 10:17:00,764 [INFO] IntegrityCheckThread:103 - End integrity checks thread
2024-05-21 10:17:01,175 [INFO] WebApp:780 - Register for checkConnection events
2024-05-21 10:17:01,175 [INFO] WebApp:414 - Apply proxy settings
2024-05-21 10:17:01,175 [INFO] WebApp:499 - Chromium requires no authentication
2024-05-21 10:17:01,184 [INFO] WebApp:442 - Direct internet connection detected
2024-05-21 10:17:01,394 [INFO] WebApp:192 - Starting web application
2024-05-21 10:17:01,394 [INFO] WebApp:544 - Web application path used C:\ST\STM32CubeIDE_1.9.0\STM32CubeIDE\plugins\com.st.stm32cube.common.mx_6.10.0.202311202037\db\plugins\mcufinder\reactClient1\index.html
2024-05-21 10:17:01,815 [ERROR] LogOutputStream:75 - [STDERR_REDIRECT] May 21, 2024 10:17:01 AM org.glassfish.grizzly.http.server.NetworkListener start
2024-05-21 10:17:01,816 [ERROR] LogOutputStream:75 - [STDERR_REDIRECT] INFO: Started listener bound to [localhost:1593]
2024-05-21 10:17:01,816 [ERROR] LogOutputStream:75 - [STDERR_REDIRECT] 
2024-05-21 10:17:01,817 [ERROR] LogOutputStream:75 - [STDERR_REDIRECT] May 21, 2024 10:17:01 AM org.glassfish.grizzly.http.server.HttpServer start
2024-05-21 10:17:01,818 [ERROR] LogOutputStream:75 - [STDERR_REDIRECT] INFO: [HttpServer] Started.
2024-05-21 10:17:01,818 [ERROR] LogOutputStream:75 - [STDERR_REDIRECT] 
2024-05-21 17:07:01,749 [ERROR] LogOutputStream:75 - [STDERR_REDIRECT] 
2024-05-21 17:07:01,751 [ERROR] LogOutputStream:75 - [STDERR_REDIRECT] 
