2024-03-26 09:48:16,990 [INFO] Activator:176 - 


2024-03-26 09:48:16,999 [INFO] Activator:177 - !SESSION log4j initialized
2024-03-26 09:48:33,856 [INFO] LogOutputStream:77 - [STDOUT_REDIRECT] 
2024-03-26 09:48:35,189 [INFO] ApplicationProperties:184 - Using Application install path: C:\ST\STM32CubeIDE_1.9.0\STM32CubeIDE\plugins\com.st.stm32cube.common.mx_6.10.0.202311202037
2024-03-26 09:48:35,214 [INFO] DbMcusXml:78 - Set database path to: C:\ST\STM32CubeIDE_1.9.0\STM32CubeIDE\plugins\com.st.stm32cube.common.mx_6.10.0.202311202037\\db\/mcu/
2024-03-26 09:48:35,215 [INFO] ApiDb:274 - Set plugin database path to: C:\ST\STM32CubeIDE_1.9.0\STM32CubeIDE\plugins\com.st.stm32cube.common.mx_6.10.0.202311202037\\db\/plugins/boardmanager/
2024-03-26 09:48:35,215 [WARN] ApiDb:259 - Overriding images path with different value:  => C:\ST\STM32CubeIDE_1.9.0\STM32CubeIDE\plugins\com.st.stm32cube.common.mx_6.10.0.202311202037\\db\/plugins/mcufinder/images/
2024-03-26 09:48:35,224 [INFO] ApiDb:250 - Set database path to: C:\Users\sherd\.stmcufinder\plugins\mcufinder//mcu/
2024-03-26 09:48:35,226 [INFO] DbMcusAds:125 - Set database path to: C:\Users\sherd\.stmcufinder\plugins\mcufinder//mcu/
2024-03-26 09:48:35,228 [INFO] CrossReferenceDbSqlite:203 - Set database path to: C:\Users\sherd\.stmcufinder\plugins\mcufinder//mcu/cs/
2024-03-26 09:48:35,374 [INFO] RulesReader:64 - Compatibility file has been processed (297 Rules)
2024-03-26 09:48:35,470 [INFO] DbMcusXml:78 - Set database path to: C:\ST\STM32CubeIDE_1.9.0\STM32CubeIDE\plugins\com.st.stm32cube.common.mx_6.10.0.202311202037\\db\/mcu/
2024-03-26 09:48:35,471 [INFO] ApiDb:274 - Set plugin database path to: C:\ST\STM32CubeIDE_1.9.0\STM32CubeIDE\plugins\com.st.stm32cube.common.mx_6.10.0.202311202037\\db\/plugins/boardmanager/
2024-03-26 09:48:35,471 [INFO] ApiDb:261 - Set plugin images path to: C:\ST\STM32CubeIDE_1.9.0\STM32CubeIDE\plugins\com.st.stm32cube.common.mx_6.10.0.202311202037\\db\/plugins/mcufinder/images/
2024-03-26 09:48:35,471 [WARN] DbFile:41 - Overriding database path with different value: C:\Users\sherd\.stmcufinder\plugins\mcufinder/ => C:\Users\sherd\.stmcufinder\plugins\mcufinder
2024-03-26 09:48:35,471 [INFO] ApiDb:250 - Set database path to: C:\Users\sherd\.stmcufinder\plugins\mcufinder//mcu/
2024-03-26 09:48:35,472 [WARN] DbFile:41 - Overriding database path with different value: C:\Users\sherd\.stmcufinder\plugins\mcufinder/ => C:\Users\sherd\.stmcufinder\plugins\mcufinder
2024-03-26 09:48:35,472 [INFO] DbMcusAds:125 - Set database path to: C:\Users\sherd\.stmcufinder\plugins\mcufinder//mcu/
2024-03-26 09:48:35,472 [WARN] DbFile:41 - Overriding database path with different value: C:\Users\sherd\.stmcufinder\plugins\mcufinder/ => C:\Users\sherd\.stmcufinder\plugins\mcufinder
2024-03-26 09:48:35,472 [WARN] DbFile:41 - Overriding database path with different value: C:\Users\sherd\.stmcufinder\plugins\mcufinder/ => C:\Users\sherd\.stmcufinder\plugins\mcufinder
2024-03-26 09:48:35,472 [INFO] CrossReferenceDbSqlite:203 - Set database path to: C:\Users\sherd\.stmcufinder\plugins\mcufinder//mcu/cs/
2024-03-26 09:48:35,590 [INFO] MainPanel:264 - HeapMemory: 268435456
2024-03-26 09:48:35,727 [INFO] DbMcusXml:78 - Set database path to: C:\ST\STM32CubeIDE_1.9.0\STM32CubeIDE\plugins\com.st.stm32cube.common.mx_6.10.0.202311202037\\db\/mcu/
2024-03-26 09:48:35,727 [INFO] ApiDb:274 - Set plugin database path to: C:\ST\STM32CubeIDE_1.9.0\STM32CubeIDE\plugins\com.st.stm32cube.common.mx_6.10.0.202311202037\\db\/plugins/boardmanager/
2024-03-26 09:48:35,727 [INFO] ApiDb:261 - Set plugin images path to: C:\ST\STM32CubeIDE_1.9.0\STM32CubeIDE\plugins\com.st.stm32cube.common.mx_6.10.0.202311202037\\db\/plugins/mcufinder/images/
2024-03-26 09:48:35,728 [WARN] DbFile:41 - Overriding database path with different value: C:\Users\sherd\.stmcufinder\plugins\mcufinder/ => C:\Users\sherd\.stmcufinder\plugins\mcufinder
2024-03-26 09:48:35,728 [INFO] ApiDb:250 - Set database path to: C:\Users\sherd\.stmcufinder\plugins\mcufinder//mcu/
2024-03-26 09:48:35,728 [WARN] DbFile:41 - Overriding database path with different value: C:\Users\sherd\.stmcufinder\plugins\mcufinder/ => C:\Users\sherd\.stmcufinder\plugins\mcufinder
2024-03-26 09:48:35,728 [INFO] DbMcusAds:125 - Set database path to: C:\Users\sherd\.stmcufinder\plugins\mcufinder//mcu/
2024-03-26 09:48:35,728 [WARN] DbFile:41 - Overriding database path with different value: C:\Users\sherd\.stmcufinder\plugins\mcufinder/ => C:\Users\sherd\.stmcufinder\plugins\mcufinder
2024-03-26 09:48:35,729 [WARN] DbFile:41 - Overriding database path with different value: C:\Users\sherd\.stmcufinder\plugins\mcufinder/ => C:\Users\sherd\.stmcufinder\plugins\mcufinder
2024-03-26 09:48:35,729 [INFO] CrossReferenceDbSqlite:203 - Set database path to: C:\Users\sherd\.stmcufinder\plugins\mcufinder//mcu/cs/
2024-03-26 09:48:35,755 [INFO] ApplicationProperties:184 - Using Application install path: C:\ST\STM32CubeIDE_1.9.0\STM32CubeIDE\plugins\com.st.stm32cube.common.mx_6.10.0.202311202037
2024-03-26 09:48:35,757 [INFO] PluginManage:196 - Search for loadable plugins [exclusion list=, ]
2024-03-26 09:48:35,759 [INFO] PluginManage:310 - Check plugin analytics
2024-03-26 09:48:36,045 [INFO] AnalyticsPlugin:253 - Accepted Software Licenses: 
2024-03-26 09:48:36,046 [INFO] AnalyticsPlugin:255 - Accepted CMSIS Pack Licenses: 
2024-03-26 09:48:36,046 [INFO] AnalyticsPlugin:257 - Accepted Firmware Licenses: 
2024-03-26 09:48:36,049 [INFO] PluginManage:359 - Loaded plugin analytics (category:tool,tabindex:-1)
2024-03-26 09:48:36,049 [INFO] PluginManage:310 - Check plugin cadmodel
2024-03-26 09:48:36,057 [INFO] CADModel:105 - Init CAD model plugin
2024-03-26 09:48:36,057 [INFO] PluginManage:359 - Loaded plugin cadmodel (category:power,tabindex:5)
2024-03-26 09:48:36,057 [INFO] PluginManage:310 - Check plugin clock
2024-03-26 09:48:36,073 [INFO] PluginManage:359 - Loaded plugin clock (category:base,tabindex:2)
2024-03-26 09:48:36,073 [INFO] PluginManage:310 - Check plugin ddr
2024-03-26 09:48:36,076 [INFO] PluginManage:359 - Loaded plugin ddr (category:tool,tabindex:6)
2024-03-26 09:48:36,076 [INFO] PluginManage:310 - Check plugin filemanager
2024-03-26 09:48:36,267 [INFO] PluginManage:359 - Loaded plugin filemanager (category:base,tabindex:10)
2024-03-26 09:48:36,267 [INFO] PluginManage:310 - Check plugin ipmanager
2024-03-26 09:48:36,276 [INFO] PluginManage:359 - Loaded plugin ipmanager (category:base,tabindex:5)
2024-03-26 09:48:36,276 [INFO] PluginManage:310 - Check plugin lpbam
2024-03-26 09:48:36,287 [INFO] PluginManage:359 - Loaded plugin lpbam (category:base,tabindex:0)
2024-03-26 09:48:36,287 [INFO] PluginManage:310 - Check plugin memorymap
2024-03-26 09:48:36,304 [INFO] PluginManage:359 - Loaded plugin memorymap (category:base,tabindex:4)
2024-03-26 09:48:36,304 [INFO] PluginManage:310 - Check plugin pinoutandconfiguration
2024-03-26 09:48:36,314 [INFO] PluginManage:359 - Loaded plugin pinoutandconfiguration (category:base,tabindex:1)
2024-03-26 09:48:36,314 [INFO] PluginManage:310 - Check plugin pinoutconfig
2024-03-26 09:48:36,424 [WARN] SupportedApi:132 - Cannot load RTOS API schema: s4s-elt-must-match.1: The content of 'definitions' must match (annotation?, (simpleType | complexType)?, (unique | key | keyref)*)). A problem was found starting at: attribute.
2024-03-26 09:48:36,592 [INFO] PluginManage:359 - Loaded plugin pinoutconfig (category:base,tabindex:0)
2024-03-26 09:48:36,592 [INFO] PluginManage:310 - Check plugin power
2024-03-26 09:48:36,607 [INFO] PluginManage:359 - Loaded plugin power (category:power,tabindex:4)
2024-03-26 09:48:36,608 [INFO] PluginManage:310 - Check plugin projectmanager
2024-03-26 09:48:36,628 [INFO] PluginManage:359 - Loaded plugin projectmanager (category:projectmanager,tabindex:3)
2024-03-26 09:48:36,628 [INFO] PluginManage:310 - Check plugin thirdparty
2024-03-26 09:48:36,840 [INFO] PluginManage:359 - Loaded plugin thirdparty (category:base,tabindex:-1)
2024-03-26 09:48:36,840 [WARN] IntegrityCheckThread:84 - waiting for thirdparty lock release [integrity check]
2024-03-26 09:48:36,841 [INFO] PluginManage:310 - Check plugin tools
2024-03-26 09:48:36,841 [INFO] IntegrityCheckThread:86 - entering critical section [integrity check]
2024-03-26 09:48:36,841 [INFO] ThirdPartyUpdaterWithRetryManager:70 - Updater plugin not ready yet. [1/15]
2024-03-26 09:48:36,845 [INFO] PluginManage:359 - Loaded plugin tools (category:base,tabindex:7)
2024-03-26 09:48:36,845 [INFO] PluginManage:310 - Check plugin tutovideos
2024-03-26 09:48:37,148 [INFO] PluginManage:359 - Loaded plugin tutovideos (category:base,tabindex:-1)
2024-03-26 09:48:37,148 [INFO] PluginManage:310 - Check plugin updater
2024-03-26 09:48:37,164 [INFO] PluginManage:359 - Loaded plugin updater (category:base,tabindex:12)
2024-03-26 09:48:37,164 [INFO] PluginManage:310 - Check plugin userauth
2024-03-26 09:48:37,172 [INFO] UserAuth:114 - Init User Auth plugin
2024-03-26 09:48:37,172 [INFO] PluginManage:359 - Loaded plugin userauth (category:base,tabindex:14)
2024-03-26 09:48:37,173 [INFO] PluginManage:283 - PluginManage : Loaded plugins [17]
2024-03-26 09:48:37,435 [INFO] PinOutPanel:1499 - setPackage(No Configuration,No Configuration)
2024-03-26 09:48:37,536 [INFO] CADModel:165 - CPN selected for project level
2024-03-26 09:48:37,537 [INFO] CADModel:114 - Register for checkConnection events
2024-03-26 09:48:37,559 [INFO] IPUIPlugin:80 - create IPUIPlugin
2024-03-26 09:48:37,559 [INFO] PluginManager:220 - loadIPPluginJar : add adc
2024-03-26 09:48:37,563 [INFO] IPUIPlugin:80 - create IPUIPlugin
2024-03-26 09:48:37,563 [INFO] PluginManager:220 - loadIPPluginJar : add aes
2024-03-26 09:48:37,567 [INFO] IPUIPlugin:80 - create IPUIPlugin
2024-03-26 09:48:37,567 [INFO] PluginManager:220 - loadIPPluginJar : add can
2024-03-26 09:48:37,570 [INFO] IPUIPlugin:80 - create IPUIPlugin
2024-03-26 09:48:37,570 [INFO] PluginManager:220 - loadIPPluginJar : add comp
2024-03-26 09:48:37,574 [INFO] IPUIPlugin:80 - create IPUIPlugin
2024-03-26 09:48:37,574 [INFO] PluginManager:220 - loadIPPluginJar : add cryp
2024-03-26 09:48:37,579 [INFO] IPUIPlugin:80 - create IPUIPlugin
2024-03-26 09:48:37,579 [INFO] PluginManager:220 - loadIPPluginJar : add dfsdm
2024-03-26 09:48:37,587 [INFO] IPUIPlugin:80 - create IPUIPlugin
2024-03-26 09:48:37,588 [INFO] PluginManager:220 - loadIPPluginJar : add dma
2024-03-26 09:48:37,592 [INFO] IPUIPlugin:80 - create IPUIPlugin
2024-03-26 09:48:37,592 [INFO] PluginManager:220 - loadIPPluginJar : add dma3
2024-03-26 09:48:37,594 [INFO] IPUIPlugin:80 - create IPUIPlugin
2024-03-26 09:48:37,594 [INFO] PluginManager:220 - loadIPPluginJar : add fatfs
2024-03-26 09:48:37,600 [INFO] IPUIPlugin:80 - create IPUIPlugin
2024-03-26 09:48:37,600 [INFO] PluginManager:220 - loadIPPluginJar : add fmc
2024-03-26 09:48:37,607 [INFO] IPUIPlugin:80 - create IPUIPlugin
2024-03-26 09:48:37,607 [INFO] PluginManager:220 - loadIPPluginJar : add freertos
2024-03-26 09:48:37,609 [INFO] IPUIPlugin:80 - create IPUIPlugin
2024-03-26 09:48:37,609 [INFO] PluginManager:220 - loadIPPluginJar : add genericplugin
2024-03-26 09:48:37,613 [INFO] IPUIPlugin:80 - create IPUIPlugin
2024-03-26 09:48:37,614 [INFO] PluginManager:220 - loadIPPluginJar : add gfxmmu
2024-03-26 09:48:37,620 [INFO] IPUIPlugin:80 - create IPUIPlugin
2024-03-26 09:48:37,620 [INFO] PluginManager:220 - loadIPPluginJar : add gic
2024-03-26 09:48:37,626 [INFO] IPUIPlugin:80 - create IPUIPlugin
2024-03-26 09:48:37,626 [INFO] PluginManager:220 - loadIPPluginJar : add gpio
2024-03-26 09:48:37,630 [INFO] IPUIPlugin:80 - create IPUIPlugin
2024-03-26 09:48:37,631 [INFO] PluginManager:220 - loadIPPluginJar : add gtzc
2024-03-26 09:48:37,634 [INFO] IPUIPlugin:80 - create IPUIPlugin
2024-03-26 09:48:37,634 [INFO] PluginManager:220 - loadIPPluginJar : add hash
2024-03-26 09:48:37,639 [INFO] IPUIPlugin:80 - create IPUIPlugin
2024-03-26 09:48:37,639 [INFO] PluginManager:220 - loadIPPluginJar : add i2c
2024-03-26 09:48:37,643 [INFO] IPUIPlugin:80 - create IPUIPlugin
2024-03-26 09:48:37,643 [INFO] PluginManager:220 - loadIPPluginJar : add i2s
2024-03-26 09:48:37,648 [INFO] IPUIPlugin:80 - create IPUIPlugin
2024-03-26 09:48:37,648 [INFO] PluginManager:220 - loadIPPluginJar : add i3c
2024-03-26 09:48:37,653 [INFO] IPUIPlugin:80 - create IPUIPlugin
2024-03-26 09:48:37,653 [INFO] PluginManager:220 - loadIPPluginJar : add ipddr
2024-03-26 09:48:37,664 [INFO] IPUIPlugin:80 - create IPUIPlugin
2024-03-26 09:48:37,664 [INFO] PluginManager:220 - loadIPPluginJar : add linkedlist
2024-03-26 09:48:37,668 [INFO] IPUIPlugin:80 - create IPUIPlugin
2024-03-26 09:48:37,668 [INFO] PluginManager:220 - loadIPPluginJar : add lorawan
2024-03-26 09:48:37,671 [INFO] IPUIPlugin:80 - create IPUIPlugin
2024-03-26 09:48:37,671 [INFO] PluginManager:220 - loadIPPluginJar : add ltdc
2024-03-26 09:48:37,679 [INFO] IPUIPlugin:80 - create IPUIPlugin
2024-03-26 09:48:37,680 [INFO] PluginManager:220 - loadIPPluginJar : add mdma
2024-03-26 09:48:37,686 [INFO] IPUIPlugin:80 - create IPUIPlugin
2024-03-26 09:48:37,686 [INFO] PluginManager:220 - loadIPPluginJar : add nvic
2024-03-26 09:48:37,691 [INFO] IPUIPlugin:80 - create IPUIPlugin
2024-03-26 09:48:37,691 [INFO] PluginManager:220 - loadIPPluginJar : add opamp
2024-03-26 09:48:37,697 [INFO] IPUIPlugin:80 - create IPUIPlugin
2024-03-26 09:48:37,697 [INFO] PluginManager:220 - loadIPPluginJar : add openamp
2024-03-26 09:48:37,703 [INFO] IPUIPlugin:80 - create IPUIPlugin
2024-03-26 09:48:37,703 [INFO] PluginManager:220 - loadIPPluginJar : add pdm2pcm
2024-03-26 09:48:37,713 [INFO] IPUIPlugin:80 - create IPUIPlugin
2024-03-26 09:48:37,727 [INFO] PluginManager:220 - loadIPPluginJar : add plateformsettings
2024-03-26 09:48:37,731 [INFO] IPUIPlugin:80 - create IPUIPlugin
2024-03-26 09:48:37,731 [INFO] PluginManager:220 - loadIPPluginJar : add quadspi
2024-03-26 09:48:37,738 [INFO] IPUIPlugin:80 - create IPUIPlugin
2024-03-26 09:48:37,738 [INFO] PluginManager:220 - loadIPPluginJar : add resmgrutility
2024-03-26 09:48:37,742 [INFO] IPUIPlugin:80 - create IPUIPlugin
2024-03-26 09:48:37,742 [INFO] PluginManager:220 - loadIPPluginJar : add sai
2024-03-26 09:48:37,746 [INFO] IPUIPlugin:80 - create IPUIPlugin
2024-03-26 09:48:37,747 [INFO] PluginManager:220 - loadIPPluginJar : add spi
2024-03-26 09:48:37,754 [INFO] IPUIPlugin:80 - create IPUIPlugin
2024-03-26 09:48:37,754 [INFO] PluginManager:220 - loadIPPluginJar : add stm32_wpan
2024-03-26 09:48:37,757 [INFO] IPUIPlugin:80 - create IPUIPlugin
2024-03-26 09:48:37,757 [INFO] PluginManager:220 - loadIPPluginJar : add tim
2024-03-26 09:48:37,762 [INFO] IPUIPlugin:80 - create IPUIPlugin
2024-03-26 09:48:37,762 [INFO] PluginManager:220 - loadIPPluginJar : add touchsensing
2024-03-26 09:48:37,766 [INFO] IPUIPlugin:80 - create IPUIPlugin
2024-03-26 09:48:37,766 [INFO] PluginManager:220 - loadIPPluginJar : add tracer_emb
2024-03-26 09:48:37,770 [INFO] IPUIPlugin:80 - create IPUIPlugin
2024-03-26 09:48:37,770 [INFO] PluginManager:220 - loadIPPluginJar : add ts
2024-03-26 09:48:37,773 [INFO] IPUIPlugin:80 - create IPUIPlugin
2024-03-26 09:48:37,773 [INFO] PluginManager:220 - loadIPPluginJar : add tsc
2024-03-26 09:48:37,776 [INFO] IPUIPlugin:80 - create IPUIPlugin
2024-03-26 09:48:37,777 [INFO] PluginManager:220 - loadIPPluginJar : add ucpd
2024-03-26 09:48:37,782 [INFO] IPUIPlugin:80 - create IPUIPlugin
2024-03-26 09:48:37,782 [INFO] PluginManager:220 - loadIPPluginJar : add usart
2024-03-26 09:48:37,787 [INFO] IPUIPlugin:80 - create IPUIPlugin
2024-03-26 09:48:37,788 [INFO] PluginManager:220 - loadIPPluginJar : add usbx
2024-03-26 09:48:37,957 [INFO] CADModel:165 - CPN selected for project level
2024-03-26 09:48:37,957 [INFO] CADModel:114 - Register for checkConnection events
2024-03-26 09:48:37,958 [FATAL] Updater:308 - Updater called before beeing initialized
2024-03-26 09:48:37,958 [ERROR] CADModel:125 - Updater not yet initialized, retry later 
2024-03-26 09:48:38,149 [INFO] CADModel:165 - CPN selected for project level
2024-03-26 09:48:38,149 [INFO] CADModel:114 - Register for checkConnection events
2024-03-26 09:48:38,149 [FATAL] Updater:308 - Updater called before beeing initialized
2024-03-26 09:48:38,149 [ERROR] CADModel:125 - Updater not yet initialized, retry later 
2024-03-26 09:48:38,152 [FATAL] Updater:308 - Updater called before beeing initialized
2024-03-26 09:48:38,296 [FATAL] Updater:308 - Updater called before beeing initialized
2024-03-26 09:48:38,311 [INFO] DbMcusAds:53 - JSON generation date=Wed Nov 29 15:52:27 PKT 2023 (1701255147349)
2024-03-26 09:48:38,311 [FATAL] Updater:308 - Updater called before beeing initialized
2024-03-26 09:48:38,364 [WARN] DetailPanel:346 - Failed to get advertising image, set to default
2024-03-26 09:48:38,471 [FATAL] Updater:308 - Updater called before beeing initialized
2024-03-26 09:48:38,473 [FATAL] Updater:308 - Updater called before beeing initialized
2024-03-26 09:48:38,473 [FATAL] Updater:308 - Updater called before beeing initialized
2024-03-26 09:48:38,473 [WARN] DetailPanel:346 - Failed to get advertising image, set to default
2024-03-26 09:48:38,474 [FATAL] Updater:308 - Updater called before beeing initialized
2024-03-26 09:48:38,546 [ERROR] Updater:1120 - MainUpdater not yet initialized. External WinMGr cannot be set.
2024-03-26 09:48:38,549 [INFO] Updater:1056 - Updater Version found : 6.10.0
2024-03-26 09:48:38,575 [INFO] ApplicationProperties:184 - Using Application install path: C:\ST\STM32CubeIDE_1.9.0\STM32CubeIDE\plugins\com.st.stm32cube.common.mx_6.10.0.202311202037
2024-03-26 09:48:39,842 [INFO] ThirdPartyUpdaterWithRetryManager:70 - Updater plugin not ready yet. [2/15]
2024-03-26 09:48:40,163 [ERROR] LogOutputStream:75 - [STDERR_REDIRECT] Mar 26, 2024 9:48:40 AM java.util.prefs.WindowsPreferences <init>
2024-03-26 09:48:40,166 [ERROR] LogOutputStream:75 - [STDERR_REDIRECT] WARNING: Could not open/create prefs root node Software\JavaSoft\Prefs at root 0xffffffff80000002. Windows RegCreateKeyEx(...) returned error code 5.
2024-03-26 09:48:40,166 [ERROR] LogOutputStream:75 - [STDERR_REDIRECT] 
2024-03-26 09:48:41,545 [INFO] MainUpdater:2873 - connection check result : 10
2024-03-26 09:48:41,546 [INFO] MainUpdater:290 - Updater Check For Update Now.
2024-03-26 09:48:41,546 [INFO] MicroXplorer:498 - Change Database Version : DB.6.0.100
2024-03-26 09:48:41,554 [INFO] McuFinderGlobals:63 - Set McuFinder mode to 2 (CubeIDE integrated)
2024-03-26 09:48:41,569 [INFO] UserAuth:404 - Internet connection configuration mode: 1
2024-03-26 09:48:41,611 [INFO] JxBrowserEngine:152 - Initiate JxBrowser Engine with user profile folder
2024-03-26 09:48:41,772 [INFO] CheckServerUpdateThread:120 - End of CheckServer Thread
2024-03-26 09:48:43,140 [WARN] PackLoader:240 - Cannot read IP mode file for STMicroelectronics.X-CUBE-SMBUS.2.1.0
2024-03-26 09:48:43,165 [WARN] PackLoader:240 - Cannot read IP mode file for STMicroelectronics.X-CUBE-TOUCHGFX.4.23.0
2024-03-26 09:48:43,370 [WARN] PackLoader:240 - Cannot read IP mode file for STMicroelectronics.X-CUBE-MEMS1.9.2.0
2024-03-26 09:48:43,656 [WARN] PackLoader:240 - Cannot read IP mode file for STMicroelectronics.X-CUBE-AZRTOS-F7.1.1.0
2024-03-26 09:48:43,680 [WARN] PackLoader:240 - Cannot read IP mode file for STMicroelectronics.X-CUBE-AI.7.1.0
2024-03-26 09:48:43,693 [WARN] PackLoader:240 - Cannot read IP mode file for STMicroelectronics.X-CUBE-TOUCHGFX.4.19.1
2024-03-26 09:48:43,711 [WARN] PackLoader:240 - Cannot read IP mode file for STMicroelectronics.FP-SNS-MOTENV1.4.3.2
2024-03-26 09:48:43,727 [WARN] PackLoader:240 - Cannot read IP mode file for STMicroelectronics.X-CUBE-BLE1.6.2.3
2024-03-26 09:48:43,742 [WARN] PackLoader:240 - Cannot read IP mode file for STMicroelectronics.FP-SNS-FLIGHT1.5.0.2
2024-03-26 09:48:43,758 [WARN] PackLoader:240 - Cannot read IP mode file for STMicroelectronics.X-CUBE-BLE2.3.2.2
2024-03-26 09:48:43,782 [WARN] PackLoader:240 - Cannot read IP mode file for STMicroelectronics.X-CUBE-TOF1.3.1.0
2024-03-26 09:48:43,812 [WARN] PackLoader:240 - Cannot read IP mode file for STMicroelectronics.X-CUBE-DISPLAY.3.0.0
2024-03-26 09:48:43,833 [WARN] PackLoader:240 - Cannot read IP mode file for STMicroelectronics.X-CUBE-BLE1.7.0.0
2024-03-26 09:48:43,848 [WARN] PackLoader:240 - Cannot read IP mode file for STMicroelectronics.X-CUBE-TOUCHGFX.4.22.0
2024-03-26 09:48:43,918 [WARN] PackLoader:240 - Cannot read IP mode file for STMicroelectronics.X-CUBE-MEMS1.9.3.0
2024-03-26 09:48:44,084 [WARN] PackLoader:240 - Cannot read IP mode file for STMicroelectronics.X-CUBE-AI.7.2.0
2024-03-26 09:48:44,108 [WARN] PackLoader:240 - Cannot read IP mode file for STMicroelectronics.X-CUBE-BLEMGR.3.1.0
2024-03-26 09:48:44,131 [WARN] PackLoader:240 - Cannot read IP mode file for STMicroelectronics.FP-SNS-SMARTAG2.1.2.0
2024-03-26 09:48:44,155 [INFO] LogOutputStream:77 - [STDOUT_REDIRECT] 1 : Invalid condition id : UX_CORESTACK_Condition cause : null
2024-03-26 09:48:44,156 [INFO] LogOutputStream:77 - [STDOUT_REDIRECT] 1 : Invalid condition id : UX_CORESTACK_Condition cause : null
2024-03-26 09:48:44,158 [INFO] LogOutputStream:77 - [STDOUT_REDIRECT] 1 : Invalid condition id : UX_CORESTACK_Condition cause : null
2024-03-26 09:48:44,160 [INFO] LogOutputStream:77 - [STDOUT_REDIRECT] 1 : Invalid condition id : UX_CORESTACK_Condition cause : null
2024-03-26 09:48:44,163 [INFO] LogOutputStream:77 - [STDOUT_REDIRECT] 1 : Invalid condition id : UX_CORESTACK_Condition cause : null
2024-03-26 09:48:44,167 [WARN] PackLoader:240 - Cannot read IP mode file for STMicroelectronics.X-CUBE-AZRTOS-WL.2.0.0
2024-03-26 09:48:44,191 [WARN] PackLoader:240 - Cannot read IP mode file for WES.I-CUBE-Cesium.1.3.0
2024-03-26 09:48:44,211 [WARN] PackLoader:240 - Cannot read IP mode file for STMicroelectronics.X-CUBE-BLE2.3.3.0
2024-03-26 09:48:44,245 [WARN] PackLoader:240 - Cannot read IP mode file for STMicroelectronics.X-CUBE-DISPLAY.2.2.0
2024-03-26 09:48:44,281 [WARN] PackLoader:240 - Cannot read IP mode file for STMicroelectronics.X-CUBE-TOF1.3.2.0
2024-03-26 09:48:44,315 [WARN] PackLoader:240 - Cannot read IP mode file for STMicroelectronics.X-CUBE-ISPU.1.0.0
2024-03-26 09:48:44,372 [WARN] PackLoader:240 - Cannot read IP mode file for STMicroelectronics.X-CUBE-AZRTOS-H7.2.1.0
2024-03-26 09:48:44,390 [WARN] PackLoader:240 - Cannot read IP mode file for STMicroelectronics.X-CUBE-AI.7.3.0
2024-03-26 09:48:44,404 [WARN] PackLoader:240 - Cannot read IP mode file for STMicroelectronics.X-CUBE-ALGOBUILD.1.3.0
2024-03-26 09:48:44,443 [WARN] PackLoader:240 - Cannot read IP mode file for STMicroelectronics.X-CUBE-AZRTOS-G0.1.1.0
2024-03-26 09:48:44,461 [WARN] PackLoader:240 - Cannot read IP mode file for STMicroelectronics.X-CUBE-NFC4.3.0.0
2024-03-26 09:48:44,521 [WARN] PackLoader:240 - Cannot read IP mode file for SEGGER.I-CUBE-embOS.1.2.0
2024-03-26 09:48:44,576 [WARN] PackLoader:240 - Cannot read IP mode file for STMicroelectronics.FP-ATR-SIGFOX1.3.2.0
2024-03-26 09:48:44,594 [WARN] PackLoader:240 - Cannot read IP mode file for STMicroelectronics.X-CUBE-EEPRMA1.5.1.0
2024-03-26 09:48:44,614 [WARN] PackLoader:240 - Cannot read IP mode file for emotas.I-CUBE-CANOPEN.1.1.2
2024-03-26 09:48:44,629 [WARN] PackLoader:240 - Cannot read IP mode file for STMicroelectronics.X-CUBE-TOUCHGFX.4.20.0
2024-03-26 09:48:44,681 [WARN] PackLoader:240 - Cannot read IP mode file for SEGGER.I-CUBE-embOS.1.3.1
2024-03-26 09:48:44,744 [WARN] PackLoader:240 - Cannot read IP mode file for STMicroelectronics.X-CUBE-TOF1.3.0.0
2024-03-26 09:48:44,761 [WARN] PackLoader:240 - Cannot read IP mode file for STMicroelectronics.X-CUBE-GNSS1.6.0.0
2024-03-26 09:48:44,798 [WARN] PackLoader:240 - Cannot read IP mode file for STMicroelectronics.X-CUBE-AZRTOS-F4.1.1.0
2024-03-26 09:48:44,817 [WARN] PackLoader:240 - Cannot read IP mode file for STMicroelectronics.X-CUBE-BLEMGR.1.2.0
2024-03-26 09:48:44,852 [WARN] PackLoader:240 - Cannot read IP mode file for STMicroelectronics.X-CUBE-AZRTOS-L5.2.0.0
2024-03-26 09:48:44,936 [WARN] PackLoader:240 - Cannot read IP mode file for STMicroelectronics.X-CUBE-MEMS1.9.6.0
2024-03-26 09:48:45,225 [WARN] PackLoader:240 - Cannot read IP mode file for STMicroelectronics.X-CUBE-NFC6.3.1.0
2024-03-26 09:48:45,243 [WARN] PackLoader:240 - Cannot read IP mode file for ITTIA_DB.I-CUBE-ITTIADB.8.8.0
2024-03-26 09:48:45,260 [WARN] PackLoader:240 - Cannot read IP mode file for STMicroelectronics.X-CUBE-BLEMGR.2.0.0
2024-03-26 09:48:45,280 [WARN] PackLoader:240 - Cannot read IP mode file for STMicroelectronics.X-CUBE-NFC4.2.0.4
2024-03-26 09:48:45,327 [WARN] ConditionMgr:438 - getConditionDescription Invalid condition id : UX DEVICE CLASS RTOS Condition cause : null
2024-03-26 09:48:45,327 [WARN] ConditionMgr:438 - getConditionDescription Invalid condition id : UX DEVICE CLASS RTOS Condition cause : null
2024-03-26 09:48:45,331 [WARN] PackLoader:240 - Cannot read IP mode file for STMicroelectronics.X-CUBE-AZRTOS-H7.3.1.0
2024-03-26 09:48:45,333 [WARN] ConditionMgr:1039 - genDependencies : Invalid condition id : UX DEVICE CLASS RTOS Condition cause : null
2024-03-26 09:48:45,333 [WARN] ConditionMgr:1039 - genDependencies : Invalid condition id : UX DEVICE CLASS RTOS Condition cause : null
2024-03-26 09:48:45,334 [WARN] ConditionMgr:1039 - genDependencies : Invalid condition id : UX DEVICE CLASS RTOS Condition cause : null
2024-03-26 09:48:45,334 [WARN] ConditionMgr:1039 - genDependencies : Invalid condition id : UX DEVICE CLASS RTOS Condition cause : null
2024-03-26 09:48:45,334 [WARN] ConditionMgr:1039 - genDependencies : Invalid condition id : UX DEVICE CLASS RTOS Condition cause : null
2024-03-26 09:48:45,356 [WARN] PackLoader:240 - Cannot read IP mode file for STMicroelectronics.X-CUBE-SFXS2LP1.3.1.0
2024-03-26 09:48:45,427 [WARN] PackLoader:240 - Cannot read IP mode file for STMicroelectronics.X-CUBE-AZRTOS-F4.1.0.0
2024-03-26 09:48:45,479 [WARN] PackLoader:240 - Cannot read IP mode file for STMicroelectronics.X-CUBE-NFC7.1.0.1
2024-03-26 09:48:45,528 [WARN] PackLoader:240 - Cannot read IP mode file for STMicroelectronics.X-CUBE-NFC7.1.0.0
2024-03-26 09:48:45,584 [WARN] PackLoader:240 - Cannot read IP mode file for STMicroelectronics.X-CUBE-NFC6.3.0.0
2024-03-26 09:48:45,607 [WARN] PackLoader:240 - Cannot read IP mode file for STMicroelectronics.X-CUBE-EEPRMA1.4.1.0
2024-03-26 09:48:45,657 [WARN] PackLoader:240 - Cannot read IP mode file for STMicroelectronics.X-CUBE-AI.8.1.0
2024-03-26 09:48:45,715 [WARN] PackLoader:240 - Cannot read IP mode file for STMicroelectronics.X-CUBE-AZRTOS-G0.1.0.0
2024-03-26 09:48:45,774 [WARN] ConditionMgr:438 - getConditionDescription Invalid condition id : LAN8742 Phy interface Condition cause : null
2024-03-26 09:48:45,782 [WARN] PackLoader:240 - Cannot read IP mode file for STMicroelectronics.X-CUBE-AZRTOS-L4.2.0.0
2024-03-26 09:48:45,787 [WARN] ConditionMgr:1039 - genDependencies : Invalid condition id : LAN8742 Phy interface Condition cause : null
2024-03-26 09:48:45,789 [WARN] ConditionMgr:1039 - genDependencies : Invalid condition id : LAN8742 Phy interface Condition cause : null
2024-03-26 09:48:45,790 [WARN] ConditionMgr:1039 - genDependencies : Invalid condition id : LAN8742 Phy interface Condition cause : null
2024-03-26 09:48:45,793 [INFO] WebApp:161 - Instantiating new browser for Auth
2024-03-26 09:48:45,857 [WARN] PackLoader:240 - Cannot read IP mode file for STMicroelectronics.X-CUBE-SFXS2LP1.4.0.0
2024-03-26 09:48:45,923 [WARN] PackLoader:240 - Cannot read IP mode file for STMicroelectronics.X-CUBE-ISPU.1.1.0
2024-03-26 09:48:45,952 [WARN] PackLoader:240 - Cannot read IP mode file for RoweBots.I-CUBE-UNISONRTOS.5.5.0-4
2024-03-26 09:48:46,019 [WARN] ConditionMgr:438 - getConditionDescription Invalid condition id : UX DEVICE CLASS RTOS Condition cause : null
2024-03-26 09:48:46,020 [WARN] ConditionMgr:438 - getConditionDescription Invalid condition id : UX DEVICE CLASS RTOS Condition cause : null
2024-03-26 09:48:46,030 [WARN] PackLoader:240 - Cannot read IP mode file for STMicroelectronics.X-CUBE-AZRTOS-WB.2.0.0
2024-03-26 09:48:46,032 [WARN] ConditionMgr:1039 - genDependencies : Invalid condition id : UX DEVICE CLASS RTOS Condition cause : null
2024-03-26 09:48:46,033 [WARN] ConditionMgr:1039 - genDependencies : Invalid condition id : UX DEVICE CLASS RTOS Condition cause : null
2024-03-26 09:48:46,033 [WARN] ConditionMgr:1039 - genDependencies : Invalid condition id : UX DEVICE CLASS RTOS Condition cause : null
2024-03-26 09:48:46,034 [WARN] ConditionMgr:1039 - genDependencies : Invalid condition id : UX DEVICE CLASS RTOS Condition cause : null
2024-03-26 09:48:46,034 [WARN] ConditionMgr:1039 - genDependencies : Invalid condition id : UX DEVICE CLASS RTOS Condition cause : null
2024-03-26 09:48:46,084 [WARN] PackLoader:240 - Cannot read IP mode file for STMicroelectronics.X-CUBE-BLEMGR.1.0.0
2024-03-26 09:48:46,118 [WARN] PackLoader:240 - Cannot read IP mode file for STMicroelectronics.X-CUBE-SUBG2.5.0.0
2024-03-26 09:48:46,152 [WARN] PackLoader:240 - Cannot read IP mode file for STMicroelectronics.X-CUBE-TOF1.3.3.1
2024-03-26 09:48:46,256 [WARN] PackLoader:240 - Cannot read IP mode file for STMicroelectronics.X-CUBE-AZRTOS-G4.2.0.0
2024-03-26 09:48:46,348 [WARN] PackLoader:240 - Cannot read IP mode file for STMicroelectronics.FP-ATR-ASTRA1.1.1.1
2024-03-26 09:48:46,437 [WARN] PackLoader:240 - Cannot read IP mode file for Infineon.AIROC-Wi-Fi-Bluetooth-STM32.1.5.1
2024-03-26 09:48:46,521 [WARN] PackLoader:240 - Cannot read IP mode file for STMicroelectronics.FP-ATR-ASTRA1.1.1.0
2024-03-26 09:48:46,593 [WARN] PackLoader:240 - Cannot read IP mode file for STMicroelectronics.FP-SNS-MOTENVWB1.1.3.1
2024-03-26 09:48:46,652 [WARN] PackLoader:240 - Cannot read IP mode file for STMicroelectronics.X-CUBE-AZRTOS-G4.1.0.0
2024-03-26 09:48:46,683 [WARN] PackLoader:240 - Cannot read IP mode file for wolfSSL.I-CUBE-wolfSSL.5.3.0
2024-03-26 09:48:46,743 [WARN] PackLoader:240 - Cannot read IP mode file for STMicroelectronics.X-CUBE-AZRTOS-L4.1.0.0
2024-03-26 09:48:46,775 [WARN] PackLoader:240 - Cannot read IP mode file for STMicroelectronics.X-CUBE-ISPU.2.0.0
2024-03-26 09:48:46,926 [WARN] PackLoader:240 - Cannot read IP mode file for STMicroelectronics.X-CUBE-MEMS1.10.0.0
2024-03-26 09:48:47,163 [WARN] PackLoader:240 - Cannot read IP mode file for STMicroelectronics.X-CUBE-FREERTOS.1.1.0
2024-03-26 09:48:47,205 [WARN] PackLoader:240 - Cannot read IP mode file for STMicroelectronics.X-CUBE-AZRTOS-F7.1.0.0
2024-03-26 09:48:47,251 [WARN] PackLoader:240 - Cannot read IP mode file for STMicroelectronics.X-CUBE-AZRTOS-WL.1.0.0
2024-03-26 09:48:47,286 [WARN] PackLoader:240 - Cannot read IP mode file for portGmbH.I-Cube-SoM-uGOAL.1.1.0
2024-03-26 09:48:47,305 [WARN] PackLoader:240 - Cannot read IP mode file for STMicroelectronics.X-CUBE-ALS.1.0.1
2024-03-26 09:48:47,326 [INFO] WebApp:780 - Register for checkConnection events
2024-03-26 09:48:47,326 [INFO] WebApp:414 - Apply proxy settings
2024-03-26 09:48:47,326 [INFO] WebApp:499 - Chromium requires no authentication
2024-03-26 09:48:47,341 [WARN] PackLoader:240 - Cannot read IP mode file for STMicroelectronics.X-CUBE-AZRTOS-L5.1.0.0
2024-03-26 09:48:47,341 [INFO] WebApp:442 - Direct internet connection detected
2024-03-26 09:48:47,362 [WARN] PackLoader:240 - Cannot read IP mode file for STMicroelectronics.X-CUBE-EEPRMA1.3.1.1
2024-03-26 09:48:47,388 [WARN] PackLoader:240 - Cannot read IP mode file for STMicroelectronics.X-CUBE-GNSS1.5.2.0
2024-03-26 09:48:47,406 [WARN] PackLoader:240 - Cannot read IP mode file for STMicroelectronics.FP-ATR-ASTRA1.2.0.0
2024-03-26 09:48:47,440 [WARN] PackLoader:240 - Cannot read IP mode file for STMicroelectronics.X-CUBE-TOF1.3.4.1
2024-03-26 09:48:47,506 [WARN] PackLoader:240 - Cannot read IP mode file for STMicroelectronics.X-CUBE-AZRTOS-H7.3.2.0
2024-03-26 09:48:47,511 [INFO] ThirdParty:978 - Integrity check success = true
2024-03-26 09:48:47,511 [INFO] IntegrityCheckThread:100 - exiting critical section [integrity check]
2024-03-26 09:48:47,511 [INFO] IntegrityCheckThread:103 - End integrity checks thread
2024-03-26 09:48:47,728 [INFO] WebApp:192 - Starting web application
2024-03-26 09:48:47,729 [INFO] WebApp:544 - Web application path used C:\ST\STM32CubeIDE_1.9.0\STM32CubeIDE\plugins\com.st.stm32cube.common.mx_6.10.0.202311202037\db\plugins\mcufinder\reactClient1\index.html
2024-03-26 09:48:48,250 [ERROR] LogOutputStream:75 - [STDERR_REDIRECT] Mar 26, 2024 9:48:48 AM org.glassfish.grizzly.http.server.NetworkListener start
2024-03-26 09:48:48,253 [ERROR] LogOutputStream:75 - [STDERR_REDIRECT] INFO: Started listener bound to [localhost:1593]
2024-03-26 09:48:48,253 [ERROR] LogOutputStream:75 - [STDERR_REDIRECT] 
2024-03-26 09:48:48,255 [ERROR] LogOutputStream:75 - [STDERR_REDIRECT] Mar 26, 2024 9:48:48 AM org.glassfish.grizzly.http.server.HttpServer start
2024-03-26 09:48:48,255 [ERROR] LogOutputStream:75 - [STDERR_REDIRECT] INFO: [HttpServer] Started.
2024-03-26 09:48:48,256 [ERROR] LogOutputStream:75 - [STDERR_REDIRECT] 
2024-03-26 12:53:04,446 [ERROR] LogOutputStream:75 - [STDERR_REDIRECT] 
2024-03-26 12:53:04,448 [ERROR] LogOutputStream:75 - [STDERR_REDIRECT] 
2024-03-26 23:01:41,043 [INFO] Activator:176 - 


2024-03-26 23:01:41,046 [INFO] Activator:177 - !SESSION log4j initialized
2024-03-26 23:01:53,385 [INFO] LogOutputStream:77 - [STDOUT_REDIRECT] 
2024-03-26 23:01:54,400 [INFO] ApplicationProperties:184 - Using Application install path: C:\ST\STM32CubeIDE_1.9.0\STM32CubeIDE\plugins\com.st.stm32cube.common.mx_6.10.0.202311202037
2024-03-26 23:01:54,425 [INFO] DbMcusXml:78 - Set database path to: C:\ST\STM32CubeIDE_1.9.0\STM32CubeIDE\plugins\com.st.stm32cube.common.mx_6.10.0.202311202037\\db\/mcu/
2024-03-26 23:01:54,425 [INFO] ApiDb:274 - Set plugin database path to: C:\ST\STM32CubeIDE_1.9.0\STM32CubeIDE\plugins\com.st.stm32cube.common.mx_6.10.0.202311202037\\db\/plugins/boardmanager/
2024-03-26 23:01:54,425 [WARN] ApiDb:259 - Overriding images path with different value:  => C:\ST\STM32CubeIDE_1.9.0\STM32CubeIDE\plugins\com.st.stm32cube.common.mx_6.10.0.202311202037\\db\/plugins/mcufinder/images/
2024-03-26 23:01:54,435 [INFO] ApiDb:250 - Set database path to: C:\Users\sherd\.stmcufinder\plugins\mcufinder//mcu/
2024-03-26 23:01:54,437 [INFO] DbMcusAds:125 - Set database path to: C:\Users\sherd\.stmcufinder\plugins\mcufinder//mcu/
2024-03-26 23:01:54,440 [INFO] CrossReferenceDbSqlite:203 - Set database path to: C:\Users\sherd\.stmcufinder\plugins\mcufinder//mcu/cs/
2024-03-26 23:01:54,606 [INFO] RulesReader:64 - Compatibility file has been processed (297 Rules)
2024-03-26 23:01:54,697 [INFO] DbMcusXml:78 - Set database path to: C:\ST\STM32CubeIDE_1.9.0\STM32CubeIDE\plugins\com.st.stm32cube.common.mx_6.10.0.202311202037\\db\/mcu/
2024-03-26 23:01:54,697 [INFO] ApiDb:274 - Set plugin database path to: C:\ST\STM32CubeIDE_1.9.0\STM32CubeIDE\plugins\com.st.stm32cube.common.mx_6.10.0.202311202037\\db\/plugins/boardmanager/
2024-03-26 23:01:54,697 [INFO] ApiDb:261 - Set plugin images path to: C:\ST\STM32CubeIDE_1.9.0\STM32CubeIDE\plugins\com.st.stm32cube.common.mx_6.10.0.202311202037\\db\/plugins/mcufinder/images/
2024-03-26 23:01:54,697 [WARN] DbFile:41 - Overriding database path with different value: C:\Users\sherd\.stmcufinder\plugins\mcufinder/ => C:\Users\sherd\.stmcufinder\plugins\mcufinder
2024-03-26 23:01:54,698 [INFO] ApiDb:250 - Set database path to: C:\Users\sherd\.stmcufinder\plugins\mcufinder//mcu/
2024-03-26 23:01:54,698 [WARN] DbFile:41 - Overriding database path with different value: C:\Users\sherd\.stmcufinder\plugins\mcufinder/ => C:\Users\sherd\.stmcufinder\plugins\mcufinder
2024-03-26 23:01:54,698 [INFO] DbMcusAds:125 - Set database path to: C:\Users\sherd\.stmcufinder\plugins\mcufinder//mcu/
2024-03-26 23:01:54,698 [WARN] DbFile:41 - Overriding database path with different value: C:\Users\sherd\.stmcufinder\plugins\mcufinder/ => C:\Users\sherd\.stmcufinder\plugins\mcufinder
2024-03-26 23:01:54,698 [WARN] DbFile:41 - Overriding database path with different value: C:\Users\sherd\.stmcufinder\plugins\mcufinder/ => C:\Users\sherd\.stmcufinder\plugins\mcufinder
2024-03-26 23:01:54,698 [INFO] CrossReferenceDbSqlite:203 - Set database path to: C:\Users\sherd\.stmcufinder\plugins\mcufinder//mcu/cs/
2024-03-26 23:01:54,796 [INFO] MainPanel:264 - HeapMemory: 268435456
2024-03-26 23:01:54,913 [INFO] DbMcusXml:78 - Set database path to: C:\ST\STM32CubeIDE_1.9.0\STM32CubeIDE\plugins\com.st.stm32cube.common.mx_6.10.0.202311202037\\db\/mcu/
2024-03-26 23:01:54,913 [INFO] ApiDb:274 - Set plugin database path to: C:\ST\STM32CubeIDE_1.9.0\STM32CubeIDE\plugins\com.st.stm32cube.common.mx_6.10.0.202311202037\\db\/plugins/boardmanager/
2024-03-26 23:01:54,914 [INFO] ApiDb:261 - Set plugin images path to: C:\ST\STM32CubeIDE_1.9.0\STM32CubeIDE\plugins\com.st.stm32cube.common.mx_6.10.0.202311202037\\db\/plugins/mcufinder/images/
2024-03-26 23:01:54,914 [WARN] DbFile:41 - Overriding database path with different value: C:\Users\sherd\.stmcufinder\plugins\mcufinder/ => C:\Users\sherd\.stmcufinder\plugins\mcufinder
2024-03-26 23:01:54,914 [INFO] ApiDb:250 - Set database path to: C:\Users\sherd\.stmcufinder\plugins\mcufinder//mcu/
2024-03-26 23:01:54,914 [WARN] DbFile:41 - Overriding database path with different value: C:\Users\sherd\.stmcufinder\plugins\mcufinder/ => C:\Users\sherd\.stmcufinder\plugins\mcufinder
2024-03-26 23:01:54,914 [INFO] DbMcusAds:125 - Set database path to: C:\Users\sherd\.stmcufinder\plugins\mcufinder//mcu/
2024-03-26 23:01:54,914 [WARN] DbFile:41 - Overriding database path with different value: C:\Users\sherd\.stmcufinder\plugins\mcufinder/ => C:\Users\sherd\.stmcufinder\plugins\mcufinder
2024-03-26 23:01:54,914 [WARN] DbFile:41 - Overriding database path with different value: C:\Users\sherd\.stmcufinder\plugins\mcufinder/ => C:\Users\sherd\.stmcufinder\plugins\mcufinder
2024-03-26 23:01:54,915 [INFO] CrossReferenceDbSqlite:203 - Set database path to: C:\Users\sherd\.stmcufinder\plugins\mcufinder//mcu/cs/
2024-03-26 23:01:54,938 [INFO] ApplicationProperties:184 - Using Application install path: C:\ST\STM32CubeIDE_1.9.0\STM32CubeIDE\plugins\com.st.stm32cube.common.mx_6.10.0.202311202037
2024-03-26 23:01:54,939 [INFO] PluginManage:196 - Search for loadable plugins [exclusion list=, ]
2024-03-26 23:01:54,941 [INFO] PluginManage:310 - Check plugin analytics
2024-03-26 23:01:55,166 [INFO] AnalyticsPlugin:253 - Accepted Software Licenses: 
2024-03-26 23:01:55,167 [INFO] AnalyticsPlugin:255 - Accepted CMSIS Pack Licenses: 
2024-03-26 23:01:55,167 [INFO] AnalyticsPlugin:257 - Accepted Firmware Licenses: 
2024-03-26 23:01:55,170 [INFO] PluginManage:359 - Loaded plugin analytics (category:tool,tabindex:-1)
2024-03-26 23:01:55,170 [INFO] PluginManage:310 - Check plugin cadmodel
2024-03-26 23:01:55,179 [INFO] CADModel:105 - Init CAD model plugin
2024-03-26 23:01:55,179 [INFO] PluginManage:359 - Loaded plugin cadmodel (category:power,tabindex:5)
2024-03-26 23:01:55,180 [INFO] PluginManage:310 - Check plugin clock
2024-03-26 23:01:55,194 [INFO] PluginManage:359 - Loaded plugin clock (category:base,tabindex:2)
2024-03-26 23:01:55,194 [INFO] PluginManage:310 - Check plugin ddr
2024-03-26 23:01:55,198 [INFO] PluginManage:359 - Loaded plugin ddr (category:tool,tabindex:6)
2024-03-26 23:01:55,198 [INFO] PluginManage:310 - Check plugin filemanager
2024-03-26 23:01:55,388 [INFO] PluginManage:359 - Loaded plugin filemanager (category:base,tabindex:10)
2024-03-26 23:01:55,388 [INFO] PluginManage:310 - Check plugin ipmanager
2024-03-26 23:01:55,397 [INFO] PluginManage:359 - Loaded plugin ipmanager (category:base,tabindex:5)
2024-03-26 23:01:55,397 [INFO] PluginManage:310 - Check plugin lpbam
2024-03-26 23:01:55,407 [INFO] PluginManage:359 - Loaded plugin lpbam (category:base,tabindex:0)
2024-03-26 23:01:55,407 [INFO] PluginManage:310 - Check plugin memorymap
2024-03-26 23:01:55,424 [INFO] PluginManage:359 - Loaded plugin memorymap (category:base,tabindex:4)
2024-03-26 23:01:55,424 [INFO] PluginManage:310 - Check plugin pinoutandconfiguration
2024-03-26 23:01:55,434 [INFO] PluginManage:359 - Loaded plugin pinoutandconfiguration (category:base,tabindex:1)
2024-03-26 23:01:55,434 [INFO] PluginManage:310 - Check plugin pinoutconfig
2024-03-26 23:01:55,555 [WARN] SupportedApi:132 - Cannot load RTOS API schema: s4s-elt-must-match.1: The content of 'definitions' must match (annotation?, (simpleType | complexType)?, (unique | key | keyref)*)). A problem was found starting at: attribute.
2024-03-26 23:01:55,755 [INFO] PluginManage:359 - Loaded plugin pinoutconfig (category:base,tabindex:0)
2024-03-26 23:01:55,755 [INFO] PluginManage:310 - Check plugin power
2024-03-26 23:01:55,772 [INFO] PluginManage:359 - Loaded plugin power (category:power,tabindex:4)
2024-03-26 23:01:55,772 [INFO] PluginManage:310 - Check plugin projectmanager
2024-03-26 23:01:55,794 [INFO] PluginManage:359 - Loaded plugin projectmanager (category:projectmanager,tabindex:3)
2024-03-26 23:01:55,794 [INFO] PluginManage:310 - Check plugin thirdparty
2024-03-26 23:01:55,989 [INFO] PluginManage:359 - Loaded plugin thirdparty (category:base,tabindex:-1)
2024-03-26 23:01:55,989 [WARN] IntegrityCheckThread:84 - waiting for thirdparty lock release [integrity check]
2024-03-26 23:01:55,990 [INFO] PluginManage:310 - Check plugin tools
2024-03-26 23:01:55,990 [INFO] IntegrityCheckThread:86 - entering critical section [integrity check]
2024-03-26 23:01:55,990 [INFO] ThirdPartyUpdaterWithRetryManager:70 - Updater plugin not ready yet. [1/15]
2024-03-26 23:01:55,993 [INFO] PluginManage:359 - Loaded plugin tools (category:base,tabindex:7)
2024-03-26 23:01:55,993 [INFO] PluginManage:310 - Check plugin tutovideos
2024-03-26 23:01:56,240 [INFO] PluginManage:359 - Loaded plugin tutovideos (category:base,tabindex:-1)
2024-03-26 23:01:56,240 [INFO] PluginManage:310 - Check plugin updater
2024-03-26 23:01:56,257 [INFO] PluginManage:359 - Loaded plugin updater (category:base,tabindex:12)
2024-03-26 23:01:56,257 [INFO] PluginManage:310 - Check plugin userauth
2024-03-26 23:01:56,265 [INFO] UserAuth:114 - Init User Auth plugin
2024-03-26 23:01:56,265 [INFO] PluginManage:359 - Loaded plugin userauth (category:base,tabindex:14)
2024-03-26 23:01:56,266 [INFO] PluginManage:283 - PluginManage : Loaded plugins [17]
2024-03-26 23:01:56,520 [INFO] PinOutPanel:1499 - setPackage(No Configuration,No Configuration)
2024-03-26 23:01:56,624 [INFO] CADModel:165 - CPN selected for project level
2024-03-26 23:01:56,624 [INFO] CADModel:114 - Register for checkConnection events
2024-03-26 23:01:56,656 [INFO] IPUIPlugin:80 - create IPUIPlugin
2024-03-26 23:01:56,656 [INFO] PluginManager:220 - loadIPPluginJar : add adc
2024-03-26 23:01:56,660 [INFO] IPUIPlugin:80 - create IPUIPlugin
2024-03-26 23:01:56,661 [INFO] PluginManager:220 - loadIPPluginJar : add aes
2024-03-26 23:01:56,665 [INFO] IPUIPlugin:80 - create IPUIPlugin
2024-03-26 23:01:56,666 [INFO] PluginManager:220 - loadIPPluginJar : add can
2024-03-26 23:01:56,669 [INFO] IPUIPlugin:80 - create IPUIPlugin
2024-03-26 23:01:56,669 [INFO] PluginManager:220 - loadIPPluginJar : add comp
2024-03-26 23:01:56,673 [INFO] IPUIPlugin:80 - create IPUIPlugin
2024-03-26 23:01:56,673 [INFO] PluginManager:220 - loadIPPluginJar : add cryp
2024-03-26 23:01:56,677 [INFO] IPUIPlugin:80 - create IPUIPlugin
2024-03-26 23:01:56,677 [INFO] PluginManager:220 - loadIPPluginJar : add dfsdm
2024-03-26 23:01:56,684 [INFO] IPUIPlugin:80 - create IPUIPlugin
2024-03-26 23:01:56,685 [INFO] PluginManager:220 - loadIPPluginJar : add dma
2024-03-26 23:01:56,688 [INFO] IPUIPlugin:80 - create IPUIPlugin
2024-03-26 23:01:56,688 [INFO] PluginManager:220 - loadIPPluginJar : add dma3
2024-03-26 23:01:56,690 [INFO] IPUIPlugin:80 - create IPUIPlugin
2024-03-26 23:01:56,691 [INFO] PluginManager:220 - loadIPPluginJar : add fatfs
2024-03-26 23:01:56,695 [INFO] IPUIPlugin:80 - create IPUIPlugin
2024-03-26 23:01:56,696 [INFO] PluginManager:220 - loadIPPluginJar : add fmc
2024-03-26 23:01:56,703 [INFO] IPUIPlugin:80 - create IPUIPlugin
2024-03-26 23:01:56,704 [INFO] PluginManager:220 - loadIPPluginJar : add freertos
2024-03-26 23:01:56,705 [INFO] IPUIPlugin:80 - create IPUIPlugin
2024-03-26 23:01:56,705 [INFO] PluginManager:220 - loadIPPluginJar : add genericplugin
2024-03-26 23:01:56,709 [INFO] IPUIPlugin:80 - create IPUIPlugin
2024-03-26 23:01:56,709 [INFO] PluginManager:220 - loadIPPluginJar : add gfxmmu
2024-03-26 23:01:56,715 [INFO] IPUIPlugin:80 - create IPUIPlugin
2024-03-26 23:01:56,715 [INFO] PluginManager:220 - loadIPPluginJar : add gic
2024-03-26 23:01:56,721 [INFO] IPUIPlugin:80 - create IPUIPlugin
2024-03-26 23:01:56,721 [INFO] PluginManager:220 - loadIPPluginJar : add gpio
2024-03-26 23:01:56,725 [INFO] IPUIPlugin:80 - create IPUIPlugin
2024-03-26 23:01:56,725 [INFO] PluginManager:220 - loadIPPluginJar : add gtzc
2024-03-26 23:01:56,728 [INFO] IPUIPlugin:80 - create IPUIPlugin
2024-03-26 23:01:56,728 [INFO] PluginManager:220 - loadIPPluginJar : add hash
2024-03-26 23:01:56,732 [INFO] IPUIPlugin:80 - create IPUIPlugin
2024-03-26 23:01:56,732 [INFO] PluginManager:220 - loadIPPluginJar : add i2c
2024-03-26 23:01:56,735 [INFO] IPUIPlugin:80 - create IPUIPlugin
2024-03-26 23:01:56,735 [INFO] PluginManager:220 - loadIPPluginJar : add i2s
2024-03-26 23:01:56,739 [INFO] IPUIPlugin:80 - create IPUIPlugin
2024-03-26 23:01:56,739 [INFO] PluginManager:220 - loadIPPluginJar : add i3c
2024-03-26 23:01:56,742 [INFO] IPUIPlugin:80 - create IPUIPlugin
2024-03-26 23:01:56,742 [INFO] PluginManager:220 - loadIPPluginJar : add ipddr
2024-03-26 23:01:56,750 [INFO] IPUIPlugin:80 - create IPUIPlugin
2024-03-26 23:01:56,750 [INFO] PluginManager:220 - loadIPPluginJar : add linkedlist
2024-03-26 23:01:56,754 [INFO] IPUIPlugin:80 - create IPUIPlugin
2024-03-26 23:01:56,754 [INFO] PluginManager:220 - loadIPPluginJar : add lorawan
2024-03-26 23:01:56,757 [INFO] IPUIPlugin:80 - create IPUIPlugin
2024-03-26 23:01:56,758 [INFO] PluginManager:220 - loadIPPluginJar : add ltdc
2024-03-26 23:01:56,765 [INFO] IPUIPlugin:80 - create IPUIPlugin
2024-03-26 23:01:56,766 [INFO] PluginManager:220 - loadIPPluginJar : add mdma
2024-03-26 23:01:56,770 [INFO] IPUIPlugin:80 - create IPUIPlugin
2024-03-26 23:01:56,770 [INFO] PluginManager:220 - loadIPPluginJar : add nvic
2024-03-26 23:01:56,774 [INFO] IPUIPlugin:80 - create IPUIPlugin
2024-03-26 23:01:56,774 [INFO] PluginManager:220 - loadIPPluginJar : add opamp
2024-03-26 23:01:56,779 [INFO] IPUIPlugin:80 - create IPUIPlugin
2024-03-26 23:01:56,779 [INFO] PluginManager:220 - loadIPPluginJar : add openamp
2024-03-26 23:01:56,784 [INFO] IPUIPlugin:80 - create IPUIPlugin
2024-03-26 23:01:56,784 [INFO] PluginManager:220 - loadIPPluginJar : add pdm2pcm
2024-03-26 23:01:56,792 [INFO] IPUIPlugin:80 - create IPUIPlugin
2024-03-26 23:01:56,795 [INFO] PluginManager:220 - loadIPPluginJar : add plateformsettings
2024-03-26 23:01:56,798 [INFO] IPUIPlugin:80 - create IPUIPlugin
2024-03-26 23:01:56,798 [INFO] PluginManager:220 - loadIPPluginJar : add quadspi
2024-03-26 23:01:56,804 [INFO] IPUIPlugin:80 - create IPUIPlugin
2024-03-26 23:01:56,804 [INFO] PluginManager:220 - loadIPPluginJar : add resmgrutility
2024-03-26 23:01:56,810 [INFO] IPUIPlugin:80 - create IPUIPlugin
2024-03-26 23:01:56,810 [INFO] PluginManager:220 - loadIPPluginJar : add sai
2024-03-26 23:01:56,814 [INFO] IPUIPlugin:80 - create IPUIPlugin
2024-03-26 23:01:56,814 [INFO] PluginManager:220 - loadIPPluginJar : add spi
2024-03-26 23:01:56,821 [INFO] IPUIPlugin:80 - create IPUIPlugin
2024-03-26 23:01:56,821 [INFO] PluginManager:220 - loadIPPluginJar : add stm32_wpan
2024-03-26 23:01:56,824 [INFO] IPUIPlugin:80 - create IPUIPlugin
2024-03-26 23:01:56,824 [INFO] PluginManager:220 - loadIPPluginJar : add tim
2024-03-26 23:01:56,828 [INFO] IPUIPlugin:80 - create IPUIPlugin
2024-03-26 23:01:56,828 [INFO] PluginManager:220 - loadIPPluginJar : add touchsensing
2024-03-26 23:01:56,831 [INFO] IPUIPlugin:80 - create IPUIPlugin
2024-03-26 23:01:56,831 [INFO] PluginManager:220 - loadIPPluginJar : add tracer_emb
2024-03-26 23:01:56,833 [INFO] IPUIPlugin:80 - create IPUIPlugin
2024-03-26 23:01:56,833 [INFO] PluginManager:220 - loadIPPluginJar : add ts
2024-03-26 23:01:56,836 [INFO] IPUIPlugin:80 - create IPUIPlugin
2024-03-26 23:01:56,836 [INFO] PluginManager:220 - loadIPPluginJar : add tsc
2024-03-26 23:01:56,838 [INFO] IPUIPlugin:80 - create IPUIPlugin
2024-03-26 23:01:56,838 [INFO] PluginManager:220 - loadIPPluginJar : add ucpd
2024-03-26 23:01:56,842 [INFO] IPUIPlugin:80 - create IPUIPlugin
2024-03-26 23:01:56,842 [INFO] PluginManager:220 - loadIPPluginJar : add usart
2024-03-26 23:01:56,846 [INFO] IPUIPlugin:80 - create IPUIPlugin
2024-03-26 23:01:56,847 [INFO] PluginManager:220 - loadIPPluginJar : add usbx
2024-03-26 23:01:57,003 [INFO] CADModel:165 - CPN selected for project level
2024-03-26 23:01:57,003 [INFO] CADModel:114 - Register for checkConnection events
2024-03-26 23:01:57,003 [FATAL] Updater:308 - Updater called before beeing initialized
2024-03-26 23:01:57,003 [ERROR] CADModel:125 - Updater not yet initialized, retry later 
2024-03-26 23:01:57,212 [INFO] CADModel:165 - CPN selected for project level
2024-03-26 23:01:57,212 [INFO] CADModel:114 - Register for checkConnection events
2024-03-26 23:01:57,212 [FATAL] Updater:308 - Updater called before beeing initialized
2024-03-26 23:01:57,212 [ERROR] CADModel:125 - Updater not yet initialized, retry later 
2024-03-26 23:01:57,216 [FATAL] Updater:308 - Updater called before beeing initialized
2024-03-26 23:01:57,367 [FATAL] Updater:308 - Updater called before beeing initialized
2024-03-26 23:01:57,382 [INFO] DbMcusAds:53 - JSON generation date=Wed Nov 29 15:52:27 PKT 2023 (1701255147349)
2024-03-26 23:01:57,382 [FATAL] Updater:308 - Updater called before beeing initialized
2024-03-26 23:01:57,436 [WARN] DetailPanel:346 - Failed to get advertising image, set to default
2024-03-26 23:01:57,546 [FATAL] Updater:308 - Updater called before beeing initialized
2024-03-26 23:01:57,548 [FATAL] Updater:308 - Updater called before beeing initialized
2024-03-26 23:01:57,548 [FATAL] Updater:308 - Updater called before beeing initialized
2024-03-26 23:01:57,548 [WARN] DetailPanel:346 - Failed to get advertising image, set to default
2024-03-26 23:01:57,549 [FATAL] Updater:308 - Updater called before beeing initialized
2024-03-26 23:01:57,626 [ERROR] Updater:1120 - MainUpdater not yet initialized. External WinMGr cannot be set.
2024-03-26 23:01:57,628 [INFO] Updater:1056 - Updater Version found : 6.10.0
2024-03-26 23:01:57,659 [INFO] ApplicationProperties:184 - Using Application install path: C:\ST\STM32CubeIDE_1.9.0\STM32CubeIDE\plugins\com.st.stm32cube.common.mx_6.10.0.202311202037
2024-03-26 23:01:58,991 [INFO] ThirdPartyUpdaterWithRetryManager:70 - Updater plugin not ready yet. [2/15]
2024-03-26 23:01:59,237 [ERROR] LogOutputStream:75 - [STDERR_REDIRECT] Mar 26, 2024 11:01:59 PM java.util.prefs.WindowsPreferences <init>
2024-03-26 23:01:59,240 [ERROR] LogOutputStream:75 - [STDERR_REDIRECT] WARNING: Could not open/create prefs root node Software\JavaSoft\Prefs at root 0xffffffff80000002. Windows RegCreateKeyEx(...) returned error code 5.
2024-03-26 23:01:59,240 [ERROR] LogOutputStream:75 - [STDERR_REDIRECT] 
2024-03-26 23:02:00,171 [INFO] MainUpdater:2873 - connection check result : 10
2024-03-26 23:02:00,172 [INFO] MainUpdater:290 - Updater Check For Update Now.
2024-03-26 23:02:00,172 [INFO] MicroXplorer:498 - Change Database Version : DB.6.0.100
2024-03-26 23:02:00,180 [INFO] McuFinderGlobals:63 - Set McuFinder mode to 2 (CubeIDE integrated)
2024-03-26 23:02:00,206 [INFO] UserAuth:404 - Internet connection configuration mode: 1
2024-03-26 23:02:00,248 [INFO] JxBrowserEngine:152 - Initiate JxBrowser Engine with user profile folder
2024-03-26 23:02:00,420 [INFO] CheckServerUpdateThread:120 - End of CheckServer Thread
2024-03-26 23:02:02,261 [WARN] PackLoader:240 - Cannot read IP mode file for STMicroelectronics.X-CUBE-SMBUS.2.1.0
2024-03-26 23:02:02,280 [WARN] PackLoader:240 - Cannot read IP mode file for STMicroelectronics.X-CUBE-TOUCHGFX.4.23.0
2024-03-26 23:02:02,413 [WARN] PackLoader:240 - Cannot read IP mode file for STMicroelectronics.X-CUBE-MEMS1.9.2.0
2024-03-26 23:02:02,787 [WARN] PackLoader:240 - Cannot read IP mode file for STMicroelectronics.X-CUBE-AZRTOS-F7.1.1.0
2024-03-26 23:02:02,810 [WARN] PackLoader:240 - Cannot read IP mode file for STMicroelectronics.X-CUBE-AI.7.1.0
2024-03-26 23:02:02,823 [WARN] PackLoader:240 - Cannot read IP mode file for STMicroelectronics.X-CUBE-TOUCHGFX.4.19.1
2024-03-26 23:02:02,838 [WARN] PackLoader:240 - Cannot read IP mode file for STMicroelectronics.FP-SNS-MOTENV1.4.3.2
2024-03-26 23:02:02,853 [WARN] PackLoader:240 - Cannot read IP mode file for STMicroelectronics.X-CUBE-BLE1.6.2.3
2024-03-26 23:02:02,867 [WARN] PackLoader:240 - Cannot read IP mode file for STMicroelectronics.FP-SNS-FLIGHT1.5.0.2
2024-03-26 23:02:02,882 [WARN] PackLoader:240 - Cannot read IP mode file for STMicroelectronics.X-CUBE-BLE2.3.2.2
2024-03-26 23:02:02,908 [WARN] PackLoader:240 - Cannot read IP mode file for STMicroelectronics.X-CUBE-TOF1.3.1.0
2024-03-26 23:02:02,938 [WARN] PackLoader:240 - Cannot read IP mode file for STMicroelectronics.X-CUBE-DISPLAY.3.0.0
2024-03-26 23:02:02,958 [WARN] PackLoader:240 - Cannot read IP mode file for STMicroelectronics.X-CUBE-BLE1.7.0.0
2024-03-26 23:02:02,973 [WARN] PackLoader:240 - Cannot read IP mode file for STMicroelectronics.X-CUBE-TOUCHGFX.4.22.0
2024-03-26 23:02:03,049 [WARN] PackLoader:240 - Cannot read IP mode file for STMicroelectronics.X-CUBE-MEMS1.9.3.0
2024-03-26 23:02:03,213 [WARN] PackLoader:240 - Cannot read IP mode file for STMicroelectronics.X-CUBE-AI.7.2.0
2024-03-26 23:02:03,234 [WARN] PackLoader:240 - Cannot read IP mode file for STMicroelectronics.X-CUBE-BLEMGR.3.1.0
2024-03-26 23:02:03,251 [WARN] PackLoader:240 - Cannot read IP mode file for STMicroelectronics.FP-SNS-SMARTAG2.1.2.0
2024-03-26 23:02:03,278 [INFO] LogOutputStream:77 - [STDOUT_REDIRECT] 1 : Invalid condition id : UX_CORESTACK_Condition cause : null
2024-03-26 23:02:03,279 [INFO] LogOutputStream:77 - [STDOUT_REDIRECT] 1 : Invalid condition id : UX_CORESTACK_Condition cause : null
2024-03-26 23:02:03,281 [INFO] LogOutputStream:77 - [STDOUT_REDIRECT] 1 : Invalid condition id : UX_CORESTACK_Condition cause : null
2024-03-26 23:02:03,284 [INFO] LogOutputStream:77 - [STDOUT_REDIRECT] 1 : Invalid condition id : UX_CORESTACK_Condition cause : null
2024-03-26 23:02:03,285 [INFO] LogOutputStream:77 - [STDOUT_REDIRECT] 1 : Invalid condition id : UX_CORESTACK_Condition cause : null
2024-03-26 23:02:03,287 [WARN] PackLoader:240 - Cannot read IP mode file for STMicroelectronics.X-CUBE-AZRTOS-WL.2.0.0
2024-03-26 23:02:03,310 [WARN] PackLoader:240 - Cannot read IP mode file for WES.I-CUBE-Cesium.1.3.0
2024-03-26 23:02:03,326 [WARN] PackLoader:240 - Cannot read IP mode file for STMicroelectronics.X-CUBE-BLE2.3.3.0
2024-03-26 23:02:03,345 [WARN] PackLoader:240 - Cannot read IP mode file for STMicroelectronics.X-CUBE-DISPLAY.2.2.0
2024-03-26 23:02:03,369 [WARN] PackLoader:240 - Cannot read IP mode file for STMicroelectronics.X-CUBE-TOF1.3.2.0
2024-03-26 23:02:03,391 [WARN] PackLoader:240 - Cannot read IP mode file for STMicroelectronics.X-CUBE-ISPU.1.0.0
2024-03-26 23:02:03,426 [WARN] PackLoader:240 - Cannot read IP mode file for STMicroelectronics.X-CUBE-AZRTOS-H7.2.1.0
2024-03-26 23:02:03,440 [WARN] PackLoader:240 - Cannot read IP mode file for STMicroelectronics.X-CUBE-AI.7.3.0
2024-03-26 23:02:03,458 [WARN] PackLoader:240 - Cannot read IP mode file for STMicroelectronics.X-CUBE-ALGOBUILD.1.3.0
2024-03-26 23:02:03,499 [WARN] PackLoader:240 - Cannot read IP mode file for STMicroelectronics.X-CUBE-AZRTOS-G0.1.1.0
2024-03-26 23:02:03,518 [WARN] PackLoader:240 - Cannot read IP mode file for STMicroelectronics.X-CUBE-NFC4.3.0.0
2024-03-26 23:02:03,582 [WARN] PackLoader:240 - Cannot read IP mode file for SEGGER.I-CUBE-embOS.1.2.0
2024-03-26 23:02:03,724 [WARN] PackLoader:240 - Cannot read IP mode file for STMicroelectronics.FP-ATR-SIGFOX1.3.2.0
2024-03-26 23:02:03,747 [WARN] PackLoader:240 - Cannot read IP mode file for STMicroelectronics.X-CUBE-EEPRMA1.5.1.0
2024-03-26 23:02:03,768 [WARN] PackLoader:240 - Cannot read IP mode file for emotas.I-CUBE-CANOPEN.1.1.2
2024-03-26 23:02:03,788 [WARN] PackLoader:240 - Cannot read IP mode file for STMicroelectronics.X-CUBE-TOUCHGFX.4.20.0
2024-03-26 23:02:03,832 [WARN] PackLoader:240 - Cannot read IP mode file for SEGGER.I-CUBE-embOS.1.3.1
2024-03-26 23:02:04,064 [WARN] PackLoader:240 - Cannot read IP mode file for STMicroelectronics.X-CUBE-TOF1.3.0.0
2024-03-26 23:02:04,103 [WARN] PackLoader:240 - Cannot read IP mode file for STMicroelectronics.X-CUBE-GNSS1.6.0.0
2024-03-26 23:02:04,161 [WARN] PackLoader:240 - Cannot read IP mode file for STMicroelectronics.X-CUBE-AZRTOS-F4.1.1.0
2024-03-26 23:02:04,184 [WARN] PackLoader:240 - Cannot read IP mode file for STMicroelectronics.X-CUBE-BLEMGR.1.2.0
2024-03-26 23:02:04,225 [WARN] PackLoader:240 - Cannot read IP mode file for STMicroelectronics.X-CUBE-AZRTOS-L5.2.0.0
2024-03-26 23:02:04,303 [WARN] PackLoader:240 - Cannot read IP mode file for STMicroelectronics.X-CUBE-MEMS1.9.6.0
2024-03-26 23:02:04,390 [INFO] WebApp:161 - Instantiating new browser for Auth
2024-03-26 23:02:04,612 [WARN] PackLoader:240 - Cannot read IP mode file for STMicroelectronics.X-CUBE-NFC6.3.1.0
2024-03-26 23:02:04,633 [WARN] PackLoader:240 - Cannot read IP mode file for ITTIA_DB.I-CUBE-ITTIADB.8.8.0
2024-03-26 23:02:04,663 [WARN] PackLoader:240 - Cannot read IP mode file for STMicroelectronics.X-CUBE-BLEMGR.2.0.0
2024-03-26 23:02:04,690 [WARN] PackLoader:240 - Cannot read IP mode file for STMicroelectronics.X-CUBE-NFC4.2.0.4
2024-03-26 23:02:04,735 [WARN] ConditionMgr:438 - getConditionDescription Invalid condition id : UX DEVICE CLASS RTOS Condition cause : null
2024-03-26 23:02:04,735 [WARN] ConditionMgr:438 - getConditionDescription Invalid condition id : UX DEVICE CLASS RTOS Condition cause : null
2024-03-26 23:02:04,740 [WARN] PackLoader:240 - Cannot read IP mode file for STMicroelectronics.X-CUBE-AZRTOS-H7.3.1.0
2024-03-26 23:02:04,742 [WARN] ConditionMgr:1039 - genDependencies : Invalid condition id : UX DEVICE CLASS RTOS Condition cause : null
2024-03-26 23:02:04,742 [WARN] ConditionMgr:1039 - genDependencies : Invalid condition id : UX DEVICE CLASS RTOS Condition cause : null
2024-03-26 23:02:04,743 [WARN] ConditionMgr:1039 - genDependencies : Invalid condition id : UX DEVICE CLASS RTOS Condition cause : null
2024-03-26 23:02:04,744 [WARN] ConditionMgr:1039 - genDependencies : Invalid condition id : UX DEVICE CLASS RTOS Condition cause : null
2024-03-26 23:02:04,744 [WARN] ConditionMgr:1039 - genDependencies : Invalid condition id : UX DEVICE CLASS RTOS Condition cause : null
2024-03-26 23:02:04,778 [WARN] PackLoader:240 - Cannot read IP mode file for STMicroelectronics.X-CUBE-SFXS2LP1.3.1.0
2024-03-26 23:02:04,841 [WARN] PackLoader:240 - Cannot read IP mode file for STMicroelectronics.X-CUBE-AZRTOS-F4.1.0.0
2024-03-26 23:02:04,865 [WARN] PackLoader:240 - Cannot read IP mode file for STMicroelectronics.X-CUBE-NFC7.1.0.1
2024-03-26 23:02:04,886 [WARN] PackLoader:240 - Cannot read IP mode file for STMicroelectronics.X-CUBE-NFC7.1.0.0
2024-03-26 23:02:04,910 [WARN] PackLoader:240 - Cannot read IP mode file for STMicroelectronics.X-CUBE-NFC6.3.0.0
2024-03-26 23:02:04,931 [WARN] PackLoader:240 - Cannot read IP mode file for STMicroelectronics.X-CUBE-EEPRMA1.4.1.0
2024-03-26 23:02:04,949 [WARN] PackLoader:240 - Cannot read IP mode file for STMicroelectronics.X-CUBE-AI.8.1.0
2024-03-26 23:02:04,988 [WARN] PackLoader:240 - Cannot read IP mode file for STMicroelectronics.X-CUBE-AZRTOS-G0.1.0.0
2024-03-26 23:02:05,033 [WARN] ConditionMgr:438 - getConditionDescription Invalid condition id : LAN8742 Phy interface Condition cause : null
2024-03-26 23:02:05,034 [WARN] PackLoader:240 - Cannot read IP mode file for STMicroelectronics.X-CUBE-AZRTOS-L4.2.0.0
2024-03-26 23:02:05,036 [WARN] ConditionMgr:1039 - genDependencies : Invalid condition id : LAN8742 Phy interface Condition cause : null
2024-03-26 23:02:05,036 [WARN] ConditionMgr:1039 - genDependencies : Invalid condition id : LAN8742 Phy interface Condition cause : null
2024-03-26 23:02:05,037 [WARN] ConditionMgr:1039 - genDependencies : Invalid condition id : LAN8742 Phy interface Condition cause : null
2024-03-26 23:02:05,055 [WARN] PackLoader:240 - Cannot read IP mode file for STMicroelectronics.X-CUBE-SFXS2LP1.4.0.0
2024-03-26 23:02:05,068 [WARN] PackLoader:240 - Cannot read IP mode file for STMicroelectronics.X-CUBE-ISPU.1.1.0
2024-03-26 23:02:05,089 [WARN] PackLoader:240 - Cannot read IP mode file for RoweBots.I-CUBE-UNISONRTOS.5.5.0-4
2024-03-26 23:02:05,117 [WARN] ConditionMgr:438 - getConditionDescription Invalid condition id : UX DEVICE CLASS RTOS Condition cause : null
2024-03-26 23:02:05,117 [WARN] ConditionMgr:438 - getConditionDescription Invalid condition id : UX DEVICE CLASS RTOS Condition cause : null
2024-03-26 23:02:05,119 [WARN] PackLoader:240 - Cannot read IP mode file for STMicroelectronics.X-CUBE-AZRTOS-WB.2.0.0
2024-03-26 23:02:05,119 [WARN] ConditionMgr:1039 - genDependencies : Invalid condition id : UX DEVICE CLASS RTOS Condition cause : null
2024-03-26 23:02:05,120 [WARN] ConditionMgr:1039 - genDependencies : Invalid condition id : UX DEVICE CLASS RTOS Condition cause : null
2024-03-26 23:02:05,120 [WARN] ConditionMgr:1039 - genDependencies : Invalid condition id : UX DEVICE CLASS RTOS Condition cause : null
2024-03-26 23:02:05,120 [WARN] ConditionMgr:1039 - genDependencies : Invalid condition id : UX DEVICE CLASS RTOS Condition cause : null
2024-03-26 23:02:05,120 [WARN] ConditionMgr:1039 - genDependencies : Invalid condition id : UX DEVICE CLASS RTOS Condition cause : null
2024-03-26 23:02:05,139 [WARN] PackLoader:240 - Cannot read IP mode file for STMicroelectronics.X-CUBE-BLEMGR.1.0.0
2024-03-26 23:02:05,163 [WARN] PackLoader:240 - Cannot read IP mode file for STMicroelectronics.X-CUBE-SUBG2.5.0.0
2024-03-26 23:02:05,188 [WARN] PackLoader:240 - Cannot read IP mode file for STMicroelectronics.X-CUBE-TOF1.3.3.1
2024-03-26 23:02:05,240 [WARN] PackLoader:240 - Cannot read IP mode file for STMicroelectronics.X-CUBE-AZRTOS-G4.2.0.0
2024-03-26 23:02:05,265 [WARN] PackLoader:240 - Cannot read IP mode file for STMicroelectronics.FP-ATR-ASTRA1.1.1.1
2024-03-26 23:02:05,301 [WARN] PackLoader:240 - Cannot read IP mode file for Infineon.AIROC-Wi-Fi-Bluetooth-STM32.1.5.1
2024-03-26 23:02:05,329 [WARN] PackLoader:240 - Cannot read IP mode file for STMicroelectronics.FP-ATR-ASTRA1.1.1.0
2024-03-26 23:02:05,354 [WARN] PackLoader:240 - Cannot read IP mode file for STMicroelectronics.FP-SNS-MOTENVWB1.1.3.1
2024-03-26 23:02:05,399 [WARN] PackLoader:240 - Cannot read IP mode file for STMicroelectronics.X-CUBE-AZRTOS-G4.1.0.0
2024-03-26 23:02:05,419 [WARN] PackLoader:240 - Cannot read IP mode file for wolfSSL.I-CUBE-wolfSSL.5.3.0
2024-03-26 23:02:05,455 [WARN] PackLoader:240 - Cannot read IP mode file for STMicroelectronics.X-CUBE-AZRTOS-L4.1.0.0
2024-03-26 23:02:05,473 [WARN] PackLoader:240 - Cannot read IP mode file for STMicroelectronics.X-CUBE-ISPU.2.0.0
2024-03-26 23:02:05,520 [WARN] PackLoader:240 - Cannot read IP mode file for STMicroelectronics.X-CUBE-MEMS1.10.0.0
2024-03-26 23:02:05,655 [INFO] WebApp:780 - Register for checkConnection events
2024-03-26 23:02:05,655 [INFO] WebApp:414 - Apply proxy settings
2024-03-26 23:02:05,655 [INFO] WebApp:499 - Chromium requires no authentication
2024-03-26 23:02:05,664 [WARN] PackLoader:240 - Cannot read IP mode file for STMicroelectronics.X-CUBE-FREERTOS.1.1.0
2024-03-26 23:02:05,667 [INFO] WebApp:442 - Direct internet connection detected
2024-03-26 23:02:05,697 [WARN] PackLoader:240 - Cannot read IP mode file for STMicroelectronics.X-CUBE-AZRTOS-F7.1.0.0
2024-03-26 23:02:05,721 [WARN] PackLoader:240 - Cannot read IP mode file for STMicroelectronics.X-CUBE-AZRTOS-WL.1.0.0
2024-03-26 23:02:05,740 [WARN] PackLoader:240 - Cannot read IP mode file for portGmbH.I-Cube-SoM-uGOAL.1.1.0
2024-03-26 23:02:05,753 [WARN] PackLoader:240 - Cannot read IP mode file for STMicroelectronics.X-CUBE-ALS.1.0.1
2024-03-26 23:02:05,778 [WARN] PackLoader:240 - Cannot read IP mode file for STMicroelectronics.X-CUBE-AZRTOS-L5.1.0.0
2024-03-26 23:02:05,792 [WARN] PackLoader:240 - Cannot read IP mode file for STMicroelectronics.X-CUBE-EEPRMA1.3.1.1
2024-03-26 23:02:05,806 [WARN] PackLoader:240 - Cannot read IP mode file for STMicroelectronics.X-CUBE-GNSS1.5.2.0
2024-03-26 23:02:05,817 [WARN] PackLoader:240 - Cannot read IP mode file for STMicroelectronics.FP-ATR-ASTRA1.2.0.0
2024-03-26 23:02:05,836 [WARN] PackLoader:240 - Cannot read IP mode file for STMicroelectronics.X-CUBE-TOF1.3.4.1
2024-03-26 23:02:05,880 [WARN] PackLoader:240 - Cannot read IP mode file for STMicroelectronics.X-CUBE-AZRTOS-H7.3.2.0
2024-03-26 23:02:05,885 [INFO] ThirdParty:978 - Integrity check success = true
2024-03-26 23:02:05,885 [INFO] IntegrityCheckThread:100 - exiting critical section [integrity check]
2024-03-26 23:02:05,885 [INFO] IntegrityCheckThread:103 - End integrity checks thread
2024-03-26 23:02:05,971 [INFO] WebApp:192 - Starting web application
2024-03-26 23:02:05,971 [INFO] WebApp:544 - Web application path used C:\ST\STM32CubeIDE_1.9.0\STM32CubeIDE\plugins\com.st.stm32cube.common.mx_6.10.0.202311202037\db\plugins\mcufinder\reactClient1\index.html
2024-03-26 23:02:06,470 [ERROR] LogOutputStream:75 - [STDERR_REDIRECT] Mar 26, 2024 11:02:06 PM org.glassfish.grizzly.http.server.NetworkListener start
2024-03-26 23:02:06,471 [ERROR] LogOutputStream:75 - [STDERR_REDIRECT] INFO: Started listener bound to [localhost:1596]
2024-03-26 23:02:06,471 [ERROR] LogOutputStream:75 - [STDERR_REDIRECT] 
2024-03-26 23:02:06,475 [ERROR] LogOutputStream:75 - [STDERR_REDIRECT] Mar 26, 2024 11:02:06 PM org.glassfish.grizzly.http.server.HttpServer start
2024-03-26 23:02:06,476 [ERROR] LogOutputStream:75 - [STDERR_REDIRECT] INFO: [HttpServer] Started.
2024-03-26 23:02:06,476 [ERROR] LogOutputStream:75 - [STDERR_REDIRECT] 
