2024-05-17 19:42:34,361 [INFO] Activator:176 - 


2024-05-17 19:42:34,363 [INFO] Activator:177 - !SESSION log4j initialized
2024-05-17 19:42:47,984 [INFO] LogOutputStream:77 - [STDOUT_REDIRECT] 
2024-05-17 19:42:49,177 [INFO] ApplicationProperties:184 - Using Application install path: C:\ST\STM32CubeIDE_1.9.0\STM32CubeIDE\plugins\com.st.stm32cube.common.mx_6.10.0.202311202037
2024-05-17 19:42:49,207 [INFO] DbMcusXml:78 - Set database path to: C:\ST\STM32CubeIDE_1.9.0\STM32CubeIDE\plugins\com.st.stm32cube.common.mx_6.10.0.202311202037\\db\/mcu/
2024-05-17 19:42:49,207 [INFO] ApiDb:274 - Set plugin database path to: C:\ST\STM32CubeIDE_1.9.0\STM32CubeIDE\plugins\com.st.stm32cube.common.mx_6.10.0.202311202037\\db\/plugins/boardmanager/
2024-05-17 19:42:49,207 [WARN] ApiDb:259 - Overriding images path with different value:  => C:\ST\STM32CubeIDE_1.9.0\STM32CubeIDE\plugins\com.st.stm32cube.common.mx_6.10.0.202311202037\\db\/plugins/mcufinder/images/
2024-05-17 19:42:49,221 [INFO] ApiDb:250 - Set database path to: C:\Users\sherd\.stmcufinder\plugins\mcufinder//mcu/
2024-05-17 19:42:49,222 [INFO] DbMcusAds:125 - Set database path to: C:\Users\sherd\.stmcufinder\plugins\mcufinder//mcu/
2024-05-17 19:42:49,225 [INFO] CrossReferenceDbSqlite:203 - Set database path to: C:\Users\sherd\.stmcufinder\plugins\mcufinder//mcu/cs/
2024-05-17 19:42:49,437 [INFO] RulesReader:64 - Compatibility file has been processed (297 Rules)
2024-05-17 19:42:49,554 [INFO] DbMcusXml:78 - Set database path to: C:\ST\STM32CubeIDE_1.9.0\STM32CubeIDE\plugins\com.st.stm32cube.common.mx_6.10.0.202311202037\\db\/mcu/
2024-05-17 19:42:49,555 [INFO] ApiDb:274 - Set plugin database path to: C:\ST\STM32CubeIDE_1.9.0\STM32CubeIDE\plugins\com.st.stm32cube.common.mx_6.10.0.202311202037\\db\/plugins/boardmanager/
2024-05-17 19:42:49,555 [INFO] ApiDb:261 - Set plugin images path to: C:\ST\STM32CubeIDE_1.9.0\STM32CubeIDE\plugins\com.st.stm32cube.common.mx_6.10.0.202311202037\\db\/plugins/mcufinder/images/
2024-05-17 19:42:49,555 [WARN] DbFile:41 - Overriding database path with different value: C:\Users\sherd\.stmcufinder\plugins\mcufinder/ => C:\Users\sherd\.stmcufinder\plugins\mcufinder
2024-05-17 19:42:49,555 [INFO] ApiDb:250 - Set database path to: C:\Users\sherd\.stmcufinder\plugins\mcufinder//mcu/
2024-05-17 19:42:49,555 [WARN] DbFile:41 - Overriding database path with different value: C:\Users\sherd\.stmcufinder\plugins\mcufinder/ => C:\Users\sherd\.stmcufinder\plugins\mcufinder
2024-05-17 19:42:49,555 [INFO] DbMcusAds:125 - Set database path to: C:\Users\sherd\.stmcufinder\plugins\mcufinder//mcu/
2024-05-17 19:42:49,556 [WARN] DbFile:41 - Overriding database path with different value: C:\Users\sherd\.stmcufinder\plugins\mcufinder/ => C:\Users\sherd\.stmcufinder\plugins\mcufinder
2024-05-17 19:42:49,556 [WARN] DbFile:41 - Overriding database path with different value: C:\Users\sherd\.stmcufinder\plugins\mcufinder/ => C:\Users\sherd\.stmcufinder\plugins\mcufinder
2024-05-17 19:42:49,556 [INFO] CrossReferenceDbSqlite:203 - Set database path to: C:\Users\sherd\.stmcufinder\plugins\mcufinder//mcu/cs/
2024-05-17 19:42:49,670 [INFO] MainPanel:264 - HeapMemory: 369098752
2024-05-17 19:42:49,806 [INFO] DbMcusXml:78 - Set database path to: C:\ST\STM32CubeIDE_1.9.0\STM32CubeIDE\plugins\com.st.stm32cube.common.mx_6.10.0.202311202037\\db\/mcu/
2024-05-17 19:42:49,807 [INFO] ApiDb:274 - Set plugin database path to: C:\ST\STM32CubeIDE_1.9.0\STM32CubeIDE\plugins\com.st.stm32cube.common.mx_6.10.0.202311202037\\db\/plugins/boardmanager/
2024-05-17 19:42:49,807 [INFO] ApiDb:261 - Set plugin images path to: C:\ST\STM32CubeIDE_1.9.0\STM32CubeIDE\plugins\com.st.stm32cube.common.mx_6.10.0.202311202037\\db\/plugins/mcufinder/images/
2024-05-17 19:42:49,807 [WARN] DbFile:41 - Overriding database path with different value: C:\Users\sherd\.stmcufinder\plugins\mcufinder/ => C:\Users\sherd\.stmcufinder\plugins\mcufinder
2024-05-17 19:42:49,807 [INFO] ApiDb:250 - Set database path to: C:\Users\sherd\.stmcufinder\plugins\mcufinder//mcu/
2024-05-17 19:42:49,808 [WARN] DbFile:41 - Overriding database path with different value: C:\Users\sherd\.stmcufinder\plugins\mcufinder/ => C:\Users\sherd\.stmcufinder\plugins\mcufinder
2024-05-17 19:42:49,808 [INFO] DbMcusAds:125 - Set database path to: C:\Users\sherd\.stmcufinder\plugins\mcufinder//mcu/
2024-05-17 19:42:49,808 [WARN] DbFile:41 - Overriding database path with different value: C:\Users\sherd\.stmcufinder\plugins\mcufinder/ => C:\Users\sherd\.stmcufinder\plugins\mcufinder
2024-05-17 19:42:49,808 [WARN] DbFile:41 - Overriding database path with different value: C:\Users\sherd\.stmcufinder\plugins\mcufinder/ => C:\Users\sherd\.stmcufinder\plugins\mcufinder
2024-05-17 19:42:49,808 [INFO] CrossReferenceDbSqlite:203 - Set database path to: C:\Users\sherd\.stmcufinder\plugins\mcufinder//mcu/cs/
2024-05-17 19:42:49,834 [INFO] ApplicationProperties:184 - Using Application install path: C:\ST\STM32CubeIDE_1.9.0\STM32CubeIDE\plugins\com.st.stm32cube.common.mx_6.10.0.202311202037
2024-05-17 19:42:49,837 [INFO] PluginManage:196 - Search for loadable plugins [exclusion list=, ]
2024-05-17 19:42:49,838 [INFO] PluginManage:310 - Check plugin analytics
2024-05-17 19:42:50,113 [INFO] AnalyticsPlugin:253 - Accepted Software Licenses: 
2024-05-17 19:42:50,114 [INFO] AnalyticsPlugin:255 - Accepted CMSIS Pack Licenses: 
2024-05-17 19:42:50,114 [INFO] AnalyticsPlugin:257 - Accepted Firmware Licenses: 
2024-05-17 19:42:50,115 [INFO] PluginManage:359 - Loaded plugin analytics (category:tool,tabindex:-1)
2024-05-17 19:42:50,115 [INFO] PluginManage:310 - Check plugin cadmodel
2024-05-17 19:42:50,123 [INFO] CADModel:105 - Init CAD model plugin
2024-05-17 19:42:50,123 [INFO] PluginManage:359 - Loaded plugin cadmodel (category:power,tabindex:5)
2024-05-17 19:42:50,123 [INFO] PluginManage:310 - Check plugin clock
2024-05-17 19:42:50,138 [INFO] PluginManage:359 - Loaded plugin clock (category:base,tabindex:2)
2024-05-17 19:42:50,138 [INFO] PluginManage:310 - Check plugin ddr
2024-05-17 19:42:50,141 [INFO] PluginManage:359 - Loaded plugin ddr (category:tool,tabindex:6)
2024-05-17 19:42:50,141 [INFO] PluginManage:310 - Check plugin filemanager
2024-05-17 19:42:50,343 [INFO] PluginManage:359 - Loaded plugin filemanager (category:base,tabindex:10)
2024-05-17 19:42:50,343 [INFO] PluginManage:310 - Check plugin ipmanager
2024-05-17 19:42:50,353 [INFO] PluginManage:359 - Loaded plugin ipmanager (category:base,tabindex:5)
2024-05-17 19:42:50,354 [INFO] PluginManage:310 - Check plugin lpbam
2024-05-17 19:42:50,366 [INFO] PluginManage:359 - Loaded plugin lpbam (category:base,tabindex:0)
2024-05-17 19:42:50,366 [INFO] PluginManage:310 - Check plugin memorymap
2024-05-17 19:42:50,388 [INFO] PluginManage:359 - Loaded plugin memorymap (category:base,tabindex:4)
2024-05-17 19:42:50,388 [INFO] PluginManage:310 - Check plugin pinoutandconfiguration
2024-05-17 19:42:50,400 [INFO] PluginManage:359 - Loaded plugin pinoutandconfiguration (category:base,tabindex:1)
2024-05-17 19:42:50,400 [INFO] PluginManage:310 - Check plugin pinoutconfig
2024-05-17 19:42:50,542 [WARN] SupportedApi:132 - Cannot load RTOS API schema: s4s-elt-must-match.1: The content of 'definitions' must match (annotation?, (simpleType | complexType)?, (unique | key | keyref)*)). A problem was found starting at: attribute.
2024-05-17 19:42:50,788 [INFO] PluginManage:359 - Loaded plugin pinoutconfig (category:base,tabindex:0)
2024-05-17 19:42:50,788 [INFO] PluginManage:310 - Check plugin power
2024-05-17 19:42:50,805 [INFO] PluginManage:359 - Loaded plugin power (category:power,tabindex:4)
2024-05-17 19:42:50,805 [INFO] PluginManage:310 - Check plugin projectmanager
2024-05-17 19:42:50,829 [INFO] PluginManage:359 - Loaded plugin projectmanager (category:projectmanager,tabindex:3)
2024-05-17 19:42:50,829 [INFO] PluginManage:310 - Check plugin thirdparty
2024-05-17 19:42:51,063 [INFO] PluginManage:359 - Loaded plugin thirdparty (category:base,tabindex:-1)
2024-05-17 19:42:51,063 [WARN] IntegrityCheckThread:84 - waiting for thirdparty lock release [integrity check]
2024-05-17 19:42:51,063 [INFO] IntegrityCheckThread:86 - entering critical section [integrity check]
2024-05-17 19:42:51,063 [INFO] PluginManage:310 - Check plugin tools
2024-05-17 19:42:51,064 [INFO] ThirdPartyUpdaterWithRetryManager:70 - Updater plugin not ready yet. [1/15]
2024-05-17 19:42:51,067 [INFO] PluginManage:359 - Loaded plugin tools (category:base,tabindex:7)
2024-05-17 19:42:51,067 [INFO] PluginManage:310 - Check plugin tutovideos
2024-05-17 19:42:51,400 [INFO] PluginManage:359 - Loaded plugin tutovideos (category:base,tabindex:-1)
2024-05-17 19:42:51,400 [INFO] PluginManage:310 - Check plugin updater
2024-05-17 19:42:51,415 [INFO] PluginManage:359 - Loaded plugin updater (category:base,tabindex:12)
2024-05-17 19:42:51,415 [INFO] PluginManage:310 - Check plugin userauth
2024-05-17 19:42:51,422 [INFO] UserAuth:114 - Init User Auth plugin
2024-05-17 19:42:51,423 [INFO] PluginManage:359 - Loaded plugin userauth (category:base,tabindex:14)
2024-05-17 19:42:51,423 [INFO] PluginManage:283 - PluginManage : Loaded plugins [17]
2024-05-17 19:42:51,729 [INFO] PinOutPanel:1499 - setPackage(No Configuration,No Configuration)
2024-05-17 19:42:51,837 [INFO] CADModel:165 - CPN selected for project level
2024-05-17 19:42:51,837 [INFO] CADModel:114 - Register for checkConnection events
2024-05-17 19:42:51,865 [INFO] IPUIPlugin:80 - create IPUIPlugin
2024-05-17 19:42:51,865 [INFO] PluginManager:220 - loadIPPluginJar : add adc
2024-05-17 19:42:51,871 [INFO] IPUIPlugin:80 - create IPUIPlugin
2024-05-17 19:42:51,871 [INFO] PluginManager:220 - loadIPPluginJar : add aes
2024-05-17 19:42:51,877 [INFO] IPUIPlugin:80 - create IPUIPlugin
2024-05-17 19:42:51,877 [INFO] PluginManager:220 - loadIPPluginJar : add can
2024-05-17 19:42:51,880 [INFO] IPUIPlugin:80 - create IPUIPlugin
2024-05-17 19:42:51,881 [INFO] PluginManager:220 - loadIPPluginJar : add comp
2024-05-17 19:42:51,885 [INFO] IPUIPlugin:80 - create IPUIPlugin
2024-05-17 19:42:51,886 [INFO] PluginManager:220 - loadIPPluginJar : add cryp
2024-05-17 19:42:51,890 [INFO] IPUIPlugin:80 - create IPUIPlugin
2024-05-17 19:42:51,890 [INFO] PluginManager:220 - loadIPPluginJar : add dfsdm
2024-05-17 19:42:51,900 [INFO] IPUIPlugin:80 - create IPUIPlugin
2024-05-17 19:42:51,900 [INFO] PluginManager:220 - loadIPPluginJar : add dma
2024-05-17 19:42:51,905 [INFO] IPUIPlugin:80 - create IPUIPlugin
2024-05-17 19:42:51,906 [INFO] PluginManager:220 - loadIPPluginJar : add dma3
2024-05-17 19:42:51,909 [INFO] IPUIPlugin:80 - create IPUIPlugin
2024-05-17 19:42:51,909 [INFO] PluginManager:220 - loadIPPluginJar : add fatfs
2024-05-17 19:42:51,916 [INFO] IPUIPlugin:80 - create IPUIPlugin
2024-05-17 19:42:51,916 [INFO] PluginManager:220 - loadIPPluginJar : add fmc
2024-05-17 19:42:51,924 [INFO] IPUIPlugin:80 - create IPUIPlugin
2024-05-17 19:42:51,925 [INFO] PluginManager:220 - loadIPPluginJar : add freertos
2024-05-17 19:42:51,928 [INFO] IPUIPlugin:80 - create IPUIPlugin
2024-05-17 19:42:51,928 [INFO] PluginManager:220 - loadIPPluginJar : add genericplugin
2024-05-17 19:42:51,933 [INFO] IPUIPlugin:80 - create IPUIPlugin
2024-05-17 19:42:51,933 [INFO] PluginManager:220 - loadIPPluginJar : add gfxmmu
2024-05-17 19:42:51,939 [INFO] IPUIPlugin:80 - create IPUIPlugin
2024-05-17 19:42:51,940 [INFO] PluginManager:220 - loadIPPluginJar : add gic
2024-05-17 19:42:51,946 [INFO] IPUIPlugin:80 - create IPUIPlugin
2024-05-17 19:42:51,946 [INFO] PluginManager:220 - loadIPPluginJar : add gpio
2024-05-17 19:42:51,951 [INFO] IPUIPlugin:80 - create IPUIPlugin
2024-05-17 19:42:51,951 [INFO] PluginManager:220 - loadIPPluginJar : add gtzc
2024-05-17 19:42:51,955 [INFO] IPUIPlugin:80 - create IPUIPlugin
2024-05-17 19:42:51,955 [INFO] PluginManager:220 - loadIPPluginJar : add hash
2024-05-17 19:42:51,960 [INFO] IPUIPlugin:80 - create IPUIPlugin
2024-05-17 19:42:51,960 [INFO] PluginManager:220 - loadIPPluginJar : add i2c
2024-05-17 19:42:51,965 [INFO] IPUIPlugin:80 - create IPUIPlugin
2024-05-17 19:42:51,965 [INFO] PluginManager:220 - loadIPPluginJar : add i2s
2024-05-17 19:42:51,970 [INFO] IPUIPlugin:80 - create IPUIPlugin
2024-05-17 19:42:51,970 [INFO] PluginManager:220 - loadIPPluginJar : add i3c
2024-05-17 19:42:51,975 [INFO] IPUIPlugin:80 - create IPUIPlugin
2024-05-17 19:42:51,975 [INFO] PluginManager:220 - loadIPPluginJar : add ipddr
2024-05-17 19:42:51,985 [INFO] IPUIPlugin:80 - create IPUIPlugin
2024-05-17 19:42:51,985 [INFO] PluginManager:220 - loadIPPluginJar : add linkedlist
2024-05-17 19:42:51,990 [INFO] IPUIPlugin:80 - create IPUIPlugin
2024-05-17 19:42:51,991 [INFO] PluginManager:220 - loadIPPluginJar : add lorawan
2024-05-17 19:42:51,994 [INFO] IPUIPlugin:80 - create IPUIPlugin
2024-05-17 19:42:51,994 [INFO] PluginManager:220 - loadIPPluginJar : add ltdc
2024-05-17 19:42:52,004 [INFO] IPUIPlugin:80 - create IPUIPlugin
2024-05-17 19:42:52,005 [INFO] PluginManager:220 - loadIPPluginJar : add mdma
2024-05-17 19:42:52,011 [INFO] IPUIPlugin:80 - create IPUIPlugin
2024-05-17 19:42:52,012 [INFO] PluginManager:220 - loadIPPluginJar : add nvic
2024-05-17 19:42:52,016 [INFO] IPUIPlugin:80 - create IPUIPlugin
2024-05-17 19:42:52,016 [INFO] PluginManager:220 - loadIPPluginJar : add opamp
2024-05-17 19:42:52,022 [INFO] IPUIPlugin:80 - create IPUIPlugin
2024-05-17 19:42:52,022 [INFO] PluginManager:220 - loadIPPluginJar : add openamp
2024-05-17 19:42:52,026 [INFO] IPUIPlugin:80 - create IPUIPlugin
2024-05-17 19:42:52,027 [INFO] PluginManager:220 - loadIPPluginJar : add pdm2pcm
2024-05-17 19:42:52,042 [INFO] IPUIPlugin:80 - create IPUIPlugin
2024-05-17 19:42:52,045 [INFO] PluginManager:220 - loadIPPluginJar : add plateformsettings
2024-05-17 19:42:52,048 [INFO] IPUIPlugin:80 - create IPUIPlugin
2024-05-17 19:42:52,048 [INFO] PluginManager:220 - loadIPPluginJar : add quadspi
2024-05-17 19:42:52,054 [INFO] IPUIPlugin:80 - create IPUIPlugin
2024-05-17 19:42:52,054 [INFO] PluginManager:220 - loadIPPluginJar : add resmgrutility
2024-05-17 19:42:52,059 [INFO] IPUIPlugin:80 - create IPUIPlugin
2024-05-17 19:42:52,060 [INFO] PluginManager:220 - loadIPPluginJar : add sai
2024-05-17 19:42:52,064 [INFO] IPUIPlugin:80 - create IPUIPlugin
2024-05-17 19:42:52,064 [INFO] PluginManager:220 - loadIPPluginJar : add spi
2024-05-17 19:42:52,071 [INFO] IPUIPlugin:80 - create IPUIPlugin
2024-05-17 19:42:52,071 [INFO] PluginManager:220 - loadIPPluginJar : add stm32_wpan
2024-05-17 19:42:52,075 [INFO] IPUIPlugin:80 - create IPUIPlugin
2024-05-17 19:42:52,075 [INFO] PluginManager:220 - loadIPPluginJar : add tim
2024-05-17 19:42:52,080 [INFO] IPUIPlugin:80 - create IPUIPlugin
2024-05-17 19:42:52,080 [INFO] PluginManager:220 - loadIPPluginJar : add touchsensing
2024-05-17 19:42:52,083 [INFO] IPUIPlugin:80 - create IPUIPlugin
2024-05-17 19:42:52,083 [INFO] PluginManager:220 - loadIPPluginJar : add tracer_emb
2024-05-17 19:42:52,087 [INFO] IPUIPlugin:80 - create IPUIPlugin
2024-05-17 19:42:52,087 [INFO] PluginManager:220 - loadIPPluginJar : add ts
2024-05-17 19:42:52,090 [INFO] IPUIPlugin:80 - create IPUIPlugin
2024-05-17 19:42:52,090 [INFO] PluginManager:220 - loadIPPluginJar : add tsc
2024-05-17 19:42:52,094 [INFO] IPUIPlugin:80 - create IPUIPlugin
2024-05-17 19:42:52,094 [INFO] PluginManager:220 - loadIPPluginJar : add ucpd
2024-05-17 19:42:52,100 [INFO] IPUIPlugin:80 - create IPUIPlugin
2024-05-17 19:42:52,100 [INFO] PluginManager:220 - loadIPPluginJar : add usart
2024-05-17 19:42:52,105 [INFO] IPUIPlugin:80 - create IPUIPlugin
2024-05-17 19:42:52,106 [INFO] PluginManager:220 - loadIPPluginJar : add usbx
2024-05-17 19:42:52,259 [INFO] CADModel:165 - CPN selected for project level
2024-05-17 19:42:52,259 [INFO] CADModel:114 - Register for checkConnection events
2024-05-17 19:42:52,259 [FATAL] Updater:308 - Updater called before beeing initialized
2024-05-17 19:42:52,259 [ERROR] CADModel:125 - Updater not yet initialized, retry later 
2024-05-17 19:42:52,488 [INFO] CADModel:165 - CPN selected for project level
2024-05-17 19:42:52,489 [INFO] CADModel:114 - Register for checkConnection events
2024-05-17 19:42:52,489 [FATAL] Updater:308 - Updater called before beeing initialized
2024-05-17 19:42:52,489 [ERROR] CADModel:125 - Updater not yet initialized, retry later 
2024-05-17 19:42:52,494 [FATAL] Updater:308 - Updater called before beeing initialized
2024-05-17 19:42:52,637 [FATAL] Updater:308 - Updater called before beeing initialized
2024-05-17 19:42:52,652 [INFO] DbMcusAds:53 - JSON generation date=Thu May 02 13:37:29 PKT 2024 (1714639049318)
2024-05-17 19:42:52,652 [FATAL] Updater:308 - Updater called before beeing initialized
2024-05-17 19:42:52,702 [WARN] DetailPanel:346 - Failed to get advertising image, set to default
2024-05-17 19:42:52,917 [FATAL] Updater:308 - Updater called before beeing initialized
2024-05-17 19:42:52,920 [FATAL] Updater:308 - Updater called before beeing initialized
2024-05-17 19:42:52,920 [FATAL] Updater:308 - Updater called before beeing initialized
2024-05-17 19:42:52,920 [WARN] DetailPanel:346 - Failed to get advertising image, set to default
2024-05-17 19:42:52,921 [FATAL] Updater:308 - Updater called before beeing initialized
2024-05-17 19:42:53,028 [ERROR] Updater:1120 - MainUpdater not yet initialized. External WinMGr cannot be set.
2024-05-17 19:42:53,031 [INFO] Updater:1056 - Updater Version found : 6.10.0
2024-05-17 19:42:53,057 [INFO] ApplicationProperties:184 - Using Application install path: C:\ST\STM32CubeIDE_1.9.0\STM32CubeIDE\plugins\com.st.stm32cube.common.mx_6.10.0.202311202037
2024-05-17 19:42:54,065 [INFO] ThirdPartyUpdaterWithRetryManager:70 - Updater plugin not ready yet. [2/15]
2024-05-17 19:42:54,644 [ERROR] LogOutputStream:75 - [STDERR_REDIRECT] May 17, 2024 7:42:54 PM java.util.prefs.WindowsPreferences <init>
2024-05-17 19:42:54,649 [ERROR] LogOutputStream:75 - [STDERR_REDIRECT] WARNING: Could not open/create prefs root node Software\JavaSoft\Prefs at root 0xffffffff80000002. Windows RegCreateKeyEx(...) returned error code 5.
2024-05-17 19:42:54,649 [ERROR] LogOutputStream:75 - [STDERR_REDIRECT] 
2024-05-17 19:42:55,391 [INFO] MainUpdater:2873 - connection check result : 10
2024-05-17 19:42:55,391 [INFO] MainUpdater:3567 - Updater definition file requires update
2024-05-17 19:42:55,393 [INFO] MainUpdater:290 - Updater Check For Update Now.
2024-05-17 19:42:55,393 [INFO] MicroXplorer:498 - Change Database Version : DB.6.0.100
2024-05-17 19:42:55,406 [INFO] McuFinderGlobals:63 - Set McuFinder mode to 2 (CubeIDE integrated)
2024-05-17 19:42:55,420 [INFO] UserAuth:404 - Internet connection configuration mode: 1
2024-05-17 19:42:55,453 [INFO] JxBrowserEngine:152 - Initiate JxBrowser Engine with user profile folder
2024-05-17 19:42:55,968 [INFO] ServerAccessManage:473 - Download File updaters.zip
2024-05-17 19:42:56,297 [INFO] FileExtend:240 - Unzip File : updaters.zip
2024-05-17 19:42:56,297 [INFO] FileExtend:255 - Standard Zip Deflate
2024-05-17 19:42:56,874 [INFO] ServerAccessManage:473 - Download File PacksControlFlags.xml
2024-05-17 19:42:57,066 [WARN] MainUpdater:1194 - Updater busy. Cannot search thirdparties
2024-05-17 19:42:57,066 [INFO] ThirdPartyUpdaterWithRetryManager:96 - Updater plugin is busy. [1/15]
2024-05-17 19:42:57,110 [INFO] ServerAccessManage:473 - Download File cubemx.pidx
2024-05-17 19:42:58,940 [INFO] ServerAccessManage:473 - Download File STMicroelectronics.X-CUBE-ALGOBUILD.pdsc
2024-05-17 19:43:00,067 [WARN] MainUpdater:1194 - Updater busy. Cannot search thirdparties
2024-05-17 19:43:00,067 [INFO] ThirdPartyUpdaterWithRetryManager:96 - Updater plugin is busy. [2/15]
2024-05-17 19:43:00,686 [INFO] WebApp:161 - Instantiating new browser for Auth
2024-05-17 19:43:01,866 [INFO] WebApp:780 - Register for checkConnection events
2024-05-17 19:43:01,866 [INFO] WebApp:414 - Apply proxy settings
2024-05-17 19:43:01,867 [INFO] WebApp:499 - Chromium requires no authentication
2024-05-17 19:43:01,876 [INFO] WebApp:442 - Direct internet connection detected
2024-05-17 19:43:02,135 [INFO] WebApp:192 - Starting web application
2024-05-17 19:43:02,135 [INFO] WebApp:544 - Web application path used C:\ST\STM32CubeIDE_1.9.0\STM32CubeIDE\plugins\com.st.stm32cube.common.mx_6.10.0.202311202037\db\plugins\mcufinder\reactClient1\index.html
2024-05-17 19:43:02,651 [ERROR] LogOutputStream:75 - [STDERR_REDIRECT] May 17, 2024 7:43:02 PM org.glassfish.grizzly.http.server.NetworkListener start
2024-05-17 19:43:02,652 [ERROR] LogOutputStream:75 - [STDERR_REDIRECT] INFO: Started listener bound to [localhost:1597]
2024-05-17 19:43:02,652 [ERROR] LogOutputStream:75 - [STDERR_REDIRECT] 
2024-05-17 19:43:02,655 [ERROR] LogOutputStream:75 - [STDERR_REDIRECT] May 17, 2024 7:43:02 PM org.glassfish.grizzly.http.server.HttpServer start
2024-05-17 19:43:02,655 [ERROR] LogOutputStream:75 - [STDERR_REDIRECT] INFO: [HttpServer] Started.
2024-05-17 19:43:02,655 [ERROR] LogOutputStream:75 - [STDERR_REDIRECT] 
2024-05-17 19:43:03,069 [WARN] MainUpdater:1194 - Updater busy. Cannot search thirdparties
2024-05-17 19:43:03,069 [INFO] ThirdPartyUpdaterWithRetryManager:96 - Updater plugin is busy. [3/15]
2024-05-17 19:43:03,544 [INFO] ServerAccessManage:473 - Download File Cesanta.I-CUBE-Mongoose.pdsc
2024-05-17 19:43:06,071 [WARN] MainUpdater:1194 - Updater busy. Cannot search thirdparties
2024-05-17 19:43:06,071 [INFO] ThirdPartyUpdaterWithRetryManager:96 - Updater plugin is busy. [4/15]
2024-05-17 19:43:06,188 [WARN] PackLoader:240 - Cannot read IP mode file for STMicroelectronics.X-CUBE-ALGOBUILD.1.4.0
2024-05-17 19:43:06,201 [WARN] PackLoader:240 - Cannot read IP mode file for Cesanta.I-CUBE-Mongoose.7.13.0
2024-05-17 19:43:06,201 [INFO] PopulateThirdPartyThread:66 - Ending populate Thread
2024-05-17 19:43:06,203 [INFO] ThirdParty:1030 - CMSIS Pack Vendor :Cesanta I-CUBE-Mongoose 7.13.0
2024-05-17 19:43:06,203 [INFO] ThirdParty:1030 - CMSIS Pack Vendor :STMicroelectronics X-CUBE-ALGOBUILD 1.4.0
2024-05-17 19:43:06,203 [INFO] LoadServerUpdatesThread:375 - End of LoadServerUpdate Thread
2024-05-17 19:43:06,323 [INFO] CheckServerUpdateThread:120 - End of CheckServer Thread
2024-05-17 19:43:09,277 [WARN] PackLoader:240 - Cannot read IP mode file for STMicroelectronics.FP-SNS-MOTENVWB1.1.4.0
2024-05-17 19:43:09,293 [WARN] PackLoader:240 - Cannot read IP mode file for STMicroelectronics.X-CUBE-SMBUS.2.1.0
2024-05-17 19:43:09,306 [WARN] PackLoader:240 - Cannot read IP mode file for STMicroelectronics.X-CUBE-TOUCHGFX.4.23.1
2024-05-17 19:43:09,318 [WARN] PackLoader:240 - Cannot read IP mode file for STMicroelectronics.X-CUBE-TOUCHGFX.4.23.0
2024-05-17 19:43:09,386 [WARN] PackLoader:240 - Cannot read IP mode file for STMicroelectronics.X-CUBE-MEMS1.9.2.0
2024-05-17 19:43:09,556 [WARN] PackLoader:240 - Cannot read IP mode file for STMicroelectronics.X-CUBE-TOUCHGFX.4.23.2
2024-05-17 19:43:09,594 [WARN] PackLoader:240 - Cannot read IP mode file for STMicroelectronics.X-CUBE-AZRTOS-F7.1.1.0
2024-05-17 19:43:09,616 [WARN] PackLoader:240 - Cannot read IP mode file for STMicroelectronics.X-CUBE-AI.7.1.0
2024-05-17 19:43:09,627 [WARN] PackLoader:240 - Cannot read IP mode file for STMicroelectronics.X-CUBE-TOUCHGFX.4.19.1
2024-05-17 19:43:09,642 [WARN] PackLoader:240 - Cannot read IP mode file for STMicroelectronics.FP-SNS-MOTENV1.4.3.2
2024-05-17 19:43:09,658 [WARN] PackLoader:240 - Cannot read IP mode file for STMicroelectronics.X-CUBE-BLE1.6.2.3
2024-05-17 19:43:09,664 [WARN] PackLoader:240 - Cannot read IP mode file for STMicroelectronics.FP-SNS-FLIGHT1.5.0.2
2024-05-17 19:43:09,678 [WARN] PackLoader:240 - Cannot read IP mode file for STMicroelectronics.X-CUBE-BLE2.3.2.2
2024-05-17 19:43:09,698 [WARN] PackLoader:240 - Cannot read IP mode file for STMicroelectronics.X-CUBE-TOF1.3.1.0
2024-05-17 19:43:09,718 [WARN] PackLoader:240 - Cannot read IP mode file for STMicroelectronics.X-CUBE-DISPLAY.3.0.0
2024-05-17 19:43:09,738 [WARN] PackLoader:240 - Cannot read IP mode file for STMicroelectronics.X-CUBE-BLE1.7.0.0
2024-05-17 19:43:09,750 [WARN] PackLoader:240 - Cannot read IP mode file for STMicroelectronics.X-CUBE-TOUCHGFX.4.22.0
2024-05-17 19:43:09,813 [WARN] PackLoader:240 - Cannot read IP mode file for STMicroelectronics.X-CUBE-MEMS1.9.3.0
2024-05-17 19:43:09,962 [WARN] PackLoader:240 - Cannot read IP mode file for STMicroelectronics.X-CUBE-AI.7.2.0
2024-05-17 19:43:09,987 [WARN] PackLoader:240 - Cannot read IP mode file for STMicroelectronics.X-CUBE-BLEMGR.3.1.0
2024-05-17 19:43:10,004 [WARN] PackLoader:240 - Cannot read IP mode file for STMicroelectronics.FP-SNS-SMARTAG2.1.2.0
2024-05-17 19:43:10,028 [INFO] LogOutputStream:77 - [STDOUT_REDIRECT] 1 : Invalid condition id : UX_CORESTACK_Condition cause : null
2024-05-17 19:43:10,028 [INFO] LogOutputStream:77 - [STDOUT_REDIRECT] 1 : Invalid condition id : UX_CORESTACK_Condition cause : null
2024-05-17 19:43:10,029 [INFO] LogOutputStream:77 - [STDOUT_REDIRECT] 1 : Invalid condition id : UX_CORESTACK_Condition cause : null
2024-05-17 19:43:10,031 [INFO] LogOutputStream:77 - [STDOUT_REDIRECT] 1 : Invalid condition id : UX_CORESTACK_Condition cause : null
2024-05-17 19:43:10,032 [INFO] LogOutputStream:77 - [STDOUT_REDIRECT] 1 : Invalid condition id : UX_CORESTACK_Condition cause : null
2024-05-17 19:43:10,035 [WARN] PackLoader:240 - Cannot read IP mode file for STMicroelectronics.X-CUBE-AZRTOS-WL.2.0.0
2024-05-17 19:43:10,049 [WARN] PackLoader:240 - Cannot read IP mode file for STMicroelectronics.FP-SNS-MOTENV1.5.0.0
2024-05-17 19:43:10,067 [WARN] PackLoader:240 - Cannot read IP mode file for WES.I-CUBE-Cesium.1.3.0
2024-05-17 19:43:10,080 [WARN] PackLoader:240 - Cannot read IP mode file for STMicroelectronics.X-CUBE-BLE2.3.3.0
2024-05-17 19:43:10,095 [WARN] PackLoader:240 - Cannot read IP mode file for STMicroelectronics.X-CUBE-DISPLAY.2.2.0
2024-05-17 19:43:10,120 [WARN] PackLoader:240 - Cannot read IP mode file for STMicroelectronics.X-CUBE-TOF1.3.2.0
2024-05-17 19:43:10,138 [WARN] PackLoader:240 - Cannot read IP mode file for STMicroelectronics.X-CUBE-ISPU.1.0.0
2024-05-17 19:43:10,167 [WARN] PackLoader:240 - Cannot read IP mode file for STMicroelectronics.X-CUBE-AZRTOS-H7.2.1.0
2024-05-17 19:43:10,183 [WARN] PackLoader:240 - Cannot read IP mode file for STMicroelectronics.X-CUBE-TCPP.4.1.0
2024-05-17 19:43:10,195 [WARN] PackLoader:240 - Cannot read IP mode file for STMicroelectronics.X-CUBE-AI.7.3.0
2024-05-17 19:43:10,211 [WARN] PackLoader:240 - Cannot read IP mode file for STMicroelectronics.X-CUBE-ALGOBUILD.1.3.0
2024-05-17 19:43:10,243 [WARN] PackLoader:240 - Cannot read IP mode file for STMicroelectronics.X-CUBE-AZRTOS-G0.1.1.0
2024-05-17 19:43:10,292 [WARN] PackLoader:240 - Cannot read IP mode file for STMicroelectronics.X-CUBE-SAFEA1.1.2.2
2024-05-17 19:43:10,307 [WARN] PackLoader:240 - Cannot read IP mode file for STMicroelectronics.X-CUBE-NFC4.3.0.0
2024-05-17 19:43:10,354 [WARN] PackLoader:240 - Cannot read IP mode file for SEGGER.I-CUBE-embOS.1.2.0
2024-05-17 19:43:10,386 [WARN] PackLoader:240 - Cannot read IP mode file for STMicroelectronics.FP-ATR-SIGFOX1.3.2.0
2024-05-17 19:43:10,402 [WARN] PackLoader:240 - Cannot read IP mode file for STMicroelectronics.X-CUBE-EEPRMA1.5.1.0
2024-05-17 19:43:10,420 [WARN] PackLoader:240 - Cannot read IP mode file for emotas.I-CUBE-CANOPEN.1.1.2
2024-05-17 19:43:10,433 [WARN] PackLoader:240 - Cannot read IP mode file for STMicroelectronics.X-CUBE-TOUCHGFX.4.20.0
2024-05-17 19:43:10,468 [WARN] PackLoader:240 - Cannot read IP mode file for SEGGER.I-CUBE-embOS.1.3.1
2024-05-17 19:43:10,497 [WARN] PackLoader:240 - Cannot read IP mode file for STMicroelectronics.X-CUBE-ALGOBUILD.1.4.0
2024-05-17 19:43:10,513 [WARN] PackLoader:240 - Cannot read IP mode file for STMicroelectronics.X-CUBE-TOF1.3.0.0
2024-05-17 19:43:10,529 [WARN] PackLoader:240 - Cannot read IP mode file for STMicroelectronics.X-CUBE-GNSS1.6.0.0
2024-05-17 19:43:10,566 [WARN] PackLoader:240 - Cannot read IP mode file for STMicroelectronics.X-CUBE-AZRTOS-F4.1.1.0
2024-05-17 19:43:10,580 [WARN] PackLoader:240 - Cannot read IP mode file for STMicroelectronics.X-CUBE-FREERTOS.1.2.0
2024-05-17 19:43:10,597 [WARN] PackLoader:240 - Cannot read IP mode file for STMicroelectronics.X-CUBE-BLEMGR.1.2.0
2024-05-17 19:43:10,626 [WARN] PackLoader:240 - Cannot read IP mode file for STMicroelectronics.X-CUBE-AZRTOS-L5.2.0.0
2024-05-17 19:43:10,677 [WARN] PackLoader:240 - Cannot read IP mode file for STMicroelectronics.X-CUBE-MEMS1.9.6.0
2024-05-17 19:43:10,829 [WARN] PackLoader:240 - Cannot read IP mode file for STMicroelectronics.X-CUBE-NFC6.3.1.0
2024-05-17 19:43:10,843 [WARN] PackLoader:240 - Cannot read IP mode file for ITTIA_DB.I-CUBE-ITTIADB.8.8.0
2024-05-17 19:43:10,858 [WARN] PackLoader:240 - Cannot read IP mode file for STMicroelectronics.X-CUBE-BLEMGR.2.0.0
2024-05-17 19:43:10,872 [WARN] PackLoader:240 - Cannot read IP mode file for STMicroelectronics.X-CUBE-NFC4.2.0.4
2024-05-17 19:43:10,885 [WARN] PackLoader:240 - Cannot read IP mode file for STMicroelectronics.X-CUBE-AI.9.0.0
2024-05-17 19:43:10,912 [WARN] ConditionMgr:438 - getConditionDescription Invalid condition id : UX DEVICE CLASS RTOS Condition cause : null
2024-05-17 19:43:10,912 [WARN] ConditionMgr:438 - getConditionDescription Invalid condition id : UX DEVICE CLASS RTOS Condition cause : null
2024-05-17 19:43:10,914 [WARN] PackLoader:240 - Cannot read IP mode file for STMicroelectronics.X-CUBE-AZRTOS-H7.3.1.0
2024-05-17 19:43:10,916 [WARN] ConditionMgr:1039 - genDependencies : Invalid condition id : UX DEVICE CLASS RTOS Condition cause : null
2024-05-17 19:43:10,916 [WARN] ConditionMgr:1039 - genDependencies : Invalid condition id : UX DEVICE CLASS RTOS Condition cause : null
2024-05-17 19:43:10,916 [WARN] ConditionMgr:1039 - genDependencies : Invalid condition id : UX DEVICE CLASS RTOS Condition cause : null
2024-05-17 19:43:10,917 [WARN] ConditionMgr:1039 - genDependencies : Invalid condition id : UX DEVICE CLASS RTOS Condition cause : null
2024-05-17 19:43:10,917 [WARN] ConditionMgr:1039 - genDependencies : Invalid condition id : UX DEVICE CLASS RTOS Condition cause : null
2024-05-17 19:43:10,931 [WARN] PackLoader:240 - Cannot read IP mode file for STMicroelectronics.X-CUBE-SFXS2LP1.3.1.0
2024-05-17 19:43:10,960 [WARN] PackLoader:240 - Cannot read IP mode file for STMicroelectronics.X-CUBE-AZRTOS-F4.1.0.0
2024-05-17 19:43:10,976 [WARN] PackLoader:240 - Cannot read IP mode file for STMicroelectronics.X-CUBE-NFC7.1.0.1
2024-05-17 19:43:10,991 [WARN] PackLoader:240 - Cannot read IP mode file for STMicroelectronics.X-CUBE-NFC7.1.0.0
2024-05-17 19:43:11,007 [WARN] PackLoader:240 - Cannot read IP mode file for STMicroelectronics.X-CUBE-NFC6.3.0.0
2024-05-17 19:43:11,023 [WARN] PackLoader:240 - Cannot read IP mode file for STMicroelectronics.X-CUBE-EEPRMA1.4.1.0
2024-05-17 19:43:11,036 [WARN] PackLoader:240 - Cannot read IP mode file for STMicroelectronics.X-CUBE-AI.8.1.0
2024-05-17 19:43:11,068 [WARN] PackLoader:240 - Cannot read IP mode file for STMicroelectronics.X-CUBE-AZRTOS-G0.1.0.0
2024-05-17 19:43:11,102 [WARN] ConditionMgr:438 - getConditionDescription Invalid condition id : LAN8742 Phy interface Condition cause : null
2024-05-17 19:43:11,103 [WARN] PackLoader:240 - Cannot read IP mode file for STMicroelectronics.X-CUBE-AZRTOS-L4.2.0.0
2024-05-17 19:43:11,104 [WARN] ConditionMgr:1039 - genDependencies : Invalid condition id : LAN8742 Phy interface Condition cause : null
2024-05-17 19:43:11,105 [WARN] ConditionMgr:1039 - genDependencies : Invalid condition id : LAN8742 Phy interface Condition cause : null
2024-05-17 19:43:11,105 [WARN] ConditionMgr:1039 - genDependencies : Invalid condition id : LAN8742 Phy interface Condition cause : null
2024-05-17 19:43:11,121 [WARN] PackLoader:240 - Cannot read IP mode file for STMicroelectronics.X-CUBE-SFXS2LP1.4.0.0
2024-05-17 19:43:11,136 [WARN] PackLoader:240 - Cannot read IP mode file for STMicroelectronics.X-CUBE-ISPU.1.1.0
2024-05-17 19:43:11,152 [WARN] PackLoader:240 - Cannot read IP mode file for RoweBots.I-CUBE-UNISONRTOS.5.5.0-4
2024-05-17 19:43:11,175 [WARN] ConditionMgr:438 - getConditionDescription Invalid condition id : UX DEVICE CLASS RTOS Condition cause : null
2024-05-17 19:43:11,175 [WARN] ConditionMgr:438 - getConditionDescription Invalid condition id : UX DEVICE CLASS RTOS Condition cause : null
2024-05-17 19:43:11,177 [WARN] PackLoader:240 - Cannot read IP mode file for STMicroelectronics.X-CUBE-AZRTOS-WB.2.0.0
2024-05-17 19:43:11,177 [WARN] ConditionMgr:1039 - genDependencies : Invalid condition id : UX DEVICE CLASS RTOS Condition cause : null
2024-05-17 19:43:11,177 [WARN] ConditionMgr:1039 - genDependencies : Invalid condition id : UX DEVICE CLASS RTOS Condition cause : null
2024-05-17 19:43:11,178 [WARN] ConditionMgr:1039 - genDependencies : Invalid condition id : UX DEVICE CLASS RTOS Condition cause : null
2024-05-17 19:43:11,178 [WARN] ConditionMgr:1039 - genDependencies : Invalid condition id : UX DEVICE CLASS RTOS Condition cause : null
2024-05-17 19:43:11,178 [WARN] ConditionMgr:1039 - genDependencies : Invalid condition id : UX DEVICE CLASS RTOS Condition cause : null
2024-05-17 19:43:11,193 [WARN] PackLoader:240 - Cannot read IP mode file for STMicroelectronics.X-CUBE-BLEMGR.1.0.0
2024-05-17 19:43:11,211 [WARN] PackLoader:240 - Cannot read IP mode file for STMicroelectronics.X-CUBE-SUBG2.5.0.0
2024-05-17 19:43:11,219 [WARN] PackLoader:240 - Cannot read IP mode file for Cesanta.I-CUBE-Mongoose.7.13.0
2024-05-17 19:43:11,240 [WARN] PackLoader:240 - Cannot read IP mode file for STMicroelectronics.X-CUBE-TOF1.3.3.1
2024-05-17 19:43:11,272 [WARN] PackLoader:240 - Cannot read IP mode file for STMicroelectronics.X-CUBE-AZRTOS-G4.2.0.0
2024-05-17 19:43:11,286 [WARN] PackLoader:240 - Cannot read IP mode file for STMicroelectronics.FP-ATR-ASTRA1.1.1.1
2024-05-17 19:43:11,306 [WARN] PackLoader:240 - Cannot read IP mode file for Infineon.AIROC-Wi-Fi-Bluetooth-STM32.1.5.1
2024-05-17 19:43:11,320 [WARN] PackLoader:240 - Cannot read IP mode file for STMicroelectronics.FP-ATR-ASTRA1.1.1.0
2024-05-17 19:43:11,332 [WARN] PackLoader:240 - Cannot read IP mode file for STMicroelectronics.FP-SNS-MOTENVWB1.1.3.1
2024-05-17 19:43:11,354 [WARN] PackLoader:240 - Cannot read IP mode file for STMicroelectronics.X-CUBE-AZRTOS-G4.1.0.0
2024-05-17 19:43:11,368 [WARN] PackLoader:240 - Cannot read IP mode file for wolfSSL.I-CUBE-wolfSSL.5.3.0
2024-05-17 19:43:11,395 [WARN] PackLoader:240 - Cannot read IP mode file for STMicroelectronics.X-CUBE-AZRTOS-L4.1.0.0
2024-05-17 19:43:11,410 [WARN] PackLoader:240 - Cannot read IP mode file for STMicroelectronics.X-CUBE-ISPU.2.0.0
2024-05-17 19:43:11,454 [WARN] PackLoader:240 - Cannot read IP mode file for STMicroelectronics.X-CUBE-MEMS1.10.0.0
2024-05-17 19:43:11,584 [WARN] PackLoader:240 - Cannot read IP mode file for STMicroelectronics.X-CUBE-FREERTOS.1.1.0
2024-05-17 19:43:11,617 [WARN] PackLoader:240 - Cannot read IP mode file for STMicroelectronics.X-CUBE-AZRTOS-F7.1.0.0
2024-05-17 19:43:11,650 [WARN] PackLoader:240 - Cannot read IP mode file for STMicroelectronics.X-CUBE-AZRTOS-WL.1.0.0
2024-05-17 19:43:11,671 [WARN] PackLoader:240 - Cannot read IP mode file for portGmbH.I-Cube-SoM-uGOAL.1.1.0
2024-05-17 19:43:11,688 [WARN] PackLoader:240 - Cannot read IP mode file for STMicroelectronics.X-CUBE-ALS.1.0.1
2024-05-17 19:43:11,728 [WARN] PackLoader:240 - Cannot read IP mode file for STMicroelectronics.X-CUBE-AZRTOS-L5.1.0.0
2024-05-17 19:43:11,751 [WARN] PackLoader:240 - Cannot read IP mode file for STMicroelectronics.X-CUBE-EEPRMA1.3.1.1
2024-05-17 19:43:11,794 [WARN] PackLoader:240 - Cannot read IP mode file for STMicroelectronics.X-CUBE-AZRTOS-H7RS.1.0.0
2024-05-17 19:43:11,812 [WARN] PackLoader:240 - Cannot read IP mode file for STMicroelectronics.X-CUBE-GNSS1.5.2.0
2024-05-17 19:43:11,822 [WARN] PackLoader:240 - Cannot read IP mode file for STMicroelectronics.FP-ATR-ASTRA1.2.0.0
2024-05-17 19:43:11,851 [WARN] PackLoader:240 - Cannot read IP mode file for STMicroelectronics.X-CUBE-TOF1.3.4.1
2024-05-17 19:43:11,894 [WARN] PackLoader:240 - Cannot read IP mode file for STMicroelectronics.X-CUBE-AZRTOS-H7.3.2.0
2024-05-17 19:43:11,897 [INFO] ThirdParty:978 - Integrity check success = true
2024-05-17 19:43:11,897 [INFO] IntegrityCheckThread:100 - exiting critical section [integrity check]
2024-05-17 19:43:11,897 [INFO] IntegrityCheckThread:103 - End integrity checks thread
2024-05-17 22:50:03,906 [ERROR] LogOutputStream:75 - [STDERR_REDIRECT] 
