2024-03-29 00:04:15,179 [WARN] IP:2119 - I2C_Coeff_DF not found: check if there is a RefParameter without a condition.
2024-03-29 00:04:15,187 [WARN] IP:2119 - Analog_Filter not found: check if there is a RefParameter without a condition.
2024-03-29 00:04:15,187 [WARN] IP:2119 - I2C_Coeff_DF not found: check if there is a RefParameter without a condition.
2024-03-29 00:04:15,187 [WARN] IP:2119 - Analog_Filter not found: check if there is a RefParameter without a condition.
2024-03-29 00:04:16,235 [INFO] UtilMem:75 - End SaveConfig() Used Memory: 788895032 Bytes (1073741824)
2024-03-29 00:04:17,268 [INFO] UtilMem:75 - End SaveConfig() Used Memory: 812490040 Bytes (1073741824)
2024-03-29 00:04:21,537 [INFO] UtilMem:75 - End SaveConfig() Used Memory: 879598904 Bytes (1073741824)
2024-03-29 00:04:21,878 [INFO] BlockDiagram:2759 - set Specific Code input for plugin: SYS
2024-03-29 00:04:21,878 [INFO] BlockDiagram:2759 - set Specific Code input for plugin: RCC
2024-03-29 00:04:21,878 [INFO] BlockDiagram:2759 - set Specific Code input for plugin: I2C
2024-03-29 00:04:21,878 [INFO] BlockDiagram:2759 - set Specific Code input for plugin: NVIC
2024-03-29 00:04:21,879 [INFO] BlockDiagram:2759 - set Specific Code input for plugin: GPIO
2024-03-29 00:04:21,880 [INFO] CodeGenerator:807 - code generatio: config db path: C:\ST\STM32CubeIDE_1.9.0\STM32CubeIDE\plugins\com.st.stm32cube.common.mx_6.10.0.202311202037\\db\
2024-03-29 00:04:21,881 [WARN] IP:2119 - I2C_Coeff_DF not found: check if there is a RefParameter without a condition.
2024-03-29 00:04:21,881 [WARN] IP:2119 - Analog_Filter not found: check if there is a RefParameter without a condition.
2024-03-29 00:04:22,139 [INFO] CodeEngine:255 - oldGeneratedFile, C:\Users\sherd\Documents\GitHub\stm32-cubeIDE-workspace\Tutorials\stm32f407_SSD1306_OLED\MXTmpFiles\license.tmp_save
2024-03-29 00:04:22,358 [INFO] CodeEngine:279 - Generated code: C:\Users\sherd\Documents\GitHub\stm32-cubeIDE-workspace\Tutorials\stm32f407_SSD1306_OLED\MXTmpFiles\license.tmp
2024-03-29 00:04:22,407 [INFO] CodeEngine:255 - oldGeneratedFile, C:\Users\sherd\Documents\GitHub\stm32-cubeIDE-workspace\Tutorials\stm32f407_SSD1306_OLED\MXTmpFiles\gpio.tmp_save
2024-03-29 00:04:22,625 [INFO] CodeEngine:279 - Generated code: C:\Users\sherd\Documents\GitHub\stm32-cubeIDE-workspace\Tutorials\stm32f407_SSD1306_OLED\MXTmpFiles\gpio.tmp
2024-03-29 00:04:22,806 [INFO] CodeEngine:255 - oldGeneratedFile, C:\Users\sherd\Documents\GitHub\stm32-cubeIDE-workspace\Tutorials\stm32f407_SSD1306_OLED\Core\Src\stm32f4xx_it.c_save
2024-03-29 00:04:23,205 [INFO] CodeEngine:279 - Generated code: C:\Users\sherd\Documents\GitHub\stm32-cubeIDE-workspace\Tutorials\stm32f407_SSD1306_OLED\Core\Src\stm32f4xx_it.c
2024-03-29 00:04:23,219 [INFO] CodeEngine:255 - oldGeneratedFile, C:\Users\sherd\Documents\GitHub\stm32-cubeIDE-workspace\Tutorials\stm32f407_SSD1306_OLED\Core\Inc\stm32f4xx_it.h_save
2024-03-29 00:04:23,345 [INFO] CodeEngine:279 - Generated code: C:\Users\sherd\Documents\GitHub\stm32-cubeIDE-workspace\Tutorials\stm32f407_SSD1306_OLED\Core\Inc\stm32f4xx_it.h
2024-03-29 00:04:23,404 [INFO] CodeEngine:255 - oldGeneratedFile, C:\Users\sherd\Documents\GitHub\stm32-cubeIDE-workspace\Tutorials\stm32f407_SSD1306_OLED\Core\Src\stm32f4xx_hal_msp.c_save
2024-03-29 00:04:23,586 [INFO] CodeEngine:279 - Generated code: C:\Users\sherd\Documents\GitHub\stm32-cubeIDE-workspace\Tutorials\stm32f407_SSD1306_OLED\Core\Src\stm32f4xx_hal_msp.c
2024-03-29 00:04:23,592 [INFO] CodeEngine:255 - oldGeneratedFile, C:\Users\sherd\Documents\GitHub\stm32-cubeIDE-workspace\Tutorials\stm32f407_SSD1306_OLED\MXTmpFiles\system.tmp_save
2024-03-29 00:04:23,695 [INFO] CodeEngine:279 - Generated code: C:\Users\sherd\Documents\GitHub\stm32-cubeIDE-workspace\Tutorials\stm32f407_SSD1306_OLED\MXTmpFiles\system.tmp
2024-03-29 00:04:23,731 [INFO] CodeEngine:311 - oldGeneratedFile, C:\Users\sherd\Documents\GitHub\stm32-cubeIDE-workspace\Tutorials\stm32f407_SSD1306_OLED\Core\Inc\stm32f4xx_hal_conf.h_save
2024-03-29 00:04:23,886 [INFO] CodeEngine:335 - Generated code: C:\Users\sherd\Documents\GitHub\stm32-cubeIDE-workspace\Tutorials\stm32f407_SSD1306_OLED\Core\Inc\stm32f4xx_hal_conf.h
2024-03-29 00:04:23,955 [INFO] CodeEngine:255 - oldGeneratedFile, C:\Users\sherd\Documents\GitHub\stm32-cubeIDE-workspace\Tutorials\stm32f407_SSD1306_OLED\Core\Inc\main.h_save
2024-03-29 00:04:24,175 [INFO] CodeEngine:279 - Generated code: C:\Users\sherd\Documents\GitHub\stm32-cubeIDE-workspace\Tutorials\stm32f407_SSD1306_OLED\Core\Inc\main.h
2024-03-29 00:04:24,218 [INFO] CodeEngine:255 - oldGeneratedFile, C:\Users\sherd\Documents\GitHub\stm32-cubeIDE-workspace\Tutorials\stm32f407_SSD1306_OLED\Core\Src\main.c_save
2024-03-29 00:04:24,425 [INFO] CodeEngine:279 - Generated code: C:\Users\sherd\Documents\GitHub\stm32-cubeIDE-workspace\Tutorials\stm32f407_SSD1306_OLED\Core\Src\main.c
2024-03-29 00:04:25,499 [INFO] ProjectBuilder:3076 - Time for Copy HAL[1] : 216mS.
2024-03-29 00:04:25,504 [INFO] ProjectBuilder:4485 - Project Generator version: 4.2.0-B44
2024-03-29 00:04:25,936 [INFO] ConfigFileManager:1495 - The Die is : DIE413
2024-03-29 00:04:28,110 [INFO] ProjectBuilder:4747 - Time for Generating toolchain IDE Files: 2606mS.
2024-03-29 00:04:28,111 [INFO] ProjectBuilder:2947 - Time for Copy CMSIS : 1mS.
2024-03-29 00:04:28,116 [INFO] ProjectBuilder:2947 - Time for Copy CMSIS : 0mS.
2024-03-29 00:24:21,411 [WARN] IP:2119 - I2C_Coeff_DF not found: check if there is a RefParameter without a condition.
2024-03-29 00:24:21,411 [WARN] IP:2119 - Analog_Filter not found: check if there is a RefParameter without a condition.
