2024-03-30 00:28:39,821 [INFO] Activator:176 - 


2024-03-30 00:28:39,828 [INFO] Activator:177 - !SESSION log4j initialized
2024-03-30 00:28:54,995 [INFO] LogOutputStream:77 - [STDOUT_REDIRECT] 
2024-03-30 00:28:56,390 [INFO] ApplicationProperties:184 - Using Application install path: C:\ST\STM32CubeIDE_1.9.0\STM32CubeIDE\plugins\com.st.stm32cube.common.mx_6.10.0.202311202037
2024-03-30 00:28:56,412 [INFO] DbMcusXml:78 - Set database path to: C:\ST\STM32CubeIDE_1.9.0\STM32CubeIDE\plugins\com.st.stm32cube.common.mx_6.10.0.202311202037\\db\/mcu/
2024-03-30 00:28:56,413 [INFO] ApiDb:274 - Set plugin database path to: C:\ST\STM32CubeIDE_1.9.0\STM32CubeIDE\plugins\com.st.stm32cube.common.mx_6.10.0.202311202037\\db\/plugins/boardmanager/
2024-03-30 00:28:56,413 [WARN] ApiDb:259 - Overriding images path with different value:  => C:\ST\STM32CubeIDE_1.9.0\STM32CubeIDE\plugins\com.st.stm32cube.common.mx_6.10.0.202311202037\\db\/plugins/mcufinder/images/
2024-03-30 00:28:56,422 [INFO] ApiDb:250 - Set database path to: C:\Users\sherd\.stmcufinder\plugins\mcufinder//mcu/
2024-03-30 00:28:56,424 [INFO] DbMcusAds:125 - Set database path to: C:\Users\sherd\.stmcufinder\plugins\mcufinder//mcu/
2024-03-30 00:28:56,427 [INFO] CrossReferenceDbSqlite:203 - Set database path to: C:\Users\sherd\.stmcufinder\plugins\mcufinder//mcu/cs/
2024-03-30 00:28:56,637 [INFO] RulesReader:64 - Compatibility file has been processed (297 Rules)
2024-03-30 00:28:56,732 [INFO] DbMcusXml:78 - Set database path to: C:\ST\STM32CubeIDE_1.9.0\STM32CubeIDE\plugins\com.st.stm32cube.common.mx_6.10.0.202311202037\\db\/mcu/
2024-03-30 00:28:56,732 [INFO] ApiDb:274 - Set plugin database path to: C:\ST\STM32CubeIDE_1.9.0\STM32CubeIDE\plugins\com.st.stm32cube.common.mx_6.10.0.202311202037\\db\/plugins/boardmanager/
2024-03-30 00:28:56,732 [INFO] ApiDb:261 - Set plugin images path to: C:\ST\STM32CubeIDE_1.9.0\STM32CubeIDE\plugins\com.st.stm32cube.common.mx_6.10.0.202311202037\\db\/plugins/mcufinder/images/
2024-03-30 00:28:56,733 [WARN] DbFile:41 - Overriding database path with different value: C:\Users\sherd\.stmcufinder\plugins\mcufinder/ => C:\Users\sherd\.stmcufinder\plugins\mcufinder
2024-03-30 00:28:56,733 [INFO] ApiDb:250 - Set database path to: C:\Users\sherd\.stmcufinder\plugins\mcufinder//mcu/
2024-03-30 00:28:56,733 [WARN] DbFile:41 - Overriding database path with different value: C:\Users\sherd\.stmcufinder\plugins\mcufinder/ => C:\Users\sherd\.stmcufinder\plugins\mcufinder
2024-03-30 00:28:56,733 [INFO] DbMcusAds:125 - Set database path to: C:\Users\sherd\.stmcufinder\plugins\mcufinder//mcu/
2024-03-30 00:28:56,733 [WARN] DbFile:41 - Overriding database path with different value: C:\Users\sherd\.stmcufinder\plugins\mcufinder/ => C:\Users\sherd\.stmcufinder\plugins\mcufinder
2024-03-30 00:28:56,733 [WARN] DbFile:41 - Overriding database path with different value: C:\Users\sherd\.stmcufinder\plugins\mcufinder/ => C:\Users\sherd\.stmcufinder\plugins\mcufinder
2024-03-30 00:28:56,733 [INFO] CrossReferenceDbSqlite:203 - Set database path to: C:\Users\sherd\.stmcufinder\plugins\mcufinder//mcu/cs/
2024-03-30 00:28:56,843 [INFO] MainPanel:264 - HeapMemory: 268435456
2024-03-30 00:28:56,980 [INFO] DbMcusXml:78 - Set database path to: C:\ST\STM32CubeIDE_1.9.0\STM32CubeIDE\plugins\com.st.stm32cube.common.mx_6.10.0.202311202037\\db\/mcu/
2024-03-30 00:28:56,980 [INFO] ApiDb:274 - Set plugin database path to: C:\ST\STM32CubeIDE_1.9.0\STM32CubeIDE\plugins\com.st.stm32cube.common.mx_6.10.0.202311202037\\db\/plugins/boardmanager/
2024-03-30 00:28:56,981 [INFO] ApiDb:261 - Set plugin images path to: C:\ST\STM32CubeIDE_1.9.0\STM32CubeIDE\plugins\com.st.stm32cube.common.mx_6.10.0.202311202037\\db\/plugins/mcufinder/images/
2024-03-30 00:28:56,981 [WARN] DbFile:41 - Overriding database path with different value: C:\Users\sherd\.stmcufinder\plugins\mcufinder/ => C:\Users\sherd\.stmcufinder\plugins\mcufinder
2024-03-30 00:28:56,981 [INFO] ApiDb:250 - Set database path to: C:\Users\sherd\.stmcufinder\plugins\mcufinder//mcu/
2024-03-30 00:28:56,981 [WARN] DbFile:41 - Overriding database path with different value: C:\Users\sherd\.stmcufinder\plugins\mcufinder/ => C:\Users\sherd\.stmcufinder\plugins\mcufinder
2024-03-30 00:28:56,981 [INFO] DbMcusAds:125 - Set database path to: C:\Users\sherd\.stmcufinder\plugins\mcufinder//mcu/
2024-03-30 00:28:56,981 [WARN] DbFile:41 - Overriding database path with different value: C:\Users\sherd\.stmcufinder\plugins\mcufinder/ => C:\Users\sherd\.stmcufinder\plugins\mcufinder
2024-03-30 00:28:56,981 [WARN] DbFile:41 - Overriding database path with different value: C:\Users\sherd\.stmcufinder\plugins\mcufinder/ => C:\Users\sherd\.stmcufinder\plugins\mcufinder
2024-03-30 00:28:56,982 [INFO] CrossReferenceDbSqlite:203 - Set database path to: C:\Users\sherd\.stmcufinder\plugins\mcufinder//mcu/cs/
2024-03-30 00:28:57,003 [INFO] ApplicationProperties:184 - Using Application install path: C:\ST\STM32CubeIDE_1.9.0\STM32CubeIDE\plugins\com.st.stm32cube.common.mx_6.10.0.202311202037
2024-03-30 00:28:57,005 [INFO] PluginManage:196 - Search for loadable plugins [exclusion list=, ]
2024-03-30 00:28:57,006 [INFO] PluginManage:310 - Check plugin analytics
2024-03-30 00:28:57,257 [INFO] AnalyticsPlugin:253 - Accepted Software Licenses: 
2024-03-30 00:28:57,258 [INFO] AnalyticsPlugin:255 - Accepted CMSIS Pack Licenses: 
2024-03-30 00:28:57,258 [INFO] AnalyticsPlugin:257 - Accepted Firmware Licenses: 
2024-03-30 00:28:57,261 [INFO] PluginManage:359 - Loaded plugin analytics (category:tool,tabindex:-1)
2024-03-30 00:28:57,261 [INFO] PluginManage:310 - Check plugin cadmodel
2024-03-30 00:28:57,271 [INFO] CADModel:105 - Init CAD model plugin
2024-03-30 00:28:57,271 [INFO] PluginManage:359 - Loaded plugin cadmodel (category:power,tabindex:5)
2024-03-30 00:28:57,271 [INFO] PluginManage:310 - Check plugin clock
2024-03-30 00:28:57,290 [INFO] PluginManage:359 - Loaded plugin clock (category:base,tabindex:2)
2024-03-30 00:28:57,290 [INFO] PluginManage:310 - Check plugin ddr
2024-03-30 00:28:57,294 [INFO] PluginManage:359 - Loaded plugin ddr (category:tool,tabindex:6)
2024-03-30 00:28:57,294 [INFO] PluginManage:310 - Check plugin filemanager
2024-03-30 00:28:57,531 [INFO] PluginManage:359 - Loaded plugin filemanager (category:base,tabindex:10)
2024-03-30 00:28:57,531 [INFO] PluginManage:310 - Check plugin ipmanager
2024-03-30 00:28:57,542 [INFO] PluginManage:359 - Loaded plugin ipmanager (category:base,tabindex:5)
2024-03-30 00:28:57,542 [INFO] PluginManage:310 - Check plugin lpbam
2024-03-30 00:28:57,554 [INFO] PluginManage:359 - Loaded plugin lpbam (category:base,tabindex:0)
2024-03-30 00:28:57,554 [INFO] PluginManage:310 - Check plugin memorymap
2024-03-30 00:28:57,578 [INFO] PluginManage:359 - Loaded plugin memorymap (category:base,tabindex:4)
2024-03-30 00:28:57,578 [INFO] PluginManage:310 - Check plugin pinoutandconfiguration
2024-03-30 00:28:57,590 [INFO] PluginManage:359 - Loaded plugin pinoutandconfiguration (category:base,tabindex:1)
2024-03-30 00:28:57,590 [INFO] PluginManage:310 - Check plugin pinoutconfig
2024-03-30 00:28:57,711 [WARN] SupportedApi:132 - Cannot load RTOS API schema: s4s-elt-must-match.1: The content of 'definitions' must match (annotation?, (simpleType | complexType)?, (unique | key | keyref)*)). A problem was found starting at: attribute.
2024-03-30 00:28:57,909 [INFO] PluginManage:359 - Loaded plugin pinoutconfig (category:base,tabindex:0)
2024-03-30 00:28:57,909 [INFO] PluginManage:310 - Check plugin power
2024-03-30 00:28:57,925 [INFO] PluginManage:359 - Loaded plugin power (category:power,tabindex:4)
2024-03-30 00:28:57,925 [INFO] PluginManage:310 - Check plugin projectmanager
2024-03-30 00:28:57,954 [INFO] PluginManage:359 - Loaded plugin projectmanager (category:projectmanager,tabindex:3)
2024-03-30 00:28:57,954 [INFO] PluginManage:310 - Check plugin thirdparty
2024-03-30 00:28:58,176 [INFO] PluginManage:359 - Loaded plugin thirdparty (category:base,tabindex:-1)
2024-03-30 00:28:58,177 [INFO] PluginManage:310 - Check plugin tools
2024-03-30 00:28:58,183 [INFO] PluginManage:359 - Loaded plugin tools (category:base,tabindex:7)
2024-03-30 00:28:58,184 [INFO] PluginManage:310 - Check plugin tutovideos
2024-03-30 00:28:58,196 [WARN] IntegrityCheckThread:84 - waiting for thirdparty lock release [integrity check]
2024-03-30 00:28:58,199 [INFO] IntegrityCheckThread:86 - entering critical section [integrity check]
2024-03-30 00:28:58,199 [INFO] ThirdPartyUpdaterWithRetryManager:70 - Updater plugin not ready yet. [1/15]
2024-03-30 00:28:58,486 [INFO] PluginManage:359 - Loaded plugin tutovideos (category:base,tabindex:-1)
2024-03-30 00:28:58,486 [INFO] PluginManage:310 - Check plugin updater
2024-03-30 00:28:58,532 [INFO] PluginManage:359 - Loaded plugin updater (category:base,tabindex:12)
2024-03-30 00:28:58,532 [INFO] PluginManage:310 - Check plugin userauth
2024-03-30 00:28:58,540 [INFO] UserAuth:114 - Init User Auth plugin
2024-03-30 00:28:58,541 [INFO] PluginManage:359 - Loaded plugin userauth (category:base,tabindex:14)
2024-03-30 00:28:58,541 [INFO] PluginManage:283 - PluginManage : Loaded plugins [17]
2024-03-30 00:28:58,850 [INFO] PinOutPanel:1499 - setPackage(No Configuration,No Configuration)
2024-03-30 00:28:58,986 [INFO] CADModel:165 - CPN selected for project level
2024-03-30 00:28:58,986 [INFO] CADModel:114 - Register for checkConnection events
2024-03-30 00:28:59,020 [INFO] IPUIPlugin:80 - create IPUIPlugin
2024-03-30 00:28:59,021 [INFO] PluginManager:220 - loadIPPluginJar : add adc
2024-03-30 00:28:59,026 [INFO] IPUIPlugin:80 - create IPUIPlugin
2024-03-30 00:28:59,026 [INFO] PluginManager:220 - loadIPPluginJar : add aes
2024-03-30 00:28:59,031 [INFO] IPUIPlugin:80 - create IPUIPlugin
2024-03-30 00:28:59,031 [INFO] PluginManager:220 - loadIPPluginJar : add can
2024-03-30 00:28:59,035 [INFO] IPUIPlugin:80 - create IPUIPlugin
2024-03-30 00:28:59,035 [INFO] PluginManager:220 - loadIPPluginJar : add comp
2024-03-30 00:28:59,040 [INFO] IPUIPlugin:80 - create IPUIPlugin
2024-03-30 00:28:59,041 [INFO] PluginManager:220 - loadIPPluginJar : add cryp
2024-03-30 00:28:59,046 [INFO] IPUIPlugin:80 - create IPUIPlugin
2024-03-30 00:28:59,046 [INFO] PluginManager:220 - loadIPPluginJar : add dfsdm
2024-03-30 00:28:59,055 [INFO] IPUIPlugin:80 - create IPUIPlugin
2024-03-30 00:28:59,056 [INFO] PluginManager:220 - loadIPPluginJar : add dma
2024-03-30 00:28:59,060 [INFO] IPUIPlugin:80 - create IPUIPlugin
2024-03-30 00:28:59,060 [INFO] PluginManager:220 - loadIPPluginJar : add dma3
2024-03-30 00:28:59,063 [INFO] IPUIPlugin:80 - create IPUIPlugin
2024-03-30 00:28:59,063 [INFO] PluginManager:220 - loadIPPluginJar : add fatfs
2024-03-30 00:28:59,069 [INFO] IPUIPlugin:80 - create IPUIPlugin
2024-03-30 00:28:59,070 [INFO] PluginManager:220 - loadIPPluginJar : add fmc
2024-03-30 00:28:59,077 [INFO] IPUIPlugin:80 - create IPUIPlugin
2024-03-30 00:28:59,077 [INFO] PluginManager:220 - loadIPPluginJar : add freertos
2024-03-30 00:28:59,079 [INFO] IPUIPlugin:80 - create IPUIPlugin
2024-03-30 00:28:59,080 [INFO] PluginManager:220 - loadIPPluginJar : add genericplugin
2024-03-30 00:28:59,083 [INFO] IPUIPlugin:80 - create IPUIPlugin
2024-03-30 00:28:59,083 [INFO] PluginManager:220 - loadIPPluginJar : add gfxmmu
2024-03-30 00:28:59,089 [INFO] IPUIPlugin:80 - create IPUIPlugin
2024-03-30 00:28:59,090 [INFO] PluginManager:220 - loadIPPluginJar : add gic
2024-03-30 00:28:59,096 [INFO] IPUIPlugin:80 - create IPUIPlugin
2024-03-30 00:28:59,097 [INFO] PluginManager:220 - loadIPPluginJar : add gpio
2024-03-30 00:28:59,101 [INFO] IPUIPlugin:80 - create IPUIPlugin
2024-03-30 00:28:59,101 [INFO] PluginManager:220 - loadIPPluginJar : add gtzc
2024-03-30 00:28:59,104 [INFO] IPUIPlugin:80 - create IPUIPlugin
2024-03-30 00:28:59,105 [INFO] PluginManager:220 - loadIPPluginJar : add hash
2024-03-30 00:28:59,110 [INFO] IPUIPlugin:80 - create IPUIPlugin
2024-03-30 00:28:59,110 [INFO] PluginManager:220 - loadIPPluginJar : add i2c
2024-03-30 00:28:59,114 [INFO] IPUIPlugin:80 - create IPUIPlugin
2024-03-30 00:28:59,114 [INFO] PluginManager:220 - loadIPPluginJar : add i2s
2024-03-30 00:28:59,118 [INFO] IPUIPlugin:80 - create IPUIPlugin
2024-03-30 00:28:59,118 [INFO] PluginManager:220 - loadIPPluginJar : add i3c
2024-03-30 00:28:59,124 [INFO] IPUIPlugin:80 - create IPUIPlugin
2024-03-30 00:28:59,124 [INFO] PluginManager:220 - loadIPPluginJar : add ipddr
2024-03-30 00:28:59,134 [INFO] IPUIPlugin:80 - create IPUIPlugin
2024-03-30 00:28:59,134 [INFO] PluginManager:220 - loadIPPluginJar : add linkedlist
2024-03-30 00:28:59,140 [INFO] IPUIPlugin:80 - create IPUIPlugin
2024-03-30 00:28:59,140 [INFO] PluginManager:220 - loadIPPluginJar : add lorawan
2024-03-30 00:28:59,143 [INFO] IPUIPlugin:80 - create IPUIPlugin
2024-03-30 00:28:59,143 [INFO] PluginManager:220 - loadIPPluginJar : add ltdc
2024-03-30 00:28:59,153 [INFO] IPUIPlugin:80 - create IPUIPlugin
2024-03-30 00:28:59,154 [INFO] PluginManager:220 - loadIPPluginJar : add mdma
2024-03-30 00:28:59,161 [INFO] IPUIPlugin:80 - create IPUIPlugin
2024-03-30 00:28:59,161 [INFO] PluginManager:220 - loadIPPluginJar : add nvic
2024-03-30 00:28:59,166 [INFO] IPUIPlugin:80 - create IPUIPlugin
2024-03-30 00:28:59,166 [INFO] PluginManager:220 - loadIPPluginJar : add opamp
2024-03-30 00:28:59,171 [INFO] IPUIPlugin:80 - create IPUIPlugin
2024-03-30 00:28:59,171 [INFO] PluginManager:220 - loadIPPluginJar : add openamp
2024-03-30 00:28:59,176 [INFO] IPUIPlugin:80 - create IPUIPlugin
2024-03-30 00:28:59,177 [INFO] PluginManager:220 - loadIPPluginJar : add pdm2pcm
2024-03-30 00:28:59,186 [INFO] IPUIPlugin:80 - create IPUIPlugin
2024-03-30 00:28:59,189 [INFO] PluginManager:220 - loadIPPluginJar : add plateformsettings
2024-03-30 00:28:59,192 [INFO] IPUIPlugin:80 - create IPUIPlugin
2024-03-30 00:28:59,192 [INFO] PluginManager:220 - loadIPPluginJar : add quadspi
2024-03-30 00:28:59,198 [INFO] IPUIPlugin:80 - create IPUIPlugin
2024-03-30 00:28:59,199 [INFO] PluginManager:220 - loadIPPluginJar : add resmgrutility
2024-03-30 00:28:59,205 [INFO] IPUIPlugin:80 - create IPUIPlugin
2024-03-30 00:28:59,205 [INFO] PluginManager:220 - loadIPPluginJar : add sai
2024-03-30 00:28:59,210 [INFO] IPUIPlugin:80 - create IPUIPlugin
2024-03-30 00:28:59,210 [INFO] PluginManager:220 - loadIPPluginJar : add spi
2024-03-30 00:28:59,220 [INFO] IPUIPlugin:80 - create IPUIPlugin
2024-03-30 00:28:59,220 [INFO] PluginManager:220 - loadIPPluginJar : add stm32_wpan
2024-03-30 00:28:59,224 [INFO] IPUIPlugin:80 - create IPUIPlugin
2024-03-30 00:28:59,224 [INFO] PluginManager:220 - loadIPPluginJar : add tim
2024-03-30 00:28:59,230 [INFO] IPUIPlugin:80 - create IPUIPlugin
2024-03-30 00:28:59,230 [INFO] PluginManager:220 - loadIPPluginJar : add touchsensing
2024-03-30 00:28:59,234 [INFO] IPUIPlugin:80 - create IPUIPlugin
2024-03-30 00:28:59,235 [INFO] PluginManager:220 - loadIPPluginJar : add tracer_emb
2024-03-30 00:28:59,238 [INFO] IPUIPlugin:80 - create IPUIPlugin
2024-03-30 00:28:59,238 [INFO] PluginManager:220 - loadIPPluginJar : add ts
2024-03-30 00:28:59,242 [INFO] IPUIPlugin:80 - create IPUIPlugin
2024-03-30 00:28:59,242 [INFO] PluginManager:220 - loadIPPluginJar : add tsc
2024-03-30 00:28:59,246 [INFO] IPUIPlugin:80 - create IPUIPlugin
2024-03-30 00:28:59,246 [INFO] PluginManager:220 - loadIPPluginJar : add ucpd
2024-03-30 00:28:59,252 [INFO] IPUIPlugin:80 - create IPUIPlugin
2024-03-30 00:28:59,252 [INFO] PluginManager:220 - loadIPPluginJar : add usart
2024-03-30 00:28:59,258 [INFO] IPUIPlugin:80 - create IPUIPlugin
2024-03-30 00:28:59,258 [INFO] PluginManager:220 - loadIPPluginJar : add usbx
2024-03-30 00:28:59,460 [INFO] CADModel:165 - CPN selected for project level
2024-03-30 00:28:59,460 [INFO] CADModel:114 - Register for checkConnection events
2024-03-30 00:28:59,461 [FATAL] Updater:308 - Updater called before beeing initialized
2024-03-30 00:28:59,461 [ERROR] CADModel:125 - Updater not yet initialized, retry later 
2024-03-30 00:28:59,692 [INFO] CADModel:165 - CPN selected for project level
2024-03-30 00:28:59,692 [INFO] CADModel:114 - Register for checkConnection events
2024-03-30 00:28:59,692 [FATAL] Updater:308 - Updater called before beeing initialized
2024-03-30 00:28:59,692 [ERROR] CADModel:125 - Updater not yet initialized, retry later 
2024-03-30 00:28:59,697 [FATAL] Updater:308 - Updater called before beeing initialized
2024-03-30 00:28:59,864 [FATAL] Updater:308 - Updater called before beeing initialized
2024-03-30 00:28:59,881 [INFO] DbMcusAds:53 - JSON generation date=Wed Nov 29 15:52:27 PKT 2023 (1701255147349)
2024-03-30 00:28:59,881 [FATAL] Updater:308 - Updater called before beeing initialized
2024-03-30 00:28:59,956 [WARN] DetailPanel:346 - Failed to get advertising image, set to default
2024-03-30 00:29:00,101 [FATAL] Updater:308 - Updater called before beeing initialized
2024-03-30 00:29:00,103 [FATAL] Updater:308 - Updater called before beeing initialized
2024-03-30 00:29:00,103 [FATAL] Updater:308 - Updater called before beeing initialized
2024-03-30 00:29:00,103 [WARN] DetailPanel:346 - Failed to get advertising image, set to default
2024-03-30 00:29:00,104 [FATAL] Updater:308 - Updater called before beeing initialized
2024-03-30 00:29:00,178 [ERROR] Updater:1120 - MainUpdater not yet initialized. External WinMGr cannot be set.
2024-03-30 00:29:00,183 [INFO] Updater:1056 - Updater Version found : 6.10.0
2024-03-30 00:29:00,211 [INFO] ApplicationProperties:184 - Using Application install path: C:\ST\STM32CubeIDE_1.9.0\STM32CubeIDE\plugins\com.st.stm32cube.common.mx_6.10.0.202311202037
2024-03-30 00:29:01,200 [INFO] ThirdPartyUpdaterWithRetryManager:70 - Updater plugin not ready yet. [2/15]
2024-03-30 00:29:01,799 [ERROR] LogOutputStream:75 - [STDERR_REDIRECT] Mar 30, 2024 12:29:01 AM java.util.prefs.WindowsPreferences <init>
2024-03-30 00:29:01,805 [ERROR] LogOutputStream:75 - [STDERR_REDIRECT] WARNING: Could not open/create prefs root node Software\JavaSoft\Prefs at root 0xffffffff80000002. Windows RegCreateKeyEx(...) returned error code 5.
2024-03-30 00:29:01,805 [ERROR] LogOutputStream:75 - [STDERR_REDIRECT] 
2024-03-30 00:29:03,851 [INFO] MainUpdater:2873 - connection check result : 10
2024-03-30 00:29:03,852 [INFO] MainUpdater:290 - Updater Check For Update Now.
2024-03-30 00:29:03,852 [INFO] MicroXplorer:498 - Change Database Version : DB.6.0.100
2024-03-30 00:29:03,861 [INFO] McuFinderGlobals:63 - Set McuFinder mode to 2 (CubeIDE integrated)
2024-03-30 00:29:03,881 [INFO] UserAuth:404 - Internet connection configuration mode: 1
2024-03-30 00:29:03,992 [INFO] JxBrowserEngine:152 - Initiate JxBrowser Engine with user profile folder
2024-03-30 00:29:04,201 [WARN] MainUpdater:1194 - Updater busy. Cannot search thirdparties
2024-03-30 00:29:04,201 [INFO] ThirdPartyUpdaterWithRetryManager:96 - Updater plugin is busy. [1/15]
2024-03-30 00:29:04,484 [INFO] CheckServerUpdateThread:120 - End of CheckServer Thread
2024-03-30 00:29:07,520 [WARN] PackLoader:240 - Cannot read IP mode file for STMicroelectronics.X-CUBE-SMBUS.2.1.0
2024-03-30 00:29:07,544 [WARN] PackLoader:240 - Cannot read IP mode file for STMicroelectronics.X-CUBE-TOUCHGFX.4.23.1
2024-03-30 00:29:07,562 [WARN] PackLoader:240 - Cannot read IP mode file for STMicroelectronics.X-CUBE-TOUCHGFX.4.23.0
2024-03-30 00:29:07,684 [WARN] PackLoader:240 - Cannot read IP mode file for STMicroelectronics.X-CUBE-MEMS1.9.2.0
2024-03-30 00:29:08,081 [WARN] PackLoader:240 - Cannot read IP mode file for STMicroelectronics.X-CUBE-AZRTOS-F7.1.1.0
2024-03-30 00:29:08,135 [WARN] PackLoader:240 - Cannot read IP mode file for STMicroelectronics.X-CUBE-AI.7.1.0
2024-03-30 00:29:08,159 [WARN] PackLoader:240 - Cannot read IP mode file for STMicroelectronics.X-CUBE-TOUCHGFX.4.19.1
2024-03-30 00:29:08,177 [WARN] PackLoader:240 - Cannot read IP mode file for STMicroelectronics.FP-SNS-MOTENV1.4.3.2
2024-03-30 00:29:08,202 [WARN] PackLoader:240 - Cannot read IP mode file for STMicroelectronics.X-CUBE-BLE1.6.2.3
2024-03-30 00:29:08,225 [WARN] PackLoader:240 - Cannot read IP mode file for STMicroelectronics.FP-SNS-FLIGHT1.5.0.2
2024-03-30 00:29:08,244 [WARN] PackLoader:240 - Cannot read IP mode file for STMicroelectronics.X-CUBE-BLE2.3.2.2
2024-03-30 00:29:08,271 [WARN] PackLoader:240 - Cannot read IP mode file for STMicroelectronics.X-CUBE-TOF1.3.1.0
2024-03-30 00:29:08,417 [WARN] PackLoader:240 - Cannot read IP mode file for STMicroelectronics.X-CUBE-DISPLAY.3.0.0
2024-03-30 00:29:08,476 [WARN] PackLoader:240 - Cannot read IP mode file for STMicroelectronics.X-CUBE-BLE1.7.0.0
2024-03-30 00:29:08,491 [WARN] PackLoader:240 - Cannot read IP mode file for STMicroelectronics.X-CUBE-TOUCHGFX.4.22.0
2024-03-30 00:29:08,610 [WARN] PackLoader:240 - Cannot read IP mode file for STMicroelectronics.X-CUBE-MEMS1.9.3.0
2024-03-30 00:29:08,856 [WARN] PackLoader:240 - Cannot read IP mode file for STMicroelectronics.X-CUBE-AI.7.2.0
2024-03-30 00:29:08,890 [WARN] PackLoader:240 - Cannot read IP mode file for STMicroelectronics.X-CUBE-BLEMGR.3.1.0
2024-03-30 00:29:08,912 [WARN] PackLoader:240 - Cannot read IP mode file for STMicroelectronics.FP-SNS-SMARTAG2.1.2.0
2024-03-30 00:29:08,947 [INFO] LogOutputStream:77 - [STDOUT_REDIRECT] 1 : Invalid condition id : UX_CORESTACK_Condition cause : null
2024-03-30 00:29:08,948 [INFO] LogOutputStream:77 - [STDOUT_REDIRECT] 1 : Invalid condition id : UX_CORESTACK_Condition cause : null
2024-03-30 00:29:08,950 [INFO] LogOutputStream:77 - [STDOUT_REDIRECT] 1 : Invalid condition id : UX_CORESTACK_Condition cause : null
2024-03-30 00:29:08,952 [INFO] LogOutputStream:77 - [STDOUT_REDIRECT] 1 : Invalid condition id : UX_CORESTACK_Condition cause : null
2024-03-30 00:29:08,954 [INFO] LogOutputStream:77 - [STDOUT_REDIRECT] 1 : Invalid condition id : UX_CORESTACK_Condition cause : null
2024-03-30 00:29:08,959 [WARN] PackLoader:240 - Cannot read IP mode file for STMicroelectronics.X-CUBE-AZRTOS-WL.2.0.0
2024-03-30 00:29:09,159 [INFO] WebApp:161 - Instantiating new browser for Auth
2024-03-30 00:29:09,318 [WARN] PackLoader:240 - Cannot read IP mode file for STMicroelectronics.FP-SNS-MOTENV1.5.0.0
2024-03-30 00:29:09,346 [WARN] PackLoader:240 - Cannot read IP mode file for WES.I-CUBE-Cesium.1.3.0
2024-03-30 00:29:09,368 [WARN] PackLoader:240 - Cannot read IP mode file for STMicroelectronics.X-CUBE-BLE2.3.3.0
2024-03-30 00:29:09,391 [WARN] PackLoader:240 - Cannot read IP mode file for STMicroelectronics.X-CUBE-DISPLAY.2.2.0
2024-03-30 00:29:09,425 [WARN] PackLoader:240 - Cannot read IP mode file for STMicroelectronics.X-CUBE-TOF1.3.2.0
2024-03-30 00:29:09,455 [WARN] PackLoader:240 - Cannot read IP mode file for STMicroelectronics.X-CUBE-ISPU.1.0.0
2024-03-30 00:29:09,527 [WARN] PackLoader:240 - Cannot read IP mode file for STMicroelectronics.X-CUBE-AZRTOS-H7.2.1.0
2024-03-30 00:29:09,580 [WARN] PackLoader:240 - Cannot read IP mode file for STMicroelectronics.X-CUBE-AI.7.3.0
2024-03-30 00:29:09,713 [WARN] PackLoader:240 - Cannot read IP mode file for STMicroelectronics.X-CUBE-ALGOBUILD.1.3.0
2024-03-30 00:29:09,794 [WARN] PackLoader:240 - Cannot read IP mode file for STMicroelectronics.X-CUBE-AZRTOS-G0.1.1.0
2024-03-30 00:29:09,885 [WARN] PackLoader:240 - Cannot read IP mode file for STMicroelectronics.X-CUBE-SAFEA1.1.2.2
2024-03-30 00:29:09,925 [WARN] PackLoader:240 - Cannot read IP mode file for STMicroelectronics.X-CUBE-NFC4.3.0.0
2024-03-30 00:29:10,058 [WARN] PackLoader:240 - Cannot read IP mode file for SEGGER.I-CUBE-embOS.1.2.0
2024-03-30 00:29:10,138 [WARN] PackLoader:240 - Cannot read IP mode file for STMicroelectronics.FP-ATR-SIGFOX1.3.2.0
2024-03-30 00:29:10,197 [WARN] PackLoader:240 - Cannot read IP mode file for STMicroelectronics.X-CUBE-EEPRMA1.5.1.0
2024-03-30 00:29:10,232 [WARN] PackLoader:240 - Cannot read IP mode file for emotas.I-CUBE-CANOPEN.1.1.2
2024-03-30 00:29:10,259 [WARN] PackLoader:240 - Cannot read IP mode file for STMicroelectronics.X-CUBE-TOUCHGFX.4.20.0
2024-03-30 00:29:10,310 [WARN] PackLoader:240 - Cannot read IP mode file for SEGGER.I-CUBE-embOS.1.3.1
2024-03-30 00:29:10,445 [WARN] PackLoader:240 - Cannot read IP mode file for STMicroelectronics.X-CUBE-TOF1.3.0.0
2024-03-30 00:29:10,538 [WARN] PackLoader:240 - Cannot read IP mode file for STMicroelectronics.X-CUBE-GNSS1.6.0.0
2024-03-30 00:29:10,607 [WARN] PackLoader:240 - Cannot read IP mode file for STMicroelectronics.X-CUBE-AZRTOS-F4.1.1.0
2024-03-30 00:29:10,633 [WARN] PackLoader:240 - Cannot read IP mode file for STMicroelectronics.X-CUBE-BLEMGR.1.2.0
2024-03-30 00:29:10,675 [WARN] PackLoader:240 - Cannot read IP mode file for STMicroelectronics.X-CUBE-AZRTOS-L5.2.0.0
2024-03-30 00:29:10,766 [WARN] PackLoader:240 - Cannot read IP mode file for STMicroelectronics.X-CUBE-MEMS1.9.6.0
2024-03-30 00:29:11,086 [INFO] WebApp:780 - Register for checkConnection events
2024-03-30 00:29:11,086 [INFO] WebApp:414 - Apply proxy settings
2024-03-30 00:29:11,087 [INFO] WebApp:499 - Chromium requires no authentication
2024-03-30 00:29:11,095 [WARN] PackLoader:240 - Cannot read IP mode file for STMicroelectronics.X-CUBE-NFC6.3.1.0
2024-03-30 00:29:11,106 [INFO] WebApp:442 - Direct internet connection detected
2024-03-30 00:29:11,122 [WARN] PackLoader:240 - Cannot read IP mode file for ITTIA_DB.I-CUBE-ITTIADB.8.8.0
2024-03-30 00:29:11,180 [WARN] PackLoader:240 - Cannot read IP mode file for STMicroelectronics.X-CUBE-BLEMGR.2.0.0
2024-03-30 00:29:11,223 [WARN] PackLoader:240 - Cannot read IP mode file for STMicroelectronics.X-CUBE-NFC4.2.0.4
2024-03-30 00:29:11,266 [WARN] ConditionMgr:438 - getConditionDescription Invalid condition id : UX DEVICE CLASS RTOS Condition cause : null
2024-03-30 00:29:11,266 [WARN] ConditionMgr:438 - getConditionDescription Invalid condition id : UX DEVICE CLASS RTOS Condition cause : null
2024-03-30 00:29:11,271 [WARN] PackLoader:240 - Cannot read IP mode file for STMicroelectronics.X-CUBE-AZRTOS-H7.3.1.0
2024-03-30 00:29:11,274 [WARN] ConditionMgr:1039 - genDependencies : Invalid condition id : UX DEVICE CLASS RTOS Condition cause : null
2024-03-30 00:29:11,274 [WARN] ConditionMgr:1039 - genDependencies : Invalid condition id : UX DEVICE CLASS RTOS Condition cause : null
2024-03-30 00:29:11,275 [WARN] ConditionMgr:1039 - genDependencies : Invalid condition id : UX DEVICE CLASS RTOS Condition cause : null
2024-03-30 00:29:11,275 [WARN] ConditionMgr:1039 - genDependencies : Invalid condition id : UX DEVICE CLASS RTOS Condition cause : null
2024-03-30 00:29:11,276 [WARN] ConditionMgr:1039 - genDependencies : Invalid condition id : UX DEVICE CLASS RTOS Condition cause : null
2024-03-30 00:29:11,304 [WARN] PackLoader:240 - Cannot read IP mode file for STMicroelectronics.X-CUBE-SFXS2LP1.3.1.0
2024-03-30 00:29:11,354 [WARN] PackLoader:240 - Cannot read IP mode file for STMicroelectronics.X-CUBE-AZRTOS-F4.1.0.0
2024-03-30 00:29:11,372 [WARN] PackLoader:240 - Cannot read IP mode file for STMicroelectronics.X-CUBE-NFC7.1.0.1
2024-03-30 00:29:11,391 [WARN] PackLoader:240 - Cannot read IP mode file for STMicroelectronics.X-CUBE-NFC7.1.0.0
2024-03-30 00:29:11,424 [WARN] PackLoader:240 - Cannot read IP mode file for STMicroelectronics.X-CUBE-NFC6.3.0.0
2024-03-30 00:29:11,497 [WARN] PackLoader:240 - Cannot read IP mode file for STMicroelectronics.X-CUBE-EEPRMA1.4.1.0
2024-03-30 00:29:11,537 [WARN] PackLoader:240 - Cannot read IP mode file for STMicroelectronics.X-CUBE-AI.8.1.0
2024-03-30 00:29:11,573 [WARN] PackLoader:240 - Cannot read IP mode file for STMicroelectronics.X-CUBE-AZRTOS-G0.1.0.0
2024-03-30 00:29:11,589 [INFO] WebApp:192 - Starting web application
2024-03-30 00:29:11,589 [INFO] WebApp:544 - Web application path used C:\ST\STM32CubeIDE_1.9.0\STM32CubeIDE\plugins\com.st.stm32cube.common.mx_6.10.0.202311202037\db\plugins\mcufinder\reactClient1\index.html
2024-03-30 00:29:11,631 [WARN] ConditionMgr:438 - getConditionDescription Invalid condition id : LAN8742 Phy interface Condition cause : null
2024-03-30 00:29:11,632 [WARN] PackLoader:240 - Cannot read IP mode file for STMicroelectronics.X-CUBE-AZRTOS-L4.2.0.0
2024-03-30 00:29:11,634 [WARN] ConditionMgr:1039 - genDependencies : Invalid condition id : LAN8742 Phy interface Condition cause : null
2024-03-30 00:29:11,635 [WARN] ConditionMgr:1039 - genDependencies : Invalid condition id : LAN8742 Phy interface Condition cause : null
2024-03-30 00:29:11,635 [WARN] ConditionMgr:1039 - genDependencies : Invalid condition id : LAN8742 Phy interface Condition cause : null
2024-03-30 00:29:11,679 [WARN] PackLoader:240 - Cannot read IP mode file for STMicroelectronics.X-CUBE-SFXS2LP1.4.0.0
2024-03-30 00:29:11,698 [WARN] PackLoader:240 - Cannot read IP mode file for STMicroelectronics.X-CUBE-ISPU.1.1.0
2024-03-30 00:29:11,725 [WARN] PackLoader:240 - Cannot read IP mode file for RoweBots.I-CUBE-UNISONRTOS.5.5.0-4
2024-03-30 00:29:11,762 [WARN] ConditionMgr:438 - getConditionDescription Invalid condition id : UX DEVICE CLASS RTOS Condition cause : null
2024-03-30 00:29:11,763 [WARN] ConditionMgr:438 - getConditionDescription Invalid condition id : UX DEVICE CLASS RTOS Condition cause : null
2024-03-30 00:29:11,766 [WARN] PackLoader:240 - Cannot read IP mode file for STMicroelectronics.X-CUBE-AZRTOS-WB.2.0.0
2024-03-30 00:29:11,767 [WARN] ConditionMgr:1039 - genDependencies : Invalid condition id : UX DEVICE CLASS RTOS Condition cause : null
2024-03-30 00:29:11,767 [WARN] ConditionMgr:1039 - genDependencies : Invalid condition id : UX DEVICE CLASS RTOS Condition cause : null
2024-03-30 00:29:11,768 [WARN] ConditionMgr:1039 - genDependencies : Invalid condition id : UX DEVICE CLASS RTOS Condition cause : null
2024-03-30 00:29:11,768 [WARN] ConditionMgr:1039 - genDependencies : Invalid condition id : UX DEVICE CLASS RTOS Condition cause : null
2024-03-30 00:29:11,768 [WARN] ConditionMgr:1039 - genDependencies : Invalid condition id : UX DEVICE CLASS RTOS Condition cause : null
2024-03-30 00:29:11,796 [WARN] PackLoader:240 - Cannot read IP mode file for STMicroelectronics.X-CUBE-BLEMGR.1.0.0
2024-03-30 00:29:11,829 [WARN] PackLoader:240 - Cannot read IP mode file for STMicroelectronics.X-CUBE-SUBG2.5.0.0
2024-03-30 00:29:11,878 [WARN] PackLoader:240 - Cannot read IP mode file for STMicroelectronics.X-CUBE-TOF1.3.3.1
2024-03-30 00:29:11,938 [WARN] PackLoader:240 - Cannot read IP mode file for STMicroelectronics.X-CUBE-AZRTOS-G4.2.0.0
2024-03-30 00:29:11,959 [WARN] PackLoader:240 - Cannot read IP mode file for STMicroelectronics.FP-ATR-ASTRA1.1.1.1
2024-03-30 00:29:12,000 [WARN] PackLoader:240 - Cannot read IP mode file for Infineon.AIROC-Wi-Fi-Bluetooth-STM32.1.5.1
2024-03-30 00:29:12,020 [WARN] PackLoader:240 - Cannot read IP mode file for STMicroelectronics.FP-ATR-ASTRA1.1.1.0
2024-03-30 00:29:12,128 [WARN] PackLoader:240 - Cannot read IP mode file for STMicroelectronics.FP-SNS-MOTENVWB1.1.3.1
2024-03-30 00:29:12,195 [ERROR] LogOutputStream:75 - [STDERR_REDIRECT] Mar 30, 2024 12:29:12 AM org.glassfish.grizzly.http.server.NetworkListener start
2024-03-30 00:29:12,197 [ERROR] LogOutputStream:75 - [STDERR_REDIRECT] INFO: Started listener bound to [localhost:1596]
2024-03-30 00:29:12,197 [ERROR] LogOutputStream:75 - [STDERR_REDIRECT] 
2024-03-30 00:29:12,198 [WARN] PackLoader:240 - Cannot read IP mode file for STMicroelectronics.X-CUBE-AZRTOS-G4.1.0.0
2024-03-30 00:29:12,200 [ERROR] LogOutputStream:75 - [STDERR_REDIRECT] Mar 30, 2024 12:29:12 AM org.glassfish.grizzly.http.server.HttpServer start
2024-03-30 00:29:12,201 [ERROR] LogOutputStream:75 - [STDERR_REDIRECT] INFO: [HttpServer] Started.
2024-03-30 00:29:12,201 [ERROR] LogOutputStream:75 - [STDERR_REDIRECT] 
2024-03-30 00:29:12,232 [WARN] PackLoader:240 - Cannot read IP mode file for wolfSSL.I-CUBE-wolfSSL.5.3.0
2024-03-30 00:29:12,267 [WARN] PackLoader:240 - Cannot read IP mode file for STMicroelectronics.X-CUBE-AZRTOS-L4.1.0.0
2024-03-30 00:29:12,285 [WARN] PackLoader:240 - Cannot read IP mode file for STMicroelectronics.X-CUBE-ISPU.2.0.0
2024-03-30 00:29:12,352 [WARN] PackLoader:240 - Cannot read IP mode file for STMicroelectronics.X-CUBE-MEMS1.10.0.0
2024-03-30 00:29:12,576 [WARN] PackLoader:240 - Cannot read IP mode file for STMicroelectronics.X-CUBE-FREERTOS.1.1.0
2024-03-30 00:29:12,637 [WARN] PackLoader:240 - Cannot read IP mode file for STMicroelectronics.X-CUBE-AZRTOS-F7.1.0.0
2024-03-30 00:29:12,681 [WARN] PackLoader:240 - Cannot read IP mode file for STMicroelectronics.X-CUBE-AZRTOS-WL.1.0.0
2024-03-30 00:29:12,702 [WARN] PackLoader:240 - Cannot read IP mode file for portGmbH.I-Cube-SoM-uGOAL.1.1.0
2024-03-30 00:29:12,721 [WARN] PackLoader:240 - Cannot read IP mode file for STMicroelectronics.X-CUBE-ALS.1.0.1
2024-03-30 00:29:12,758 [WARN] PackLoader:240 - Cannot read IP mode file for STMicroelectronics.X-CUBE-AZRTOS-L5.1.0.0
2024-03-30 00:29:12,776 [WARN] PackLoader:240 - Cannot read IP mode file for STMicroelectronics.X-CUBE-EEPRMA1.3.1.1
2024-03-30 00:29:12,792 [WARN] PackLoader:240 - Cannot read IP mode file for STMicroelectronics.X-CUBE-GNSS1.5.2.0
2024-03-30 00:29:12,803 [WARN] PackLoader:240 - Cannot read IP mode file for STMicroelectronics.FP-ATR-ASTRA1.2.0.0
2024-03-30 00:29:12,826 [WARN] PackLoader:240 - Cannot read IP mode file for STMicroelectronics.X-CUBE-TOF1.3.4.1
2024-03-30 00:29:12,878 [WARN] PackLoader:240 - Cannot read IP mode file for STMicroelectronics.X-CUBE-AZRTOS-H7.3.2.0
2024-03-30 00:29:12,881 [INFO] ThirdParty:978 - Integrity check success = true
2024-03-30 00:29:12,881 [INFO] IntegrityCheckThread:100 - exiting critical section [integrity check]
2024-03-30 00:29:12,882 [INFO] IntegrityCheckThread:103 - End integrity checks thread
2024-03-30 02:08:33,620 [INFO] McuFinderGlobals:63 - Set McuFinder mode to 2 (CubeIDE integrated)
2024-03-30 02:08:33,630 [INFO] MainUpdater:2873 - connection check result : 10
2024-03-30 02:08:33,631 [INFO] MainUpdater:2873 - connection check result : 10
2024-03-30 02:08:33,697 [INFO] MicroXplorer:468 - Change Database Path : 
2024-03-30 02:08:33,697 [INFO] MicroXplorer:498 - Change Database Version : DB.6.0.100
2024-03-30 02:08:33,703 [WARN] ThirdParty:871 - waiting for thirdparty lock release [close project]
2024-03-30 02:08:33,703 [INFO] ThirdParty:873 - entering critical section [close project]
2024-03-30 02:08:33,704 [INFO] ThirdParty:883 - exiting critical section [close project]
2024-03-30 02:08:33,707 [INFO] PinOutPanel:1499 - setPackage(No Configuration,No Configuration)
2024-03-30 02:08:33,714 [INFO] UtilMem:75 - Begin LoadConfig() Used Memory: 655564184 Bytes (1073741824)
2024-03-30 02:08:33,716 [INFO] MicroXplorer:468 - Change Database Path : 
2024-03-30 02:08:33,717 [INFO] MicroXplorer:498 - Change Database Version : DB.6.0.100
2024-03-30 02:08:33,717 [INFO] OpenFileManager:312 - Change cursor
2024-03-30 02:08:33,772 [INFO] Mcu:2016 - Initializing MCU STM32F407V(E-G)Tx STM32F407VGTx STM32F407VGT6
2024-03-30 02:08:35,872 [INFO] Context:659 - Trying to add GPIOservice into a context  which must be forbidden
2024-03-30 02:08:36,876 [INFO] RtosManager:555 - Registered RTOS mode: class=CMSIS, group=RTOS, mode=CMSIS_V1, owner=FREERTOS
2024-03-30 02:08:36,877 [INFO] RtosManager:555 - Registered RTOS mode: class=CMSIS, group=RTOS2, mode=CMSIS_V2, owner=FREERTOS
2024-03-30 02:08:36,877 [INFO] RtosManager:555 - Registered RTOS mode: class=RTOS, group=Core, mode=CMSIS_V1, owner=FREERTOS
2024-03-30 02:08:36,877 [INFO] RtosManager:555 - Registered RTOS mode: class=RTOS, group=Core, mode=CMSIS_V2, owner=FREERTOS
2024-03-30 02:08:36,877 [WARN] ModelIntegratedComponent:184 - Missing modes for component STMicroelectronics:FreeRTOS:0.0.1:STMicroelectronics:RTOS:FreeRTOS:Core:::10.2.0:
2024-03-30 02:08:36,887 [WARN] ModelIntegratedComponent:63 - No mode defined for component null
2024-03-30 02:08:36,887 [WARN] ModelIntegratedComponent:63 - No mode defined for component null
2024-03-30 02:08:36,887 [WARN] ModelIntegratedComponent:63 - No mode defined for component null
2024-03-30 02:08:36,887 [WARN] ModelIntegratedComponent:63 - No mode defined for component null
2024-03-30 02:08:36,888 [WARN] ModelIntegratedComponent:63 - No mode defined for component null
2024-03-30 02:08:36,888 [WARN] ModelIntegratedComponent:63 - No mode defined for component null
2024-03-30 02:08:36,888 [WARN] ModelIntegratedComponent:63 - No mode defined for component null
2024-03-30 02:08:36,888 [WARN] ModelIntegratedComponent:63 - No mode defined for component null
2024-03-30 02:08:36,888 [WARN] ModelIntegratedComponent:63 - No mode defined for component null
2024-03-30 02:08:36,888 [WARN] ModelIntegratedComponent:63 - No mode defined for component null
2024-03-30 02:08:36,888 [WARN] ModelIntegratedComponent:63 - No mode defined for component null
2024-03-30 02:08:36,888 [WARN] ModelIntegratedComponent:63 - No mode defined for component null
2024-03-30 02:08:36,888 [WARN] ModelIntegratedComponent:63 - No mode defined for component null
2024-03-30 02:08:36,888 [WARN] ModelIntegratedComponent:63 - No mode defined for component null
2024-03-30 02:08:36,888 [WARN] ModelIntegratedComponent:63 - No mode defined for component null
2024-03-30 02:08:36,888 [WARN] ModelIntegratedComponent:63 - No mode defined for component null
2024-03-30 02:08:36,888 [WARN] ModelIntegratedComponent:63 - No mode defined for component null
2024-03-30 02:08:36,888 [WARN] ModelIntegratedComponent:63 - No mode defined for component null
2024-03-30 02:08:36,888 [WARN] ModelIntegratedComponent:63 - No mode defined for component null
2024-03-30 02:08:36,888 [WARN] ModelIntegratedComponent:63 - No mode defined for component null
2024-03-30 02:08:36,888 [WARN] ModelIntegratedComponent:63 - No mode defined for component null
2024-03-30 02:08:36,889 [WARN] ModelIntegratedComponent:63 - No mode defined for component null
2024-03-30 02:08:36,889 [WARN] ModelIntegratedComponent:63 - No mode defined for component null
2024-03-30 02:08:36,889 [WARN] ModelIntegratedComponent:63 - No mode defined for component null
2024-03-30 02:08:36,889 [WARN] ModelIntegratedComponent:63 - No mode defined for component null
2024-03-30 02:08:36,889 [WARN] ModelIntegratedComponent:63 - No mode defined for component null
2024-03-30 02:08:36,889 [WARN] ModelIntegratedComponent:63 - No mode defined for component null
2024-03-30 02:08:36,889 [WARN] ModelIntegratedComponent:63 - No mode defined for component null
2024-03-30 02:08:36,889 [WARN] ModelIntegratedComponent:63 - No mode defined for component null
2024-03-30 02:08:36,889 [WARN] ModelIntegratedComponent:63 - No mode defined for component null
2024-03-30 02:08:36,889 [WARN] ModelIntegratedComponent:63 - No mode defined for component null
2024-03-30 02:08:36,889 [WARN] ModelIntegratedComponent:63 - No mode defined for component null
2024-03-30 02:08:36,889 [WARN] ModelIntegratedComponent:63 - No mode defined for component null
2024-03-30 02:08:37,109 [INFO] ThirdPartyModel:298 - Start build external matchings
2024-03-30 02:08:39,067 [INFO] ThirdPartyModel:316 - End build external matchings
2024-03-30 02:08:39,148 [INFO] ImportTextPane:194 - (OptionalMessage_ERROR) IP (RCC) : Parameter (RTCHSEDivFreq_Value) has invalid value (4000000)
2024-03-30 02:08:39,615 [INFO] UtilMem:75 - End LoadConfig() Used Memory: 883882432 Bytes (1073741824)
2024-03-30 02:08:39,751 [INFO] ApiDb:581 - Connected to CubeFinder SQLite database (C:\Users\sherd\.stmcufinder\plugins\mcufinder\mcu\cube-finder-db.db)
2024-03-30 02:08:39,885 [INFO] ApiDb:668 - CubeFinder database Data Model version=2.1
2024-03-30 02:08:39,885 [INFO] ApiDb:669 - CubeFinder database Configuration version=3.0.39
2024-03-30 02:08:39,887 [INFO] ApiDb:670 - CubeFinder database generation date=2024-03-01 (1709305525)
2024-03-30 02:08:39,887 [INFO] ApiDb:671 - CubeFinder database FW Pack versions=[FP-ATR-ASTRA1_V2.0.0, FP-SNS-FLIGHT1_V5.0.1, FP-SNS-FLIGHT1_V5.0.2, FP-SNS-MOTENV1_V4.3.1, FP-SNS-MOTENV1_V4.3.2, FP-SNS-MOTENVWB1_V1.3.1, FP-SNS-SMARTAG2_V1.2.0, STM32Cube_FW_C0_V1.1.0, STM32Cube_FW_F4_V1.28.0, STM32Cube_FW_F7_V1.17.0, STM32Cube_FW_G0_V1.6.2, STM32Cube_FW_G4_V1.5.2, STM32Cube_FW_H5_V0.5.1, STM32Cube_FW_H5_V1.1.1, STM32Cube_FW_H5_V1.2.0, STM32Cube_FW_H5_V1.2.0RC4, STM32Cube_FW_H7RS_V1.0.0, STM32Cube_FW_H7RS_V1.0.0RC4, STM32Cube_FW_H7_V1.11.0, STM32Cube_FW_L0_V1.12.2, STM32Cube_FW_L5_V1.5.1, STM32Cube_FW_U0_V1.0.0, STM32Cube_FW_U0_V1.0.0RC1, STM32Cube_FW_U5_V1.3.0RC4, STM32Cube_FW_U5_V1.5.0, STM32Cube_FW_U5_V1.5.0RC1, STM32Cube_FW_WBA_V1.0.0RC1, STM32Cube_FW_WBA_V1.2.0, STM32Cube_FW_WBA_V1.2.0RC2, STM32Cube_FW_WBA_V1.3.0, STM32Cube_FW_WBA_V1.3.0RC1, STM32Cube_FW_WB_V1.15.0RC1, STM32Cube_FW_WB_V1.16.0, STM32Cube_FW_WB_V1.16.0RC2, STM32Cube_FW_WB_V1.18.0, STM32Cube_FW_WB_V1.19.0, STM32Cube_FW_WL_V1.3.0, X-CUBE-ALGOBUILD_V1.3.0, X-CUBE-ALS_V1.0.1, X-CUBE-AZRTOS-F4_V1.1.0, X-CUBE-AZRTOS-F7_V1.1.0, X-CUBE-AZRTOS-G0_V1.1.0, X-CUBE-AZRTOS-G4_V2.0.0, X-CUBE-AZRTOS-H7_V3.2.0, X-CUBE-AZRTOS-L4_V1.0.0, X-CUBE-AZRTOS-L4_V2.0.0, X-CUBE-AZRTOS-L5_V1.1.0, X-CUBE-AZRTOS-WB_V2.0.0, X-CUBE-AZRTOS-WL_V2.0.0, X-CUBE-BLE1_V7.0.0, X-CUBE-BLE2_V3.3.0, X-CUBE-BLEMGR_V3.1.0, X-CUBE-EEPRMA1_V4.1.0, X-CUBE-EEPRMA1_V5.1.0, X-CUBE-FREERTOS_V1.1.0, X-CUBE-GNSS1_V6.0.0, X-CUBE-MEMS1_V10.0.0, X-CUBE-MEMS1_V9.1.0, X-CUBE-MEMS1_V9.4.0, X-CUBE-MEMS1_V9.6.0, X-CUBE-NFC4_V3.0.0, X-CUBE-NFC7_V1.0.1, X-CUBE-SFXS2LP1_V4.0.0, X-CUBE-SUBG2_V5.0.0, X-CUBE-TOF1_V3.4.0]
2024-03-30 02:08:43,192 [INFO] ApiDb:240 - Found 371 in-development CPN: [B-G473E-ZEST1S, B-WB1M-WPAN1, B-WL5M-SUBG1, NUCLEO-C031C6, NUCLEO-H503RB, NUCLEO-H563ZI, NUCLEO-U545RE-Q, NUCLEO-U5A5ZJ-Q, NUCLEO-WBA52CG, NUCLEO-WBA55CG, STEVAL-MKBOXPRO, STEVAL-PROTEUS1, STEVAL-STWINBX1, STM320518-EVAL, STM32C0116-DK, STM32C011D6Y3TR, STM32C011D6Y6TR, STM32C011F4P3, STM32C011F4P6, STM32C011F4U3, STM32C011F4U6TR, STM32C011F6P3, STM32C011F6P6, STM32C011F6U3, STM32C011F6U6TR, STM32C011J4M3, STM32C011J4M6, STM32C011J6M3, STM32C011J6M6, STM32C0316-DK, STM32C031C4T3, STM32C031C4T6, STM32C031C4U3, STM32C031C4U6, STM32C031C6T3, STM32C031C6T6, STM32C031C6U3, STM32C031C6U6, STM32C031F4P3, STM32C031F4P6, STM32C031F6P3, STM32C031F6P6, STM32C031G4U3, STM32C031G4U6, STM32C031G6U3, STM32C031G6U6, STM32C031K4T3, STM32C031K4T6, STM32C031K4U3, STM32C031K4U6, STM32C031K6T3, STM32C031K6T6, STM32C031K6U3, STM32C031K6U6, STM32G071K8TXN, STM32G071K8UXN, STM32G081GBU6N, STM32G081KBT6N, STM32G081KBUXN, STM32G0B1CCT6N, STM32G0B1KCT6, STM32G0B1NEY6TR, STM32G0B1RCT6N, STM32G0C1CCT6, STM32G0C1CCT6N, STM32G0C1CCU6N, STM32G0C1CET6N, STM32G0C1CEU6N, STM32G0C1KCT6, STM32G0C1NEY6TR, STM32G0C1RCI6N, STM32G0C1RCT6N, STM32G0C1REI6N, STM32G0C1RET6N, STM32G0C1VCI6, STM32G0C1VEI6, STM32G471CCT6, STM32G471CCU6, STM32G471CET3, STM32G471CET6, STM32G471CEU3, STM32G471CEU6, STM32G471MCT6, STM32G471MET3, STM32G471MET6, STM32G471MEY6TR, STM32G471QCT6, STM32G471QET3, STM32G471RCT6, STM32G471RET3, STM32G471RET6, STM32G471VCH6, STM32G471VCI6, STM32G471VCT6, STM32G471VEH3, STM32G471VEH6, STM32G471VEI3, STM32G471VEI6, STM32G471VET3, STM32G471VET6, STM32G474CCT6, STM32H503CBT6, STM32H503CBU6, STM32H503EBY6TR, STM32H503KBU6, STM32H503RBT6, STM32H562AGI6, STM32H562AII6, STM32H562IGK6, STM32H562IGT6, STM32H562IIK6, STM32H562IIT6, STM32H562RGT6, STM32H562RGV6, STM32H562RIT6, STM32H562RIV6, STM32H562VGT6, STM32H562VIT6, STM32H562ZGT6, STM32H562ZIT6, STM32H563AGI6, STM32H563AII3Q, STM32H563AII6, STM32H563IGK6, STM32H563IGT6, STM32H563IIK3Q, STM32H563IIK6, STM32H563IIT3Q, STM32H563IIT6, STM32H563MIY3QTR, STM32H563RGT6, STM32H563RGV6, STM32H563RIT6, STM32H563RIV6, STM32H563VGT6, STM32H563VIT3Q, STM32H563VIT6, STM32H563ZGT6, STM32H563ZIT3Q, STM32H563ZIT6, STM32H573AII3Q, STM32H573AII6, STM32H573I-DK, STM32H573IIK3Q, STM32H573IIK6, STM32H573IIT3Q, STM32H573IIT6, STM32H573MIY3QTR, STM32H573RIT6, STM32H573RIV6, STM32H573VIT3Q, STM32H573VIT6, STM32H573ZIT3Q, STM32H573ZIT6, STM32L4R5QGI6STR, STM32MP131AAE3, STM32MP131AAF3, STM32MP131AAG3, STM32MP131CAE3, STM32MP131CAF3, STM32MP131CAG3, STM32MP131DAE7, STM32MP131DAF7, STM32MP131DAG7, STM32MP131FAE7, STM32MP131FAF7, STM32MP131FAG7, STM32MP133AAE3, STM32MP133AAF3, STM32MP133AAG3, STM32MP133CAE3, STM32MP133CAF3, STM32MP133CAG3, STM32MP133DAE7, STM32MP133DAF7, STM32MP133DAG7, STM32MP133FAE7, STM32MP133FAF7, STM32MP133FAG7, STM32MP135AAE3, STM32MP135AAF3, STM32MP135AAG3, STM32MP135CAE3, STM32MP135CAF3, STM32MP135CAG3, STM32MP135DAE7, STM32MP135DAF7, STM32MP135DAG7, STM32MP135F-DK, STM32MP135FAE7, STM32MP135FAF7, STM32MP135FAF7T, STM32MP135FAF7U, STM32MP135FAG7, STM32U535CBT6, STM32U535CBT6Q, STM32U535CBU6, STM32U535CBU6Q, STM32U535CCT6, STM32U535CCT6Q, STM32U535CCU6, STM32U535CCU6Q, STM32U535CET6, STM32U535CET6Q, STM32U535CEU6, STM32U535CEU6Q, STM32U535JEY6QTR, STM32U535NCY6QTR, STM32U535NEY6QTR, STM32U535RBI6, STM32U535RBI6Q, STM32U535RBT6, STM32U535RBT6Q, STM32U535RCI6, STM32U535RCI6Q, STM32U535RCT6, STM32U535RCT6Q, STM32U535REI6, STM32U535REI6Q, STM32U535RET6, STM32U535RET6Q, STM32U535VCI6, STM32U535VCI6Q, STM32U535VCT6, STM32U535VCT6Q, STM32U535VEI6, STM32U535VEI6Q, STM32U535VET6, STM32U535VET6Q, STM32U545CET6, STM32U545CET6Q, STM32U545CEU6, STM32U545CEU6Q, STM32U545JEY6QTR, STM32U545NEY6QTR, STM32U545REI6, STM32U545REI6Q, STM32U545RET6, STM32U545RET6Q, STM32U545VEI6, STM32U545VEI6Q, STM32U545VET6, STM32U545VET6Q, STM32U595AIH6, STM32U595AIH6Q, STM32U595AJH6, STM32U595AJH6Q, STM32U595QII6, STM32U595QII6Q, STM32U595QJI6, STM32U595QJI6Q, STM32U595RIT6, STM32U595RIT6Q, STM32U595RJT6, STM32U595RJT6Q, STM32U595VIT6, STM32U595VIT6Q, STM32U595VJT6, STM32U595VJT6Q, STM32U595ZIT6, STM32U595ZIT6Q, STM32U595ZIY6QTR, STM32U595ZJT6, STM32U595ZJT6Q, STM32U595ZJY6QTR, STM32U599BJY6QTR, STM32U599NIH6Q, STM32U599NJH6Q, STM32U599VIT6Q, STM32U599VJT6, STM32U599VJT6Q, STM32U599ZIT6Q, STM32U599ZIY6QTR, STM32U599ZJT6Q, STM32U599ZJY6QTR, STM32U5A5AJH6, STM32U5A5AJH6Q, STM32U5A5QJI6, STM32U5A5QJI6Q, STM32U5A5RJT6, STM32U5A5RJT6Q, STM32U5A5VJT6, STM32U5A5VJT6Q, STM32U5A5ZJT6, STM32U5A5ZJT6Q, STM32U5A5ZJY6QTR, STM32U5A9BJY6QTR, STM32U5A9J-DK, STM32U5A9NJH6Q, STM32U5A9VJT6Q, STM32U5A9ZJT6Q, STM32U5A9ZJY6QTR, STM32U5F7VIT6, STM32U5F7VIT6Q, STM32U5F7VJT6, STM32U5F7VJT6Q, STM32U5F9BJY6QTR, STM32U5F9NJH6Q, STM32U5F9VIT6Q, STM32U5F9VJT6Q, STM32U5F9ZIJ6QTR, STM32U5F9ZIT6Q, STM32U5F9ZJJ6QTR, STM32U5F9ZJT6Q, STM32U5G7VJT6, STM32U5G7VJT6Q, STM32U5G9BJY6QTR, STM32U5G9J-DK1, STM32U5G9J-DK2, STM32U5G9NJH6Q, STM32U5G9VJT6Q, STM32U5G9ZJJ6QTR, STM32U5G9ZJT6Q, STM32WB1MMCH6, STM32WBA50KEU6, STM32WBA50KEU6TR, STM32WBA50KGU6, STM32WBA50KGU6TR, STM32WBA52CEU6, STM32WBA52CEU6TR, STM32WBA52CEU7, STM32WBA52CEU7TR, STM32WBA52CGU6, STM32WBA52CGU6TR, STM32WBA52CGU6U, STM32WBA52CGU7, STM32WBA52CGU7TR, STM32WBA52KEU6, STM32WBA52KEU6TR, STM32WBA52KGU6, STM32WBA52KGU6TR, STM32WBA54CEU6, STM32WBA54CEU6TR, STM32WBA54CEU7, STM32WBA54CEU7TR, STM32WBA54CGU6, STM32WBA54CGU6TR, STM32WBA54CGU7, STM32WBA54CGU7TR, STM32WBA54KEU6, STM32WBA54KEU6TR, STM32WBA54KEU7, STM32WBA54KEU7TR, STM32WBA54KGU6, STM32WBA54KGU6TR, STM32WBA54KGU7, STM32WBA54KGU7TR, STM32WBA55CEU6, STM32WBA55CEU6TR, STM32WBA55CEU7, STM32WBA55CEU7TR, STM32WBA55CGU6, STM32WBA55CGU6TR, STM32WBA55CGU6U, STM32WBA55CGU7, STM32WBA55CGU7TR, STM32WBA55G-DK1, STM32WBA55HEF6, STM32WBA55HEF7, STM32WBA55HGF6, STM32WBA55HGF7, STM32WBA55UEI6, STM32WBA55UEI6TR, STM32WBA55UEI7, STM32WBA55UEI7TR, STM32WBA55UGI6, STM32WBA55UGI6TR, STM32WBA55UGI7, STM32WBA55UGI7TR, STM32WL5MOCH6, STM32WL5MOCH6TR]
2024-03-30 02:08:43,196 [INFO] DbMcus:218 - Found 3986 MCUs, 3986 are supported
2024-03-30 02:08:43,203 [INFO] ApiDb:423 - Load user favorites file C:\Users\sherd/.stm32cubeide/favorites.mcus.txt: 3 item(s)
2024-03-30 02:08:43,203 [INFO] ApiDb:427 - User favorites MCUs=[STM32F103C8T6, STM32F407VGT6, STM32F411CEU6]
2024-03-30 02:08:43,204 [INFO] DbMcus:224 - Set 3 / 3 favorites MCUs
2024-03-30 02:08:43,735 [INFO] MicroXplorer:468 - Change Database Path : 
2024-03-30 02:08:43,736 [INFO] MicroXplorer:498 - Change Database Version : DB.6.0.100
2024-03-30 02:08:43,736 [WARN] ThirdParty:833 - waiting for thirdparty lock release [change project]
2024-03-30 02:08:43,736 [INFO] ThirdParty:835 - entering critical section [change project]
2024-03-30 02:08:43,736 [INFO] ThirdParty:1030 - CMSIS Pack Vendor :STMicroelectronics USBPD 4.1
2024-03-30 02:08:43,736 [INFO] ThirdParty:1030 - CMSIS Pack Vendor :STMicroelectronics X-CUBE-GNSS1 6.0.0
2024-03-30 02:08:43,736 [INFO] ThirdParty:1030 - CMSIS Pack Vendor :STMicroelectronics USB_HOST 2.0.0
2024-03-30 02:08:43,736 [INFO] ThirdParty:1030 - CMSIS Pack Vendor :STMicroelectronics X-CUBE-AZRTOS-F4 1.1.0
2024-03-30 02:08:43,737 [INFO] ThirdParty:1030 - CMSIS Pack Vendor :STMicroelectronics LIBJPEG 8.0.0
2024-03-30 02:08:43,737 [INFO] ThirdParty:1030 - CMSIS Pack Vendor :STMicroelectronics X-CUBE-SMBUS 2.1.0
2024-03-30 02:08:43,737 [INFO] ThirdParty:1030 - CMSIS Pack Vendor :STMicroelectronics X-CUBE-TOUCHGFX 4.23.1
2024-03-30 02:08:43,737 [INFO] ThirdParty:1030 - CMSIS Pack Vendor :STMicroelectronics X-CUBE-TOUCHGFX 4.23.0
2024-03-30 02:08:43,737 [INFO] ThirdParty:1030 - CMSIS Pack Vendor :STMicroelectronics X-CUBE-MEMS1 9.2.0
2024-03-30 02:08:43,737 [INFO] ThirdParty:1030 - CMSIS Pack Vendor :STMicroelectronics X-CUBE-BLEMGR 1.2.0
2024-03-30 02:08:43,737 [INFO] ThirdParty:1030 - CMSIS Pack Vendor :STMicroelectronics X-CUBE-AZRTOS-F7 1.1.0
2024-03-30 02:08:43,737 [INFO] ThirdParty:1030 - CMSIS Pack Vendor :STMicroelectronics X-CUBE-AZRTOS-L5 2.0.0
2024-03-30 02:08:43,737 [INFO] ThirdParty:1030 - CMSIS Pack Vendor :STMicroelectronics USB_DEVICE 2.0.0
2024-03-30 02:08:43,737 [INFO] ThirdParty:1030 - CMSIS Pack Vendor :STMicroelectronics X-CUBE-MEMS1 9.6.0
2024-03-30 02:08:43,737 [INFO] ThirdParty:1030 - CMSIS Pack Vendor :STMicroelectronics X-CUBE-NFC6 3.1.0
2024-03-30 02:08:43,737 [INFO] ThirdParty:1030 - CMSIS Pack Vendor :ITTIA_DB I-CUBE-ITTIADB 8.8.0
2024-03-30 02:08:43,737 [INFO] ThirdParty:1030 - CMSIS Pack Vendor :STMicroelectronics X-CUBE-AI 7.1.0
2024-03-30 02:08:43,737 [INFO] ThirdParty:1030 - CMSIS Pack Vendor :STMicroelectronics X-CUBE-TOUCHGFX 4.19.1
2024-03-30 02:08:43,737 [INFO] ThirdParty:1030 - CMSIS Pack Vendor :STMicroelectronics FP-SNS-MOTENV1 4.3.2
2024-03-30 02:08:43,737 [INFO] ThirdParty:1030 - CMSIS Pack Vendor :STMicroelectronics X-CUBE-BLE1 6.2.3
2024-03-30 02:08:43,737 [INFO] ThirdParty:1030 - CMSIS Pack Vendor :STMicroelectronics FreeRTOS 0.0.1
2024-03-30 02:08:43,737 [INFO] ThirdParty:1030 - CMSIS Pack Vendor :STMicroelectronics X-CUBE-BLEMGR 2.0.0
2024-03-30 02:08:43,738 [INFO] ThirdParty:1030 - CMSIS Pack Vendor :STMicroelectronics FP-SNS-FLIGHT1 5.0.2
2024-03-30 02:08:43,738 [INFO] ThirdParty:1030 - CMSIS Pack Vendor :STMicroelectronics X-CUBE-BLE2 3.2.2
2024-03-30 02:08:43,738 [INFO] ThirdParty:1030 - CMSIS Pack Vendor :STMicroelectronics X-CUBE-NFC4 2.0.4
2024-03-30 02:08:43,738 [INFO] ThirdParty:1030 - CMSIS Pack Vendor :STMicroelectronics X-CUBE-AZRTOS-H7 3.1.0
2024-03-30 02:08:43,738 [INFO] ThirdParty:1030 - CMSIS Pack Vendor :STMicroelectronics PDM2PCM 3.3.0
2024-03-30 02:08:43,738 [INFO] ThirdParty:1030 - CMSIS Pack Vendor :STMicroelectronics X-CUBE-TOF1 3.1.0
2024-03-30 02:08:43,738 [INFO] ThirdParty:1030 - CMSIS Pack Vendor :STMicroelectronics X-CUBE-SFXS2LP1 3.1.0
2024-03-30 02:08:43,738 [INFO] ThirdParty:1030 - CMSIS Pack Vendor :STMicroelectronics X-CUBE-DISPLAY 3.0.0
2024-03-30 02:08:43,738 [INFO] ThirdParty:1030 - CMSIS Pack Vendor :STMicroelectronics X-CUBE-AZRTOS-F4 1.0.0
2024-03-30 02:08:43,738 [INFO] ThirdParty:1030 - CMSIS Pack Vendor :STMicroelectronics X-CUBE-BLE1 7.0.0
2024-03-30 02:08:43,738 [INFO] ThirdParty:1030 - CMSIS Pack Vendor :STMicroelectronics HAL Drivers 0.0.0
2024-03-30 02:08:43,738 [INFO] ThirdParty:1030 - CMSIS Pack Vendor :STMicroelectronics X-CUBE-TOUCHGFX 4.22.0
2024-03-30 02:08:43,738 [INFO] ThirdParty:1030 - CMSIS Pack Vendor :STMicroelectronics X-CUBE-NFC7 1.0.1
2024-03-30 02:08:43,738 [INFO] ThirdParty:1030 - CMSIS Pack Vendor :STMicroelectronics MBEDTLS 2.14.1
2024-03-30 02:08:43,738 [INFO] ThirdParty:1030 - CMSIS Pack Vendor :STMicroelectronics X-CUBE-NFC7 1.0.0
2024-03-30 02:08:43,738 [INFO] ThirdParty:1030 - CMSIS Pack Vendor :STMicroelectronics X-CUBE-NFC6 3.0.0
2024-03-30 02:08:43,738 [INFO] ThirdParty:1030 - CMSIS Pack Vendor :STMicroelectronics X-CUBE-MEMS1 9.3.0
2024-03-30 02:08:43,738 [INFO] ThirdParty:1030 - CMSIS Pack Vendor :STMicroelectronics X-CUBE-EEPRMA1 4.1.0
2024-03-30 02:08:43,738 [INFO] ThirdParty:1030 - CMSIS Pack Vendor :STMicroelectronics X-CUBE-AI 7.2.0
2024-03-30 02:08:43,738 [INFO] ThirdParty:1030 - CMSIS Pack Vendor :STMicroelectronics X-CUBE-BLEMGR 3.1.0
2024-03-30 02:08:43,738 [INFO] ThirdParty:1030 - CMSIS Pack Vendor :STMicroelectronics FP-SNS-SMARTAG2 1.2.0
2024-03-30 02:08:43,739 [INFO] ThirdParty:1030 - CMSIS Pack Vendor :STMicroelectronics X-CUBE-AZRTOS-WL 2.0.0
2024-03-30 02:08:43,739 [INFO] ThirdParty:1030 - CMSIS Pack Vendor :STMicroelectronics FP-SNS-MOTENV1 5.0.0
2024-03-30 02:08:43,739 [INFO] ThirdParty:1030 - CMSIS Pack Vendor :STMicroelectronics USB_DEVICE 1.0.0
2024-03-30 02:08:43,739 [INFO] ThirdParty:1030 - CMSIS Pack Vendor :STMicroelectronics X-CUBE-AI 8.1.0
2024-03-30 02:08:43,739 [INFO] ThirdParty:1030 - CMSIS Pack Vendor :STMicroelectronics X-CUBE-AZRTOS-G0 1.0.0
2024-03-30 02:08:43,739 [INFO] ThirdParty:1030 - CMSIS Pack Vendor :STMicroelectronics X-CUBE-AZRTOS-L4 2.0.0
2024-03-30 02:08:43,739 [INFO] ThirdParty:1030 - CMSIS Pack Vendor :STMicroelectronics ThreadX 0.0.2
2024-03-30 02:08:43,739 [INFO] ThirdParty:1030 - CMSIS Pack Vendor :WES I-CUBE-Cesium 1.3.0
2024-03-30 02:08:43,739 [INFO] ThirdParty:1030 - CMSIS Pack Vendor :STMicroelectronics lwIP 2.1.2
2024-03-30 02:08:43,739 [INFO] ThirdParty:1030 - CMSIS Pack Vendor :STMicroelectronics X-CUBE-SFXS2LP1 4.0.0
2024-03-30 02:08:43,739 [INFO] ThirdParty:1030 - CMSIS Pack Vendor :STMicroelectronics X-CUBE-BLE2 3.3.0
2024-03-30 02:08:43,739 [INFO] ThirdParty:1030 - CMSIS Pack Vendor :STMicroelectronics X-CUBE-DISPLAY 2.2.0
2024-03-30 02:08:43,739 [INFO] ThirdParty:1030 - CMSIS Pack Vendor :STMicroelectronics X-CUBE-TOF1 3.2.0
2024-03-30 02:08:43,739 [INFO] ThirdParty:1030 - CMSIS Pack Vendor :STMicroelectronics PDM2PCM 3.2.0
2024-03-30 02:08:43,739 [INFO] ThirdParty:1030 - CMSIS Pack Vendor :STMicroelectronics X-CUBE-ISPU 1.0.0
2024-03-30 02:08:43,739 [INFO] ThirdParty:1030 - CMSIS Pack Vendor :STMicroelectronics X-CUBE-ISPU 1.1.0
2024-03-30 02:08:43,739 [INFO] ThirdParty:1030 - CMSIS Pack Vendor :RoweBots I-CUBE-UNISONRTOS 5.5.0-4
2024-03-30 02:08:43,739 [INFO] ThirdParty:1030 - CMSIS Pack Vendor :STMicroelectronics X-CUBE-AZRTOS-H7 2.1.0
2024-03-30 02:08:43,739 [INFO] ThirdParty:1030 - CMSIS Pack Vendor :STMicroelectronics USB_DEVICE 3.0.0
2024-03-30 02:08:43,739 [INFO] ThirdParty:1030 - CMSIS Pack Vendor :STMicroelectronics X-CUBE-AZRTOS-WB 2.0.0
2024-03-30 02:08:43,739 [INFO] ThirdParty:1030 - CMSIS Pack Vendor :STMicroelectronics X-CUBE-BLEMGR 1.0.0
2024-03-30 02:08:43,739 [INFO] ThirdParty:1030 - CMSIS Pack Vendor :STMicroelectronics X-CUBE-AI 7.3.0
2024-03-30 02:08:43,739 [INFO] ThirdParty:1030 - CMSIS Pack Vendor :STMicroelectronics X-CUBE-ALGOBUILD 1.3.0
2024-03-30 02:08:43,740 [INFO] ThirdParty:1030 - CMSIS Pack Vendor :STMicroelectronics X-CUBE-AZRTOS-G0 1.1.0
2024-03-30 02:08:43,740 [INFO] ThirdParty:1030 - CMSIS Pack Vendor :STMicroelectronics X-CUBE-SAFEA1 1.2.2
2024-03-30 02:08:43,740 [INFO] ThirdParty:1030 - CMSIS Pack Vendor :STMicroelectronics X-CUBE-NFC4 3.0.0
2024-03-30 02:08:43,740 [INFO] ThirdParty:1030 - CMSIS Pack Vendor :SEGGER I-CUBE-embOS 1.2.0
2024-03-30 02:08:43,740 [INFO] ThirdParty:1030 - CMSIS Pack Vendor :STMicroelectronics X-CUBE-SUBG2 5.0.0
2024-03-30 02:08:43,740 [INFO] ThirdParty:1030 - CMSIS Pack Vendor :STMicroelectronics STM32_WPAN 1.0.0
2024-03-30 02:08:43,740 [INFO] ThirdParty:1030 - CMSIS Pack Vendor :STMicroelectronics lwIP 2.0.3
2024-03-30 02:08:43,740 [INFO] ThirdParty:1030 - CMSIS Pack Vendor :STMicroelectronics USB_HOST 1.0.0
2024-03-30 02:08:43,740 [INFO] ThirdParty:1030 - CMSIS Pack Vendor :STMicroelectronics X-CUBE-TOF1 3.3.1
2024-03-30 02:08:43,740 [INFO] ThirdParty:1030 - CMSIS Pack Vendor :STMicroelectronics X-CUBE-AZRTOS-G4 2.0.0
2024-03-30 02:08:43,741 [INFO] ThirdParty:1030 - CMSIS Pack Vendor :STMicroelectronics PDM2PCM 3.1.0
2024-03-30 02:08:43,741 [INFO] ThirdParty:1030 - CMSIS Pack Vendor :STMicroelectronics FP-ATR-ASTRA1 1.1.1
2024-03-30 02:08:43,741 [INFO] ThirdParty:1030 - CMSIS Pack Vendor :Infineon AIROC-Wi-Fi-Bluetooth-STM32 1.5.1
2024-03-30 02:08:43,741 [INFO] ThirdParty:1030 - CMSIS Pack Vendor :STMicroelectronics FP-ATR-ASTRA1 1.1.0
2024-03-30 02:08:43,741 [INFO] ThirdParty:1030 - CMSIS Pack Vendor :STMicroelectronics FP-SNS-MOTENVWB1 1.3.1
2024-03-30 02:08:43,741 [INFO] ThirdParty:1030 - CMSIS Pack Vendor :STMicroelectronics FP-ATR-SIGFOX1 3.2.0
2024-03-30 02:08:43,741 [INFO] ThirdParty:1030 - CMSIS Pack Vendor :STMicroelectronics X-CUBE-AZRTOS-G4 1.0.0
2024-03-30 02:08:43,741 [INFO] ThirdParty:1030 - CMSIS Pack Vendor :wolfSSL I-CUBE-wolfSSL 5.3.0
2024-03-30 02:08:43,741 [INFO] ThirdParty:1030 - CMSIS Pack Vendor :STMicroelectronics X-CUBE-AZRTOS-L4 1.0.0
2024-03-30 02:08:43,741 [INFO] ThirdParty:1030 - CMSIS Pack Vendor :STMicroelectronics X-CUBE-ISPU 2.0.0
2024-03-30 02:08:43,741 [INFO] ThirdParty:1030 - CMSIS Pack Vendor :STMicroelectronics X-CUBE-EEPRMA1 5.1.0
2024-03-30 02:08:43,741 [INFO] ThirdParty:1030 - CMSIS Pack Vendor :STMicroelectronics MBEDTLS 2.16.2
2024-03-30 02:08:43,741 [INFO] ThirdParty:1030 - CMSIS Pack Vendor :emotas I-CUBE-CANOPEN 1.1.2
2024-03-30 02:08:43,741 [INFO] ThirdParty:1030 - CMSIS Pack Vendor :STMicroelectronics X-CUBE-TOUCHGFX 4.20.0
2024-03-30 02:08:43,741 [INFO] ThirdParty:1030 - CMSIS Pack Vendor :STMicroelectronics X-CUBE-MEMS1 10.0.0
2024-03-30 02:08:43,741 [INFO] ThirdParty:1030 - CMSIS Pack Vendor :STMicroelectronics X-CUBE-FREERTOS 1.1.0
2024-03-30 02:08:43,741 [INFO] ThirdParty:1030 - CMSIS Pack Vendor :STMicroelectronics X-CUBE-AZRTOS-F7 1.0.0
2024-03-30 02:08:43,742 [INFO] ThirdParty:1030 - CMSIS Pack Vendor :STMicroelectronics X-CUBE-AZRTOS-WL 1.0.0
2024-03-30 02:08:43,742 [INFO] ThirdParty:1030 - CMSIS Pack Vendor :portGmbH I-Cube-SoM-uGOAL 1.1.0
2024-03-30 02:08:43,742 [INFO] ThirdParty:1030 - CMSIS Pack Vendor :STMicroelectronics X-CUBE-ALS 1.0.1
2024-03-30 02:08:43,742 [INFO] ThirdParty:1030 - CMSIS Pack Vendor :STMicroelectronics ThreadX 1.0.0
2024-03-30 02:08:43,742 [INFO] ThirdParty:1030 - CMSIS Pack Vendor :SEGGER I-CUBE-embOS 1.3.1
2024-03-30 02:08:43,742 [INFO] ThirdParty:1030 - CMSIS Pack Vendor :STMicroelectronics X-CUBE-AZRTOS-L5 1.0.0
2024-03-30 02:08:43,742 [INFO] ThirdParty:1030 - CMSIS Pack Vendor :STMicroelectronics X-CUBE-EEPRMA1 3.1.1
2024-03-30 02:08:43,742 [INFO] ThirdParty:1030 - CMSIS Pack Vendor :STMicroelectronics X-CUBE-GNSS1 5.2.0
2024-03-30 02:08:43,742 [INFO] ThirdParty:1030 - CMSIS Pack Vendor :STMicroelectronics FP-ATR-ASTRA1 2.0.0
2024-03-30 02:08:43,742 [INFO] ThirdParty:1030 - CMSIS Pack Vendor :STMicroelectronics X-CUBE-TOF1 3.4.1
2024-03-30 02:08:43,742 [INFO] ThirdParty:1030 - CMSIS Pack Vendor :STMicroelectronics X-CUBE-AZRTOS-H7 3.2.0
2024-03-30 02:08:43,742 [INFO] ThirdParty:1030 - CMSIS Pack Vendor :STMicroelectronics X-CUBE-TOF1 3.0.0
2024-03-30 02:08:43,742 [INFO] ThirdParty:841 - exiting critical section [change project]
2024-03-30 02:08:44,312 [INFO] PinOutPanel:1499 - setPackage(No Configuration,No Configuration)
2024-03-30 02:08:44,314 [INFO] PinOutPanel:1499 - setPackage(STM32F407VGTx,LQFP100)
2024-03-30 02:08:45,005 [INFO] UtilMem:75 - Before build in PCC Used Memory: 681265304 Bytes (1073741824)
2024-03-30 02:08:46,245 [INFO] UtilMem:75 - After build in PCC Used Memory: 714996504 Bytes (1073741824)
2024-03-30 02:08:46,312 [INFO] IPUIPlugin:80 - create IPUIPlugin
2024-03-30 02:08:46,312 [INFO] IPUIPlugin:80 - create IPUIPlugin
2024-03-30 02:08:46,313 [INFO] IPUIPlugin:80 - create IPUIPlugin
2024-03-30 02:08:46,313 [INFO] IPUIPlugin:80 - create IPUIPlugin
2024-03-30 02:08:46,313 [INFO] IPUIPlugin:80 - create IPUIPlugin
2024-03-30 02:08:46,314 [INFO] IPUIPlugin:80 - create IPUIPlugin
2024-03-30 02:08:46,315 [INFO] IPUIPlugin:80 - create IPUIPlugin
2024-03-30 02:08:46,315 [INFO] IPUIPlugin:80 - create IPUIPlugin
2024-03-30 02:08:46,316 [INFO] IPUIPlugin:80 - create IPUIPlugin
2024-03-30 02:08:46,316 [INFO] IPUIPlugin:80 - create IPUIPlugin
2024-03-30 02:08:46,316 [INFO] IPUIPlugin:80 - create IPUIPlugin
2024-03-30 02:08:46,316 [INFO] IPUIPlugin:80 - create IPUIPlugin
2024-03-30 02:08:46,317 [INFO] IPUIPlugin:80 - create IPUIPlugin
2024-03-30 02:08:46,317 [INFO] IPUIPlugin:80 - create IPUIPlugin
2024-03-30 02:08:46,317 [INFO] IPUIPlugin:80 - create IPUIPlugin
2024-03-30 02:08:46,317 [INFO] IPUIPlugin:80 - create IPUIPlugin
2024-03-30 02:08:46,318 [INFO] IPUIPlugin:80 - create IPUIPlugin
2024-03-30 02:08:46,318 [INFO] IPUIPlugin:80 - create IPUIPlugin
2024-03-30 02:08:46,318 [INFO] IPUIPlugin:80 - create IPUIPlugin
2024-03-30 02:08:46,319 [INFO] IPUIPlugin:80 - create IPUIPlugin
2024-03-30 02:08:46,319 [INFO] IPUIPlugin:80 - create IPUIPlugin
2024-03-30 02:08:46,320 [INFO] IPUIPlugin:80 - create IPUIPlugin
2024-03-30 02:08:46,321 [INFO] IPUIPlugin:80 - create IPUIPlugin
2024-03-30 02:08:46,322 [INFO] IPUIPlugin:80 - create IPUIPlugin
2024-03-30 02:08:46,322 [INFO] IPUIPlugin:80 - create IPUIPlugin
2024-03-30 02:08:46,322 [INFO] IPUIPlugin:80 - create IPUIPlugin
2024-03-30 02:08:46,323 [INFO] IPUIPlugin:80 - create IPUIPlugin
2024-03-30 02:08:46,323 [INFO] IPUIPlugin:80 - create IPUIPlugin
2024-03-30 02:08:46,327 [INFO] IPUIPlugin:80 - create IPUIPlugin
2024-03-30 02:08:46,328 [INFO] IPUIPlugin:80 - create IPUIPlugin
2024-03-30 02:08:46,328 [INFO] IPUIPlugin:80 - create IPUIPlugin
2024-03-30 02:08:46,329 [INFO] IPUIPlugin:80 - create IPUIPlugin
2024-03-30 02:08:46,329 [INFO] IPUIPlugin:80 - create IPUIPlugin
2024-03-30 02:08:46,330 [INFO] IPUIPlugin:80 - create IPUIPlugin
2024-03-30 02:08:46,330 [INFO] IPUIPlugin:80 - create IPUIPlugin
2024-03-30 02:08:46,331 [INFO] IPUIPlugin:80 - create IPUIPlugin
2024-03-30 02:08:46,331 [INFO] IPUIPlugin:80 - create IPUIPlugin
2024-03-30 02:08:46,332 [INFO] IPUIPlugin:80 - create IPUIPlugin
2024-03-30 02:08:46,332 [INFO] IPUIPlugin:80 - create IPUIPlugin
2024-03-30 02:08:46,333 [INFO] IPUIPlugin:80 - create IPUIPlugin
2024-03-30 02:08:46,333 [INFO] IPUIPlugin:80 - create IPUIPlugin
2024-03-30 02:08:46,334 [INFO] IPUIPlugin:80 - create IPUIPlugin
2024-03-30 02:08:46,334 [INFO] IPUIPlugin:80 - create IPUIPlugin
2024-03-30 02:08:46,335 [INFO] IPUIPlugin:80 - create IPUIPlugin
2024-03-30 02:08:46,336 [INFO] IPUIPlugin:80 - create IPUIPlugin
2024-03-30 02:08:46,337 [INFO] IPUIPlugin:80 - create IPUIPlugin
2024-03-30 02:08:46,338 [INFO] IPUIPlugin:80 - create IPUIPlugin
2024-03-30 02:08:46,338 [INFO] IPUIPlugin:80 - create IPUIPlugin
2024-03-30 02:08:46,339 [INFO] IPUIPlugin:80 - create IPUIPlugin
2024-03-30 02:08:46,339 [INFO] IPUIPlugin:80 - create IPUIPlugin
2024-03-30 02:08:46,341 [INFO] IPUIPlugin:80 - create IPUIPlugin
2024-03-30 02:08:46,342 [INFO] IPUIPlugin:80 - create IPUIPlugin
2024-03-30 02:08:46,343 [INFO] IPUIPlugin:80 - create IPUIPlugin
2024-03-30 02:08:46,344 [INFO] IPUIPlugin:80 - create IPUIPlugin
2024-03-30 02:08:46,344 [INFO] IPUIPlugin:80 - create IPUIPlugin
2024-03-30 02:08:46,345 [INFO] IPUIPlugin:80 - create IPUIPlugin
2024-03-30 02:08:46,346 [INFO] IPUIPlugin:80 - create IPUIPlugin
2024-03-30 02:08:46,347 [INFO] IPUIPlugin:80 - create IPUIPlugin
2024-03-30 02:08:46,531 [INFO] ApiDbMcu:508 - Load IP Config File for PDM2PCM
2024-03-30 02:08:47,188 [INFO] CADModel:165 - CPN selected for project levelSTM32F407VGT6
2024-03-30 02:08:47,188 [INFO] CADModel:114 - Register for checkConnection events
2024-03-30 02:08:47,237 [INFO] OpenFileManager:343 - Restore cursor
2024-03-30 02:09:19,751 [INFO] UtilMem:75 - End SaveConfig() Used Memory: 966316888 Bytes (1073741824)
2024-03-30 02:09:21,183 [INFO] UtilMem:75 - End SaveConfig() Used Memory: 733599384 Bytes (1073741824)
2024-03-30 02:09:25,591 [INFO] UtilMem:75 - End SaveConfig() Used Memory: 775752440 Bytes (1073741824)
2024-03-30 02:09:26,368 [INFO] BlockDiagram:2759 - set Specific Code input for plugin: TIM1_8
2024-03-30 02:09:26,368 [INFO] BlockDiagram:2759 - set Specific Code input for plugin: SYS
2024-03-30 02:09:26,368 [INFO] BlockDiagram:2759 - set Specific Code input for plugin: RCC
2024-03-30 02:09:26,368 [INFO] BlockDiagram:2759 - set Specific Code input for plugin: NVIC
2024-03-30 02:09:26,368 [INFO] BlockDiagram:2759 - set Specific Code input for plugin: USART
2024-03-30 02:09:26,369 [INFO] BlockDiagram:2759 - set Specific Code input for plugin: GPIO
2024-03-30 02:09:26,371 [INFO] CodeGenerator:807 - code generatio: config db path: C:\ST\STM32CubeIDE_1.9.0\STM32CubeIDE\plugins\com.st.stm32cube.common.mx_6.10.0.202311202037\\db\
2024-03-30 02:09:26,687 [INFO] CodeEngine:255 - oldGeneratedFile, C:\Users\sherd\Documents\GitHub\stm32-cubeIDE-workspace\Tutorials\stm32f407_DS18B20_UART2\MXTmpFiles\license.tmp_save
2024-03-30 02:09:27,121 [INFO] CodeEngine:279 - Generated code: C:\Users\sherd\Documents\GitHub\stm32-cubeIDE-workspace\Tutorials\stm32f407_DS18B20_UART2\MXTmpFiles\license.tmp
2024-03-30 02:09:27,288 [INFO] CodeEngine:255 - oldGeneratedFile, C:\Users\sherd\Documents\GitHub\stm32-cubeIDE-workspace\Tutorials\stm32f407_DS18B20_UART2\MXTmpFiles\gpio.tmp_save
2024-03-30 02:09:27,546 [INFO] CodeEngine:279 - Generated code: C:\Users\sherd\Documents\GitHub\stm32-cubeIDE-workspace\Tutorials\stm32f407_DS18B20_UART2\MXTmpFiles\gpio.tmp
2024-03-30 02:09:27,779 [INFO] CodeEngine:255 - oldGeneratedFile, C:\Users\sherd\Documents\GitHub\stm32-cubeIDE-workspace\Tutorials\stm32f407_DS18B20_UART2\Core\Src\stm32f4xx_it.c_save
2024-03-30 02:09:27,943 [INFO] CodeEngine:279 - Generated code: C:\Users\sherd\Documents\GitHub\stm32-cubeIDE-workspace\Tutorials\stm32f407_DS18B20_UART2\Core\Src\stm32f4xx_it.c
2024-03-30 02:09:27,958 [INFO] CodeEngine:255 - oldGeneratedFile, C:\Users\sherd\Documents\GitHub\stm32-cubeIDE-workspace\Tutorials\stm32f407_DS18B20_UART2\Core\Inc\stm32f4xx_it.h_save
2024-03-30 02:09:28,060 [INFO] CodeEngine:279 - Generated code: C:\Users\sherd\Documents\GitHub\stm32-cubeIDE-workspace\Tutorials\stm32f407_DS18B20_UART2\Core\Inc\stm32f4xx_it.h
2024-03-30 02:09:28,090 [INFO] CodeEngine:255 - oldGeneratedFile, C:\Users\sherd\Documents\GitHub\stm32-cubeIDE-workspace\Tutorials\stm32f407_DS18B20_UART2\Core\Src\stm32f4xx_hal_msp.c_save
2024-03-30 02:09:28,254 [INFO] CodeEngine:279 - Generated code: C:\Users\sherd\Documents\GitHub\stm32-cubeIDE-workspace\Tutorials\stm32f407_DS18B20_UART2\Core\Src\stm32f4xx_hal_msp.c
2024-03-30 02:09:28,261 [INFO] CodeEngine:255 - oldGeneratedFile, C:\Users\sherd\Documents\GitHub\stm32-cubeIDE-workspace\Tutorials\stm32f407_DS18B20_UART2\MXTmpFiles\system.tmp_save
2024-03-30 02:09:28,349 [INFO] CodeEngine:279 - Generated code: C:\Users\sherd\Documents\GitHub\stm32-cubeIDE-workspace\Tutorials\stm32f407_DS18B20_UART2\MXTmpFiles\system.tmp
2024-03-30 02:09:28,378 [INFO] CodeEngine:311 - oldGeneratedFile, C:\Users\sherd\Documents\GitHub\stm32-cubeIDE-workspace\Tutorials\stm32f407_DS18B20_UART2\Core\Inc\stm32f4xx_hal_conf.h_save
2024-03-30 02:09:28,535 [INFO] CodeEngine:335 - Generated code: C:\Users\sherd\Documents\GitHub\stm32-cubeIDE-workspace\Tutorials\stm32f407_DS18B20_UART2\Core\Inc\stm32f4xx_hal_conf.h
2024-03-30 02:09:28,613 [WARN] IPConfigManager:3440 - IP not found : TIM
2024-03-30 02:09:28,614 [WARN] CodeGenerator:3939 - IP not found : null
2024-03-30 02:09:28,639 [INFO] CodeEngine:255 - oldGeneratedFile, C:\Users\sherd\Documents\GitHub\stm32-cubeIDE-workspace\Tutorials\stm32f407_DS18B20_UART2\Core\Inc\main.h_save
2024-03-30 02:09:28,897 [INFO] CodeEngine:279 - Generated code: C:\Users\sherd\Documents\GitHub\stm32-cubeIDE-workspace\Tutorials\stm32f407_DS18B20_UART2\Core\Inc\main.h
2024-03-30 02:09:28,937 [INFO] CodeEngine:255 - oldGeneratedFile, C:\Users\sherd\Documents\GitHub\stm32-cubeIDE-workspace\Tutorials\stm32f407_DS18B20_UART2\Core\Src\main.c_save
2024-03-30 02:09:29,219 [INFO] CodeEngine:279 - Generated code: C:\Users\sherd\Documents\GitHub\stm32-cubeIDE-workspace\Tutorials\stm32f407_DS18B20_UART2\Core\Src\main.c
2024-03-30 02:09:30,098 [INFO] ProjectBuilder:3076 - Time for Copy HAL[1] : 255mS.
2024-03-30 02:09:30,104 [INFO] ProjectBuilder:4485 - Project Generator version: 4.2.0-B44
2024-03-30 02:09:30,449 [INFO] ConfigFileManager:1495 - The Die is : DIE413
2024-03-30 02:09:30,458 [INFO] ApiDbMcu:508 - Load IP Config File for FATFS
2024-03-30 02:09:30,464 [INFO] ApiDbMcu:508 - Load IP Config File for FREERTOS
2024-03-30 02:09:30,467 [INFO] ApiDbMcu:508 - Load IP Config File for LIBJPEG
2024-03-30 02:09:30,474 [INFO] ApiDbMcu:508 - Load IP Config File for LWIP
2024-03-30 02:09:30,483 [INFO] ApiDbMcu:508 - Load IP Config File for MBEDTLS
2024-03-30 02:09:30,493 [INFO] ApiDbMcu:508 - Load IP Config File for USB_DEVICE
2024-03-30 02:09:30,499 [INFO] ApiDbMcu:508 - Load IP Config File for USB_HOST
2024-03-30 02:09:31,956 [INFO] LogOutputStream:77 - [STDOUT_REDIRECT] 
2024-03-30 02:09:33,173 [INFO] ProjectBuilder:4747 - Time for Generating toolchain IDE Files: 3067mS.
2024-03-30 02:09:33,174 [INFO] ProjectBuilder:2947 - Time for Copy CMSIS : 1mS.
2024-03-30 02:09:33,178 [INFO] ProjectBuilder:2947 - Time for Copy CMSIS : 0mS.
