2024-04-04 00:01:23,763 [INFO] UtilMem:75 - End SaveConfig() Used Memory: 874135976 Bytes (1073741824)
2024-04-04 00:02:08,900 [INFO] UtilMem:75 - End SaveConfig() Used Memory: 784669616 Bytes (1073741824)
2024-04-04 00:02:09,587 [INFO] BlockDiagram:2759 - set Specific Code input for plugin: SYS
2024-04-04 00:02:09,587 [INFO] BlockDiagram:2759 - set Specific Code input for plugin: RCC
2024-04-04 00:02:09,587 [INFO] BlockDiagram:2759 - set Specific Code input for plugin: I2C
2024-04-04 00:02:09,587 [INFO] BlockDiagram:2759 - set Specific Code input for plugin: NVIC
2024-04-04 00:02:09,588 [INFO] BlockDiagram:2759 - set Specific Code input for plugin: GPIO
2024-04-04 00:02:09,590 [INFO] CodeGenerator:807 - code generatio: config db path: C:\ST\STM32CubeIDE_1.9.0\STM32CubeIDE\plugins\com.st.stm32cube.common.mx_6.10.0.202311202037\\db\
2024-04-04 00:02:09,596 [WARN] IP:2119 - I2C_Coeff_DF not found: check if there is a RefParameter without a condition.
2024-04-04 00:02:09,596 [WARN] IP:2119 - Analog_Filter not found: check if there is a RefParameter without a condition.
2024-04-04 00:02:09,961 [INFO] CodeEngine:255 - oldGeneratedFile, C:\Users\sherd\Documents\GitHub\stm32-cubeIDE-workspace\Tutorials\stm32f407_SSD1306_OLED\MXTmpFiles\license.tmp_save
2024-04-04 00:02:10,495 [INFO] CodeEngine:279 - Generated code: C:\Users\sherd\Documents\GitHub\stm32-cubeIDE-workspace\Tutorials\stm32f407_SSD1306_OLED\MXTmpFiles\license.tmp
2024-04-04 00:02:10,619 [INFO] CodeEngine:255 - oldGeneratedFile, C:\Users\sherd\Documents\GitHub\stm32-cubeIDE-workspace\Tutorials\stm32f407_SSD1306_OLED\MXTmpFiles\gpio.tmp_save
2024-04-04 00:02:10,893 [INFO] CodeEngine:279 - Generated code: C:\Users\sherd\Documents\GitHub\stm32-cubeIDE-workspace\Tutorials\stm32f407_SSD1306_OLED\MXTmpFiles\gpio.tmp
2024-04-04 00:02:11,060 [INFO] CodeEngine:255 - oldGeneratedFile, C:\Users\sherd\Documents\GitHub\stm32-cubeIDE-workspace\Tutorials\stm32f407_SSD1306_OLED\Core\Src\stm32f4xx_it.c_save
2024-04-04 00:02:11,262 [INFO] CodeEngine:279 - Generated code: C:\Users\sherd\Documents\GitHub\stm32-cubeIDE-workspace\Tutorials\stm32f407_SSD1306_OLED\Core\Src\stm32f4xx_it.c
2024-04-04 00:02:11,280 [INFO] CodeEngine:255 - oldGeneratedFile, C:\Users\sherd\Documents\GitHub\stm32-cubeIDE-workspace\Tutorials\stm32f407_SSD1306_OLED\Core\Inc\stm32f4xx_it.h_save
2024-04-04 00:02:11,390 [INFO] CodeEngine:279 - Generated code: C:\Users\sherd\Documents\GitHub\stm32-cubeIDE-workspace\Tutorials\stm32f407_SSD1306_OLED\Core\Inc\stm32f4xx_it.h
2024-04-04 00:02:11,420 [INFO] CodeEngine:255 - oldGeneratedFile, C:\Users\sherd\Documents\GitHub\stm32-cubeIDE-workspace\Tutorials\stm32f407_SSD1306_OLED\Core\Src\stm32f4xx_hal_msp.c_save
2024-04-04 00:02:11,584 [INFO] CodeEngine:279 - Generated code: C:\Users\sherd\Documents\GitHub\stm32-cubeIDE-workspace\Tutorials\stm32f407_SSD1306_OLED\Core\Src\stm32f4xx_hal_msp.c
2024-04-04 00:02:11,591 [INFO] CodeEngine:255 - oldGeneratedFile, C:\Users\sherd\Documents\GitHub\stm32-cubeIDE-workspace\Tutorials\stm32f407_SSD1306_OLED\MXTmpFiles\system.tmp_save
2024-04-04 00:02:11,683 [INFO] CodeEngine:279 - Generated code: C:\Users\sherd\Documents\GitHub\stm32-cubeIDE-workspace\Tutorials\stm32f407_SSD1306_OLED\MXTmpFiles\system.tmp
2024-04-04 00:02:11,712 [INFO] CodeEngine:311 - oldGeneratedFile, C:\Users\sherd\Documents\GitHub\stm32-cubeIDE-workspace\Tutorials\stm32f407_SSD1306_OLED\Core\Inc\stm32f4xx_hal_conf.h_save
2024-04-04 00:02:11,856 [INFO] CodeEngine:335 - Generated code: C:\Users\sherd\Documents\GitHub\stm32-cubeIDE-workspace\Tutorials\stm32f407_SSD1306_OLED\Core\Inc\stm32f4xx_hal_conf.h
2024-04-04 00:02:11,930 [INFO] CodeEngine:255 - oldGeneratedFile, C:\Users\sherd\Documents\GitHub\stm32-cubeIDE-workspace\Tutorials\stm32f407_SSD1306_OLED\Core\Inc\main.h_save
2024-04-04 00:02:12,077 [INFO] CodeEngine:279 - Generated code: C:\Users\sherd\Documents\GitHub\stm32-cubeIDE-workspace\Tutorials\stm32f407_SSD1306_OLED\Core\Inc\main.h
2024-04-04 00:02:12,095 [INFO] CodeEngine:255 - oldGeneratedFile, C:\Users\sherd\Documents\GitHub\stm32-cubeIDE-workspace\Tutorials\stm32f407_SSD1306_OLED\Core\Src\main.c_save
2024-04-04 00:02:12,326 [INFO] CodeEngine:279 - Generated code: C:\Users\sherd\Documents\GitHub\stm32-cubeIDE-workspace\Tutorials\stm32f407_SSD1306_OLED\Core\Src\main.c
2024-04-04 00:02:13,297 [INFO] ProjectBuilder:3076 - Time for Copy HAL[1] : 301mS.
2024-04-04 00:02:13,306 [INFO] ProjectBuilder:4485 - Project Generator version: 4.2.0-B44
2024-04-04 00:02:13,721 [INFO] ConfigFileManager:1495 - The Die is : DIE413
2024-04-04 00:02:13,732 [INFO] ApiDbMcu:508 - Load IP Config File for FATFS
2024-04-04 00:02:13,740 [INFO] ApiDbMcu:508 - Load IP Config File for FREERTOS
2024-04-04 00:02:13,745 [INFO] ApiDbMcu:508 - Load IP Config File for LIBJPEG
2024-04-04 00:02:13,753 [INFO] ApiDbMcu:508 - Load IP Config File for LWIP
2024-04-04 00:02:13,761 [INFO] ApiDbMcu:508 - Load IP Config File for MBEDTLS
2024-04-04 00:02:13,773 [INFO] ApiDbMcu:508 - Load IP Config File for USB_DEVICE
2024-04-04 00:02:13,779 [INFO] ApiDbMcu:508 - Load IP Config File for USB_HOST
