2024-05-20 22:49:58,347 [INFO] Activator:176 - 


2024-05-20 22:49:58,355 [INFO] Activator:177 - !SESSION log4j initialized
2024-05-20 22:50:11,289 [INFO] LogOutputStream:77 - [STDOUT_REDIRECT] 
2024-05-20 22:50:12,640 [INFO] ApplicationProperties:184 - Using Application install path: C:\ST\STM32CubeIDE_1.9.0\STM32CubeIDE\plugins\com.st.stm32cube.common.mx_6.10.0.202311202037
2024-05-20 22:50:12,685 [INFO] DbMcusXml:78 - Set database path to: C:\ST\STM32CubeIDE_1.9.0\STM32CubeIDE\plugins\com.st.stm32cube.common.mx_6.10.0.202311202037\\db\/mcu/
2024-05-20 22:50:12,686 [INFO] ApiDb:274 - Set plugin database path to: C:\ST\STM32CubeIDE_1.9.0\STM32CubeIDE\plugins\com.st.stm32cube.common.mx_6.10.0.202311202037\\db\/plugins/boardmanager/
2024-05-20 22:50:12,687 [WARN] ApiDb:259 - Overriding images path with different value:  => C:\ST\STM32CubeIDE_1.9.0\STM32CubeIDE\plugins\com.st.stm32cube.common.mx_6.10.0.202311202037\\db\/plugins/mcufinder/images/
2024-05-20 22:50:12,701 [INFO] ApiDb:250 - Set database path to: C:\Users\sherd\.stmcufinder\plugins\mcufinder//mcu/
2024-05-20 22:50:12,703 [INFO] DbMcusAds:125 - Set database path to: C:\Users\sherd\.stmcufinder\plugins\mcufinder//mcu/
2024-05-20 22:50:12,706 [INFO] CrossReferenceDbSqlite:203 - Set database path to: C:\Users\sherd\.stmcufinder\plugins\mcufinder//mcu/cs/
2024-05-20 22:50:12,925 [INFO] RulesReader:64 - Compatibility file has been processed (297 Rules)
2024-05-20 22:50:13,044 [INFO] DbMcusXml:78 - Set database path to: C:\ST\STM32CubeIDE_1.9.0\STM32CubeIDE\plugins\com.st.stm32cube.common.mx_6.10.0.202311202037\\db\/mcu/
2024-05-20 22:50:13,045 [INFO] ApiDb:274 - Set plugin database path to: C:\ST\STM32CubeIDE_1.9.0\STM32CubeIDE\plugins\com.st.stm32cube.common.mx_6.10.0.202311202037\\db\/plugins/boardmanager/
2024-05-20 22:50:13,045 [INFO] ApiDb:261 - Set plugin images path to: C:\ST\STM32CubeIDE_1.9.0\STM32CubeIDE\plugins\com.st.stm32cube.common.mx_6.10.0.202311202037\\db\/plugins/mcufinder/images/
2024-05-20 22:50:13,045 [WARN] DbFile:41 - Overriding database path with different value: C:\Users\sherd\.stmcufinder\plugins\mcufinder/ => C:\Users\sherd\.stmcufinder\plugins\mcufinder
2024-05-20 22:50:13,046 [INFO] ApiDb:250 - Set database path to: C:\Users\sherd\.stmcufinder\plugins\mcufinder//mcu/
2024-05-20 22:50:13,046 [WARN] DbFile:41 - Overriding database path with different value: C:\Users\sherd\.stmcufinder\plugins\mcufinder/ => C:\Users\sherd\.stmcufinder\plugins\mcufinder
2024-05-20 22:50:13,046 [INFO] DbMcusAds:125 - Set database path to: C:\Users\sherd\.stmcufinder\plugins\mcufinder//mcu/
2024-05-20 22:50:13,046 [WARN] DbFile:41 - Overriding database path with different value: C:\Users\sherd\.stmcufinder\plugins\mcufinder/ => C:\Users\sherd\.stmcufinder\plugins\mcufinder
2024-05-20 22:50:13,047 [WARN] DbFile:41 - Overriding database path with different value: C:\Users\sherd\.stmcufinder\plugins\mcufinder/ => C:\Users\sherd\.stmcufinder\plugins\mcufinder
2024-05-20 22:50:13,047 [INFO] CrossReferenceDbSqlite:203 - Set database path to: C:\Users\sherd\.stmcufinder\plugins\mcufinder//mcu/cs/
2024-05-20 22:50:13,230 [INFO] MainPanel:264 - HeapMemory: 268435456
2024-05-20 22:50:13,354 [INFO] DbMcusXml:78 - Set database path to: C:\ST\STM32CubeIDE_1.9.0\STM32CubeIDE\plugins\com.st.stm32cube.common.mx_6.10.0.202311202037\\db\/mcu/
2024-05-20 22:50:13,354 [INFO] ApiDb:274 - Set plugin database path to: C:\ST\STM32CubeIDE_1.9.0\STM32CubeIDE\plugins\com.st.stm32cube.common.mx_6.10.0.202311202037\\db\/plugins/boardmanager/
2024-05-20 22:50:13,354 [INFO] ApiDb:261 - Set plugin images path to: C:\ST\STM32CubeIDE_1.9.0\STM32CubeIDE\plugins\com.st.stm32cube.common.mx_6.10.0.202311202037\\db\/plugins/mcufinder/images/
2024-05-20 22:50:13,355 [WARN] DbFile:41 - Overriding database path with different value: C:\Users\sherd\.stmcufinder\plugins\mcufinder/ => C:\Users\sherd\.stmcufinder\plugins\mcufinder
2024-05-20 22:50:13,355 [INFO] ApiDb:250 - Set database path to: C:\Users\sherd\.stmcufinder\plugins\mcufinder//mcu/
2024-05-20 22:50:13,355 [WARN] DbFile:41 - Overriding database path with different value: C:\Users\sherd\.stmcufinder\plugins\mcufinder/ => C:\Users\sherd\.stmcufinder\plugins\mcufinder
2024-05-20 22:50:13,355 [INFO] DbMcusAds:125 - Set database path to: C:\Users\sherd\.stmcufinder\plugins\mcufinder//mcu/
2024-05-20 22:50:13,355 [WARN] DbFile:41 - Overriding database path with different value: C:\Users\sherd\.stmcufinder\plugins\mcufinder/ => C:\Users\sherd\.stmcufinder\plugins\mcufinder
2024-05-20 22:50:13,355 [WARN] DbFile:41 - Overriding database path with different value: C:\Users\sherd\.stmcufinder\plugins\mcufinder/ => C:\Users\sherd\.stmcufinder\plugins\mcufinder
2024-05-20 22:50:13,356 [INFO] CrossReferenceDbSqlite:203 - Set database path to: C:\Users\sherd\.stmcufinder\plugins\mcufinder//mcu/cs/
2024-05-20 22:50:13,379 [INFO] ApplicationProperties:184 - Using Application install path: C:\ST\STM32CubeIDE_1.9.0\STM32CubeIDE\plugins\com.st.stm32cube.common.mx_6.10.0.202311202037
2024-05-20 22:50:13,381 [INFO] PluginManage:196 - Search for loadable plugins [exclusion list=, ]
2024-05-20 22:50:13,383 [INFO] PluginManage:310 - Check plugin analytics
2024-05-20 22:50:13,608 [INFO] AnalyticsPlugin:253 - Accepted Software Licenses: 
2024-05-20 22:50:13,608 [INFO] AnalyticsPlugin:255 - Accepted CMSIS Pack Licenses: 
2024-05-20 22:50:13,608 [INFO] AnalyticsPlugin:257 - Accepted Firmware Licenses: 
2024-05-20 22:50:13,611 [INFO] PluginManage:359 - Loaded plugin analytics (category:tool,tabindex:-1)
2024-05-20 22:50:13,612 [INFO] PluginManage:310 - Check plugin cadmodel
2024-05-20 22:50:13,619 [INFO] CADModel:105 - Init CAD model plugin
2024-05-20 22:50:13,619 [INFO] PluginManage:359 - Loaded plugin cadmodel (category:power,tabindex:5)
2024-05-20 22:50:13,619 [INFO] PluginManage:310 - Check plugin clock
2024-05-20 22:50:13,636 [INFO] PluginManage:359 - Loaded plugin clock (category:base,tabindex:2)
2024-05-20 22:50:13,636 [INFO] PluginManage:310 - Check plugin ddr
2024-05-20 22:50:13,639 [INFO] PluginManage:359 - Loaded plugin ddr (category:tool,tabindex:6)
2024-05-20 22:50:13,639 [INFO] PluginManage:310 - Check plugin filemanager
2024-05-20 22:50:13,820 [INFO] PluginManage:359 - Loaded plugin filemanager (category:base,tabindex:10)
2024-05-20 22:50:13,820 [INFO] PluginManage:310 - Check plugin ipmanager
2024-05-20 22:50:13,830 [INFO] PluginManage:359 - Loaded plugin ipmanager (category:base,tabindex:5)
2024-05-20 22:50:13,830 [INFO] PluginManage:310 - Check plugin lpbam
2024-05-20 22:50:13,840 [INFO] PluginManage:359 - Loaded plugin lpbam (category:base,tabindex:0)
2024-05-20 22:50:13,840 [INFO] PluginManage:310 - Check plugin memorymap
2024-05-20 22:50:13,857 [INFO] PluginManage:359 - Loaded plugin memorymap (category:base,tabindex:4)
2024-05-20 22:50:13,857 [INFO] PluginManage:310 - Check plugin pinoutandconfiguration
2024-05-20 22:50:13,868 [INFO] PluginManage:359 - Loaded plugin pinoutandconfiguration (category:base,tabindex:1)
2024-05-20 22:50:13,868 [INFO] PluginManage:310 - Check plugin pinoutconfig
2024-05-20 22:50:14,011 [WARN] SupportedApi:132 - Cannot load RTOS API schema: s4s-elt-must-match.1: The content of 'definitions' must match (annotation?, (simpleType | complexType)?, (unique | key | keyref)*)). A problem was found starting at: attribute.
2024-05-20 22:50:14,260 [INFO] PluginManage:359 - Loaded plugin pinoutconfig (category:base,tabindex:0)
2024-05-20 22:50:14,260 [INFO] PluginManage:310 - Check plugin power
2024-05-20 22:50:14,276 [INFO] PluginManage:359 - Loaded plugin power (category:power,tabindex:4)
2024-05-20 22:50:14,276 [INFO] PluginManage:310 - Check plugin projectmanager
2024-05-20 22:50:14,302 [INFO] PluginManage:359 - Loaded plugin projectmanager (category:projectmanager,tabindex:3)
2024-05-20 22:50:14,302 [INFO] PluginManage:310 - Check plugin thirdparty
2024-05-20 22:50:14,524 [WARN] IntegrityCheckThread:84 - waiting for thirdparty lock release [integrity check]
2024-05-20 22:50:14,524 [INFO] PluginManage:359 - Loaded plugin thirdparty (category:base,tabindex:-1)
2024-05-20 22:50:14,524 [INFO] IntegrityCheckThread:86 - entering critical section [integrity check]
2024-05-20 22:50:14,524 [INFO] PluginManage:310 - Check plugin tools
2024-05-20 22:50:14,525 [INFO] ThirdPartyUpdaterWithRetryManager:70 - Updater plugin not ready yet. [1/15]
2024-05-20 22:50:14,529 [INFO] PluginManage:359 - Loaded plugin tools (category:base,tabindex:7)
2024-05-20 22:50:14,529 [INFO] PluginManage:310 - Check plugin tutovideos
2024-05-20 22:50:14,770 [INFO] PluginManage:359 - Loaded plugin tutovideos (category:base,tabindex:-1)
2024-05-20 22:50:14,770 [INFO] PluginManage:310 - Check plugin updater
2024-05-20 22:50:14,790 [INFO] PluginManage:359 - Loaded plugin updater (category:base,tabindex:12)
2024-05-20 22:50:14,790 [INFO] PluginManage:310 - Check plugin userauth
2024-05-20 22:50:14,800 [INFO] UserAuth:114 - Init User Auth plugin
2024-05-20 22:50:14,800 [INFO] PluginManage:359 - Loaded plugin userauth (category:base,tabindex:14)
2024-05-20 22:50:14,801 [INFO] PluginManage:283 - PluginManage : Loaded plugins [17]
2024-05-20 22:50:15,099 [INFO] PinOutPanel:1499 - setPackage(No Configuration,No Configuration)
2024-05-20 22:50:15,209 [INFO] CADModel:165 - CPN selected for project level
2024-05-20 22:50:15,209 [INFO] CADModel:114 - Register for checkConnection events
2024-05-20 22:50:15,233 [INFO] IPUIPlugin:80 - create IPUIPlugin
2024-05-20 22:50:15,233 [INFO] PluginManager:220 - loadIPPluginJar : add adc
2024-05-20 22:50:15,236 [INFO] IPUIPlugin:80 - create IPUIPlugin
2024-05-20 22:50:15,237 [INFO] PluginManager:220 - loadIPPluginJar : add aes
2024-05-20 22:50:15,242 [INFO] IPUIPlugin:80 - create IPUIPlugin
2024-05-20 22:50:15,242 [INFO] PluginManager:220 - loadIPPluginJar : add can
2024-05-20 22:50:15,244 [INFO] IPUIPlugin:80 - create IPUIPlugin
2024-05-20 22:50:15,245 [INFO] PluginManager:220 - loadIPPluginJar : add comp
2024-05-20 22:50:15,249 [INFO] IPUIPlugin:80 - create IPUIPlugin
2024-05-20 22:50:15,249 [INFO] PluginManager:220 - loadIPPluginJar : add cryp
2024-05-20 22:50:15,252 [INFO] IPUIPlugin:80 - create IPUIPlugin
2024-05-20 22:50:15,252 [INFO] PluginManager:220 - loadIPPluginJar : add dfsdm
2024-05-20 22:50:15,261 [INFO] IPUIPlugin:80 - create IPUIPlugin
2024-05-20 22:50:15,262 [INFO] PluginManager:220 - loadIPPluginJar : add dma
2024-05-20 22:50:15,267 [INFO] IPUIPlugin:80 - create IPUIPlugin
2024-05-20 22:50:15,267 [INFO] PluginManager:220 - loadIPPluginJar : add dma3
2024-05-20 22:50:15,270 [INFO] IPUIPlugin:80 - create IPUIPlugin
2024-05-20 22:50:15,270 [INFO] PluginManager:220 - loadIPPluginJar : add fatfs
2024-05-20 22:50:15,276 [INFO] IPUIPlugin:80 - create IPUIPlugin
2024-05-20 22:50:15,276 [INFO] PluginManager:220 - loadIPPluginJar : add fmc
2024-05-20 22:50:15,284 [INFO] IPUIPlugin:80 - create IPUIPlugin
2024-05-20 22:50:15,285 [INFO] PluginManager:220 - loadIPPluginJar : add freertos
2024-05-20 22:50:15,288 [INFO] IPUIPlugin:80 - create IPUIPlugin
2024-05-20 22:50:15,288 [INFO] PluginManager:220 - loadIPPluginJar : add genericplugin
2024-05-20 22:50:15,293 [INFO] IPUIPlugin:80 - create IPUIPlugin
2024-05-20 22:50:15,293 [INFO] PluginManager:220 - loadIPPluginJar : add gfxmmu
2024-05-20 22:50:15,300 [INFO] IPUIPlugin:80 - create IPUIPlugin
2024-05-20 22:50:15,300 [INFO] PluginManager:220 - loadIPPluginJar : add gic
2024-05-20 22:50:15,307 [INFO] IPUIPlugin:80 - create IPUIPlugin
2024-05-20 22:50:15,307 [INFO] PluginManager:220 - loadIPPluginJar : add gpio
2024-05-20 22:50:15,312 [INFO] IPUIPlugin:80 - create IPUIPlugin
2024-05-20 22:50:15,312 [INFO] PluginManager:220 - loadIPPluginJar : add gtzc
2024-05-20 22:50:15,315 [INFO] IPUIPlugin:80 - create IPUIPlugin
2024-05-20 22:50:15,315 [INFO] PluginManager:220 - loadIPPluginJar : add hash
2024-05-20 22:50:15,320 [INFO] IPUIPlugin:80 - create IPUIPlugin
2024-05-20 22:50:15,320 [INFO] PluginManager:220 - loadIPPluginJar : add i2c
2024-05-20 22:50:15,324 [INFO] IPUIPlugin:80 - create IPUIPlugin
2024-05-20 22:50:15,324 [INFO] PluginManager:220 - loadIPPluginJar : add i2s
2024-05-20 22:50:15,329 [INFO] IPUIPlugin:80 - create IPUIPlugin
2024-05-20 22:50:15,329 [INFO] PluginManager:220 - loadIPPluginJar : add i3c
2024-05-20 22:50:15,334 [INFO] IPUIPlugin:80 - create IPUIPlugin
2024-05-20 22:50:15,334 [INFO] PluginManager:220 - loadIPPluginJar : add ipddr
2024-05-20 22:50:15,351 [INFO] IPUIPlugin:80 - create IPUIPlugin
2024-05-20 22:50:15,351 [INFO] PluginManager:220 - loadIPPluginJar : add linkedlist
2024-05-20 22:50:15,356 [INFO] IPUIPlugin:80 - create IPUIPlugin
2024-05-20 22:50:15,356 [INFO] PluginManager:220 - loadIPPluginJar : add lorawan
2024-05-20 22:50:15,360 [INFO] IPUIPlugin:80 - create IPUIPlugin
2024-05-20 22:50:15,360 [INFO] PluginManager:220 - loadIPPluginJar : add ltdc
2024-05-20 22:50:15,369 [INFO] IPUIPlugin:80 - create IPUIPlugin
2024-05-20 22:50:15,369 [INFO] PluginManager:220 - loadIPPluginJar : add mdma
2024-05-20 22:50:15,375 [INFO] IPUIPlugin:80 - create IPUIPlugin
2024-05-20 22:50:15,375 [INFO] PluginManager:220 - loadIPPluginJar : add nvic
2024-05-20 22:50:15,379 [INFO] IPUIPlugin:80 - create IPUIPlugin
2024-05-20 22:50:15,380 [INFO] PluginManager:220 - loadIPPluginJar : add opamp
2024-05-20 22:50:15,384 [INFO] IPUIPlugin:80 - create IPUIPlugin
2024-05-20 22:50:15,385 [INFO] PluginManager:220 - loadIPPluginJar : add openamp
2024-05-20 22:50:15,396 [INFO] IPUIPlugin:80 - create IPUIPlugin
2024-05-20 22:50:15,397 [INFO] PluginManager:220 - loadIPPluginJar : add pdm2pcm
2024-05-20 22:50:15,416 [INFO] IPUIPlugin:80 - create IPUIPlugin
2024-05-20 22:50:15,419 [INFO] PluginManager:220 - loadIPPluginJar : add plateformsettings
2024-05-20 22:50:15,423 [INFO] IPUIPlugin:80 - create IPUIPlugin
2024-05-20 22:50:15,424 [INFO] PluginManager:220 - loadIPPluginJar : add quadspi
2024-05-20 22:50:15,430 [INFO] IPUIPlugin:80 - create IPUIPlugin
2024-05-20 22:50:15,430 [INFO] PluginManager:220 - loadIPPluginJar : add resmgrutility
2024-05-20 22:50:15,434 [INFO] IPUIPlugin:80 - create IPUIPlugin
2024-05-20 22:50:15,435 [INFO] PluginManager:220 - loadIPPluginJar : add sai
2024-05-20 22:50:15,440 [INFO] IPUIPlugin:80 - create IPUIPlugin
2024-05-20 22:50:15,440 [INFO] PluginManager:220 - loadIPPluginJar : add spi
2024-05-20 22:50:15,448 [INFO] IPUIPlugin:80 - create IPUIPlugin
2024-05-20 22:50:15,448 [INFO] PluginManager:220 - loadIPPluginJar : add stm32_wpan
2024-05-20 22:50:15,451 [INFO] IPUIPlugin:80 - create IPUIPlugin
2024-05-20 22:50:15,451 [INFO] PluginManager:220 - loadIPPluginJar : add tim
2024-05-20 22:50:15,457 [INFO] IPUIPlugin:80 - create IPUIPlugin
2024-05-20 22:50:15,457 [INFO] PluginManager:220 - loadIPPluginJar : add touchsensing
2024-05-20 22:50:15,462 [INFO] IPUIPlugin:80 - create IPUIPlugin
2024-05-20 22:50:15,462 [INFO] PluginManager:220 - loadIPPluginJar : add tracer_emb
2024-05-20 22:50:15,464 [INFO] IPUIPlugin:80 - create IPUIPlugin
2024-05-20 22:50:15,464 [INFO] PluginManager:220 - loadIPPluginJar : add ts
2024-05-20 22:50:15,467 [INFO] IPUIPlugin:80 - create IPUIPlugin
2024-05-20 22:50:15,467 [INFO] PluginManager:220 - loadIPPluginJar : add tsc
2024-05-20 22:50:15,470 [INFO] IPUIPlugin:80 - create IPUIPlugin
2024-05-20 22:50:15,470 [INFO] PluginManager:220 - loadIPPluginJar : add ucpd
2024-05-20 22:50:15,474 [INFO] IPUIPlugin:80 - create IPUIPlugin
2024-05-20 22:50:15,474 [INFO] PluginManager:220 - loadIPPluginJar : add usart
2024-05-20 22:50:15,480 [INFO] IPUIPlugin:80 - create IPUIPlugin
2024-05-20 22:50:15,480 [INFO] PluginManager:220 - loadIPPluginJar : add usbx
2024-05-20 22:50:15,623 [INFO] CADModel:165 - CPN selected for project level
2024-05-20 22:50:15,624 [INFO] CADModel:114 - Register for checkConnection events
2024-05-20 22:50:15,624 [FATAL] Updater:308 - Updater called before beeing initialized
2024-05-20 22:50:15,624 [ERROR] CADModel:125 - Updater not yet initialized, retry later 
2024-05-20 22:50:15,837 [INFO] CADModel:165 - CPN selected for project level
2024-05-20 22:50:15,837 [INFO] CADModel:114 - Register for checkConnection events
2024-05-20 22:50:15,837 [FATAL] Updater:308 - Updater called before beeing initialized
2024-05-20 22:50:15,837 [ERROR] CADModel:125 - Updater not yet initialized, retry later 
2024-05-20 22:50:15,842 [FATAL] Updater:308 - Updater called before beeing initialized
2024-05-20 22:50:16,014 [FATAL] Updater:308 - Updater called before beeing initialized
2024-05-20 22:50:16,030 [INFO] DbMcusAds:53 - JSON generation date=Thu May 02 13:37:29 PKT 2024 (1714639049318)
2024-05-20 22:50:16,031 [FATAL] Updater:308 - Updater called before beeing initialized
2024-05-20 22:50:16,085 [WARN] DetailPanel:346 - Failed to get advertising image, set to default
2024-05-20 22:50:16,231 [FATAL] Updater:308 - Updater called before beeing initialized
2024-05-20 22:50:16,234 [FATAL] Updater:308 - Updater called before beeing initialized
2024-05-20 22:50:16,234 [FATAL] Updater:308 - Updater called before beeing initialized
2024-05-20 22:50:16,234 [WARN] DetailPanel:346 - Failed to get advertising image, set to default
2024-05-20 22:50:16,235 [FATAL] Updater:308 - Updater called before beeing initialized
2024-05-20 22:50:16,322 [ERROR] Updater:1120 - MainUpdater not yet initialized. External WinMGr cannot be set.
2024-05-20 22:50:16,325 [INFO] Updater:1056 - Updater Version found : 6.10.0
2024-05-20 22:50:16,356 [INFO] ApplicationProperties:184 - Using Application install path: C:\ST\STM32CubeIDE_1.9.0\STM32CubeIDE\plugins\com.st.stm32cube.common.mx_6.10.0.202311202037
2024-05-20 22:50:17,527 [INFO] ThirdPartyUpdaterWithRetryManager:70 - Updater plugin not ready yet. [2/15]
2024-05-20 22:50:17,954 [ERROR] LogOutputStream:75 - [STDERR_REDIRECT] May 20, 2024 10:50:17 PM java.util.prefs.WindowsPreferences <init>
2024-05-20 22:50:17,959 [ERROR] LogOutputStream:75 - [STDERR_REDIRECT] WARNING: Could not open/create prefs root node Software\JavaSoft\Prefs at root 0xffffffff80000002. Windows RegCreateKeyEx(...) returned error code 5.
2024-05-20 22:50:17,960 [ERROR] LogOutputStream:75 - [STDERR_REDIRECT] 
2024-05-20 22:50:19,499 [INFO] MainUpdater:2873 - connection check result : 10
2024-05-20 22:50:19,500 [INFO] MainUpdater:290 - Updater Check For Update Now.
2024-05-20 22:50:19,500 [INFO] MicroXplorer:498 - Change Database Version : DB.6.0.100
2024-05-20 22:50:19,515 [INFO] McuFinderGlobals:63 - Set McuFinder mode to 2 (CubeIDE integrated)
2024-05-20 22:50:19,536 [INFO] UserAuth:404 - Internet connection configuration mode: 1
2024-05-20 22:50:19,655 [INFO] JxBrowserEngine:152 - Initiate JxBrowser Engine with user profile folder
2024-05-20 22:50:19,870 [INFO] CheckServerUpdateThread:120 - End of CheckServer Thread
2024-05-20 22:50:27,513 [WARN] PackLoader:240 - Cannot read IP mode file for STMicroelectronics.FP-SNS-MOTENVWB1.1.4.0
2024-05-20 22:50:27,537 [WARN] PackLoader:240 - Cannot read IP mode file for STMicroelectronics.X-CUBE-SMBUS.2.1.0
2024-05-20 22:50:27,556 [WARN] PackLoader:240 - Cannot read IP mode file for STMicroelectronics.X-CUBE-TOUCHGFX.4.23.1
2024-05-20 22:50:27,575 [WARN] PackLoader:240 - Cannot read IP mode file for STMicroelectronics.X-CUBE-TOUCHGFX.4.23.0
2024-05-20 22:50:27,732 [WARN] PackLoader:240 - Cannot read IP mode file for STMicroelectronics.X-CUBE-MEMS1.9.2.0
2024-05-20 22:50:28,157 [WARN] PackLoader:240 - Cannot read IP mode file for STMicroelectronics.X-CUBE-TOUCHGFX.4.23.2
2024-05-20 22:50:28,235 [WARN] PackLoader:240 - Cannot read IP mode file for STMicroelectronics.X-CUBE-AZRTOS-F7.1.1.0
2024-05-20 22:50:28,271 [WARN] PackLoader:240 - Cannot read IP mode file for STMicroelectronics.X-CUBE-AI.7.1.0
2024-05-20 22:50:28,294 [WARN] PackLoader:240 - Cannot read IP mode file for STMicroelectronics.X-CUBE-TOUCHGFX.4.19.1
2024-05-20 22:50:28,320 [WARN] PackLoader:240 - Cannot read IP mode file for STMicroelectronics.FP-SNS-MOTENV1.4.3.2
2024-05-20 22:50:28,354 [WARN] PackLoader:240 - Cannot read IP mode file for STMicroelectronics.X-CUBE-BLE1.6.2.3
2024-05-20 22:50:28,381 [WARN] PackLoader:240 - Cannot read IP mode file for STMicroelectronics.FP-SNS-FLIGHT1.5.0.2
2024-05-20 22:50:28,403 [WARN] PackLoader:240 - Cannot read IP mode file for STMicroelectronics.X-CUBE-BLE2.3.2.2
2024-05-20 22:50:28,448 [WARN] PackLoader:240 - Cannot read IP mode file for STMicroelectronics.X-CUBE-TOF1.3.1.0
2024-05-20 22:50:28,485 [WARN] PackLoader:240 - Cannot read IP mode file for STMicroelectronics.X-CUBE-DISPLAY.3.0.0
2024-05-20 22:50:28,533 [WARN] PackLoader:240 - Cannot read IP mode file for STMicroelectronics.X-CUBE-BLE1.7.0.0
2024-05-20 22:50:28,572 [WARN] PackLoader:240 - Cannot read IP mode file for STMicroelectronics.X-CUBE-TOUCHGFX.4.22.0
2024-05-20 22:50:28,785 [WARN] PackLoader:240 - Cannot read IP mode file for STMicroelectronics.X-CUBE-MEMS1.9.3.0
