2024-07-09 09:49:32,077 [INFO] Activator:176 - 


2024-07-09 09:49:32,084 [INFO] Activator:177 - !SESSION log4j initialized
2024-07-09 09:49:42,572 [INFO] LogOutputStream:77 - [STDOUT_REDIRECT] 
2024-07-09 09:49:44,298 [ERROR] LogOutputStream:75 - [STDERR_REDIRECT] Jul 09, 2024 9:49:44 AM org.glassfish.grizzly.http.server.NetworkListener start
2024-07-09 09:49:44,300 [ERROR] LogOutputStream:75 - [STDERR_REDIRECT] INFO: Started listener bound to [localhost:1595]
2024-07-09 09:49:44,301 [ERROR] LogOutputStream:75 - [STDERR_REDIRECT] 
2024-07-09 09:49:44,303 [ERROR] LogOutputStream:75 - [STDERR_REDIRECT] Jul 09, 2024 9:49:44 AM org.glassfish.grizzly.http.server.HttpServer start
2024-07-09 09:49:44,305 [ERROR] LogOutputStream:75 - [STDERR_REDIRECT] INFO: [HttpServer] Started.
2024-07-09 09:49:44,305 [ERROR] LogOutputStream:75 - [STDERR_REDIRECT] 
2024-07-09 09:49:45,017 [INFO] ApplicationProperties:184 - Using Application install path: C:\ST\STM32CubeIDE_1.9.0\STM32CubeIDE\plugins\com.st.stm32cube.common.mx_6.11.1.202404110753
2024-07-09 09:49:45,038 [INFO] DbMcusXml:78 - Set database path to: C:\ST\STM32CubeIDE_1.9.0\STM32CubeIDE\plugins\com.st.stm32cube.common.mx_6.11.1.202404110753\\db\/mcu/
2024-07-09 09:49:45,038 [INFO] ApiDb:274 - Set plugin database path to: C:\ST\STM32CubeIDE_1.9.0\STM32CubeIDE\plugins\com.st.stm32cube.common.mx_6.11.1.202404110753\\db\/plugins/boardmanager/
2024-07-09 09:49:45,038 [WARN] ApiDb:259 - Overriding images path with different value:  => C:\ST\STM32CubeIDE_1.9.0\STM32CubeIDE\plugins\com.st.stm32cube.common.mx_6.11.1.202404110753\\db\/plugins/mcufinder/images/
2024-07-09 09:49:45,050 [INFO] ApiDb:250 - Set database path to: C:\Users\sherd\.stmcufinder\plugins\mcufinder//mcu/
2024-07-09 09:49:45,051 [INFO] DbMcusAds:125 - Set database path to: C:\Users\sherd\.stmcufinder\plugins\mcufinder//mcu/
2024-07-09 09:49:45,053 [INFO] CrossReferenceDbSqlite:203 - Set database path to: C:\Users\sherd\.stmcufinder\plugins\mcufinder//mcu/cs/
2024-07-09 09:49:45,203 [INFO] RulesReader:64 - Compatibility file has been processed (297 Rules)
2024-07-09 09:49:45,301 [INFO] DbMcusXml:78 - Set database path to: C:\ST\STM32CubeIDE_1.9.0\STM32CubeIDE\plugins\com.st.stm32cube.common.mx_6.11.1.202404110753\\db\/mcu/
2024-07-09 09:49:45,301 [INFO] ApiDb:274 - Set plugin database path to: C:\ST\STM32CubeIDE_1.9.0\STM32CubeIDE\plugins\com.st.stm32cube.common.mx_6.11.1.202404110753\\db\/plugins/boardmanager/
2024-07-09 09:49:45,302 [INFO] ApiDb:261 - Set plugin images path to: C:\ST\STM32CubeIDE_1.9.0\STM32CubeIDE\plugins\com.st.stm32cube.common.mx_6.11.1.202404110753\\db\/plugins/mcufinder/images/
2024-07-09 09:49:45,302 [WARN] DbFile:41 - Overriding database path with different value: C:\Users\sherd\.stmcufinder\plugins\mcufinder/ => C:\Users\sherd\.stmcufinder\plugins\mcufinder
2024-07-09 09:49:45,302 [INFO] ApiDb:250 - Set database path to: C:\Users\sherd\.stmcufinder\plugins\mcufinder//mcu/
2024-07-09 09:49:45,302 [WARN] DbFile:41 - Overriding database path with different value: C:\Users\sherd\.stmcufinder\plugins\mcufinder/ => C:\Users\sherd\.stmcufinder\plugins\mcufinder
2024-07-09 09:49:45,302 [INFO] DbMcusAds:125 - Set database path to: C:\Users\sherd\.stmcufinder\plugins\mcufinder//mcu/
2024-07-09 09:49:45,302 [WARN] DbFile:41 - Overriding database path with different value: C:\Users\sherd\.stmcufinder\plugins\mcufinder/ => C:\Users\sherd\.stmcufinder\plugins\mcufinder
2024-07-09 09:49:45,302 [WARN] DbFile:41 - Overriding database path with different value: C:\Users\sherd\.stmcufinder\plugins\mcufinder/ => C:\Users\sherd\.stmcufinder\plugins\mcufinder
2024-07-09 09:49:45,302 [INFO] CrossReferenceDbSqlite:203 - Set database path to: C:\Users\sherd\.stmcufinder\plugins\mcufinder//mcu/cs/
2024-07-09 09:49:45,404 [INFO] MainPanel:264 - HeapMemory: 274726912
2024-07-09 09:49:45,555 [INFO] DbMcusXml:78 - Set database path to: C:\ST\STM32CubeIDE_1.9.0\STM32CubeIDE\plugins\com.st.stm32cube.common.mx_6.11.1.202404110753\\db\/mcu/
2024-07-09 09:49:45,555 [INFO] ApiDb:274 - Set plugin database path to: C:\ST\STM32CubeIDE_1.9.0\STM32CubeIDE\plugins\com.st.stm32cube.common.mx_6.11.1.202404110753\\db\/plugins/boardmanager/
2024-07-09 09:49:45,555 [INFO] ApiDb:261 - Set plugin images path to: C:\ST\STM32CubeIDE_1.9.0\STM32CubeIDE\plugins\com.st.stm32cube.common.mx_6.11.1.202404110753\\db\/plugins/mcufinder/images/
2024-07-09 09:49:45,556 [WARN] DbFile:41 - Overriding database path with different value: C:\Users\sherd\.stmcufinder\plugins\mcufinder/ => C:\Users\sherd\.stmcufinder\plugins\mcufinder
2024-07-09 09:49:45,556 [INFO] ApiDb:250 - Set database path to: C:\Users\sherd\.stmcufinder\plugins\mcufinder//mcu/
2024-07-09 09:49:45,556 [WARN] DbFile:41 - Overriding database path with different value: C:\Users\sherd\.stmcufinder\plugins\mcufinder/ => C:\Users\sherd\.stmcufinder\plugins\mcufinder
2024-07-09 09:49:45,557 [INFO] DbMcusAds:125 - Set database path to: C:\Users\sherd\.stmcufinder\plugins\mcufinder//mcu/
2024-07-09 09:49:45,557 [WARN] DbFile:41 - Overriding database path with different value: C:\Users\sherd\.stmcufinder\plugins\mcufinder/ => C:\Users\sherd\.stmcufinder\plugins\mcufinder
2024-07-09 09:49:45,557 [WARN] DbFile:41 - Overriding database path with different value: C:\Users\sherd\.stmcufinder\plugins\mcufinder/ => C:\Users\sherd\.stmcufinder\plugins\mcufinder
2024-07-09 09:49:45,557 [INFO] CrossReferenceDbSqlite:203 - Set database path to: C:\Users\sherd\.stmcufinder\plugins\mcufinder//mcu/cs/
2024-07-09 09:49:45,588 [INFO] ApplicationProperties:184 - Using Application install path: C:\ST\STM32CubeIDE_1.9.0\STM32CubeIDE\plugins\com.st.stm32cube.common.mx_6.11.1.202404110753
2024-07-09 09:49:45,591 [INFO] PluginManage:196 - Search for loadable plugins [exclusion list=, ]
2024-07-09 09:49:45,592 [INFO] PluginManage:310 - Check plugin analytics
2024-07-09 09:49:45,846 [INFO] AnalyticsPlugin:253 - Accepted Software Licenses: 
2024-07-09 09:49:45,846 [INFO] AnalyticsPlugin:255 - Accepted CMSIS Pack Licenses: 
2024-07-09 09:49:45,847 [INFO] AnalyticsPlugin:257 - Accepted Firmware Licenses: 
2024-07-09 09:49:45,850 [INFO] PluginManage:359 - Loaded plugin analytics (category:tool,tabindex:-1)
2024-07-09 09:49:45,851 [INFO] PluginManage:310 - Check plugin cadmodel
2024-07-09 09:49:45,858 [INFO] CADModel:105 - Init CAD model plugin
2024-07-09 09:49:45,858 [INFO] PluginManage:359 - Loaded plugin cadmodel (category:power,tabindex:5)
2024-07-09 09:49:45,858 [INFO] PluginManage:310 - Check plugin clock
2024-07-09 09:49:45,872 [INFO] PluginManage:359 - Loaded plugin clock (category:base,tabindex:2)
2024-07-09 09:49:45,872 [INFO] PluginManage:310 - Check plugin ddr
2024-07-09 09:49:45,875 [INFO] PluginManage:359 - Loaded plugin ddr (category:tool,tabindex:6)
2024-07-09 09:49:45,875 [INFO] PluginManage:310 - Check plugin filemanager
2024-07-09 09:49:46,041 [INFO] PluginManage:359 - Loaded plugin filemanager (category:base,tabindex:10)
2024-07-09 09:49:46,041 [INFO] PluginManage:310 - Check plugin ipmanager
2024-07-09 09:49:46,050 [INFO] PluginManage:359 - Loaded plugin ipmanager (category:base,tabindex:5)
2024-07-09 09:49:46,050 [INFO] PluginManage:310 - Check plugin lpbam
2024-07-09 09:49:46,061 [INFO] PluginManage:359 - Loaded plugin lpbam (category:base,tabindex:0)
2024-07-09 09:49:46,061 [INFO] PluginManage:310 - Check plugin memorymap
2024-07-09 09:49:46,079 [INFO] PluginManage:359 - Loaded plugin memorymap (category:base,tabindex:4)
2024-07-09 09:49:46,079 [INFO] PluginManage:310 - Check plugin pinoutandconfiguration
2024-07-09 09:49:46,092 [INFO] PluginManage:359 - Loaded plugin pinoutandconfiguration (category:base,tabindex:1)
2024-07-09 09:49:46,092 [INFO] PluginManage:310 - Check plugin pinoutconfig
2024-07-09 09:49:46,212 [WARN] SupportedApi:132 - Cannot load RTOS API schema: s4s-elt-must-match.1: The content of 'definitions' must match (annotation?, (simpleType | complexType)?, (unique | key | keyref)*)). A problem was found starting at: attribute.
2024-07-09 09:49:46,420 [INFO] PluginManage:359 - Loaded plugin pinoutconfig (category:base,tabindex:0)
2024-07-09 09:49:46,420 [INFO] PluginManage:310 - Check plugin power
2024-07-09 09:49:46,445 [INFO] PluginManage:359 - Loaded plugin power (category:power,tabindex:4)
2024-07-09 09:49:46,446 [INFO] PluginManage:310 - Check plugin projectmanager
2024-07-09 09:49:46,468 [INFO] PluginManage:359 - Loaded plugin projectmanager (category:projectmanager,tabindex:3)
2024-07-09 09:49:46,469 [INFO] PluginManage:310 - Check plugin thirdparty
2024-07-09 09:49:46,688 [WARN] IntegrityCheckThread:84 - waiting for thirdparty lock release [integrity check]
2024-07-09 09:49:46,688 [INFO] PluginManage:359 - Loaded plugin thirdparty (category:base,tabindex:-1)
2024-07-09 09:49:46,688 [INFO] IntegrityCheckThread:86 - entering critical section [integrity check]
2024-07-09 09:49:46,688 [INFO] PluginManage:310 - Check plugin tools
2024-07-09 09:49:46,689 [INFO] ThirdPartyUpdaterWithRetryManager:70 - Updater plugin not ready yet. [1/15]
2024-07-09 09:49:46,693 [INFO] PluginManage:359 - Loaded plugin tools (category:base,tabindex:7)
2024-07-09 09:49:46,693 [INFO] PluginManage:310 - Check plugin tutovideos
2024-07-09 09:49:47,006 [INFO] PluginManage:359 - Loaded plugin tutovideos (category:base,tabindex:-1)
2024-07-09 09:49:47,006 [INFO] PluginManage:310 - Check plugin updater
2024-07-09 09:49:47,020 [INFO] PluginManage:359 - Loaded plugin updater (category:base,tabindex:12)
2024-07-09 09:49:47,020 [INFO] PluginManage:310 - Check plugin userauth
2024-07-09 09:49:47,028 [INFO] UserAuth:114 - Init User Auth plugin
2024-07-09 09:49:47,028 [INFO] PluginManage:359 - Loaded plugin userauth (category:base,tabindex:14)
2024-07-09 09:49:47,028 [INFO] PluginManage:283 - PluginManage : Loaded plugins [17]
2024-07-09 09:49:47,262 [INFO] PinOutPanel:1561 - setPackage(No Configuration,No Configuration)
2024-07-09 09:49:47,355 [INFO] CADModel:165 - CPN selected for project level
2024-07-09 09:49:47,355 [INFO] CADModel:114 - Register for checkConnection events
2024-07-09 09:49:47,379 [INFO] IPUIPlugin:80 - create IPUIPlugin
2024-07-09 09:49:47,379 [INFO] PluginManager:220 - loadIPPluginJar : add adc
2024-07-09 09:49:47,384 [INFO] IPUIPlugin:80 - create IPUIPlugin
2024-07-09 09:49:47,384 [INFO] PluginManager:220 - loadIPPluginJar : add aes
2024-07-09 09:49:47,389 [INFO] IPUIPlugin:80 - create IPUIPlugin
2024-07-09 09:49:47,389 [INFO] PluginManager:220 - loadIPPluginJar : add can
2024-07-09 09:49:47,392 [INFO] IPUIPlugin:80 - create IPUIPlugin
2024-07-09 09:49:47,392 [INFO] PluginManager:220 - loadIPPluginJar : add comp
2024-07-09 09:49:47,397 [INFO] IPUIPlugin:80 - create IPUIPlugin
2024-07-09 09:49:47,397 [INFO] PluginManager:220 - loadIPPluginJar : add cryp
2024-07-09 09:49:47,401 [INFO] IPUIPlugin:80 - create IPUIPlugin
2024-07-09 09:49:47,401 [INFO] PluginManager:220 - loadIPPluginJar : add dfsdm
2024-07-09 09:49:47,409 [INFO] IPUIPlugin:80 - create IPUIPlugin
2024-07-09 09:49:47,410 [INFO] PluginManager:220 - loadIPPluginJar : add dma
2024-07-09 09:49:47,414 [INFO] IPUIPlugin:80 - create IPUIPlugin
2024-07-09 09:49:47,414 [INFO] PluginManager:220 - loadIPPluginJar : add dma3
2024-07-09 09:49:47,419 [INFO] IPUIPlugin:80 - create IPUIPlugin
2024-07-09 09:49:47,419 [INFO] PluginManager:220 - loadIPPluginJar : add extmemmanager
2024-07-09 09:49:47,422 [INFO] IPUIPlugin:80 - create IPUIPlugin
2024-07-09 09:49:47,422 [INFO] PluginManager:220 - loadIPPluginJar : add fatfs
2024-07-09 09:49:47,428 [INFO] IPUIPlugin:80 - create IPUIPlugin
2024-07-09 09:49:47,428 [INFO] PluginManager:220 - loadIPPluginJar : add fmc
2024-07-09 09:49:47,435 [INFO] IPUIPlugin:80 - create IPUIPlugin
2024-07-09 09:49:47,436 [INFO] PluginManager:220 - loadIPPluginJar : add freertos
2024-07-09 09:49:47,438 [INFO] IPUIPlugin:80 - create IPUIPlugin
2024-07-09 09:49:47,439 [INFO] PluginManager:220 - loadIPPluginJar : add genericplugin
2024-07-09 09:49:47,442 [INFO] IPUIPlugin:80 - create IPUIPlugin
2024-07-09 09:49:47,443 [INFO] PluginManager:220 - loadIPPluginJar : add gfxmmu
2024-07-09 09:49:47,449 [INFO] IPUIPlugin:80 - create IPUIPlugin
2024-07-09 09:49:47,450 [INFO] PluginManager:220 - loadIPPluginJar : add gic
2024-07-09 09:49:47,455 [INFO] IPUIPlugin:80 - create IPUIPlugin
2024-07-09 09:49:47,455 [INFO] PluginManager:220 - loadIPPluginJar : add gpio
2024-07-09 09:49:47,459 [INFO] IPUIPlugin:80 - create IPUIPlugin
2024-07-09 09:49:47,459 [INFO] PluginManager:220 - loadIPPluginJar : add gtzc
2024-07-09 09:49:47,463 [INFO] IPUIPlugin:80 - create IPUIPlugin
2024-07-09 09:49:47,464 [INFO] PluginManager:220 - loadIPPluginJar : add hash
2024-07-09 09:49:47,467 [INFO] IPUIPlugin:80 - create IPUIPlugin
2024-07-09 09:49:47,467 [INFO] PluginManager:220 - loadIPPluginJar : add i2c
2024-07-09 09:49:47,470 [INFO] IPUIPlugin:80 - create IPUIPlugin
2024-07-09 09:49:47,471 [INFO] PluginManager:220 - loadIPPluginJar : add i2s
2024-07-09 09:49:47,475 [INFO] IPUIPlugin:80 - create IPUIPlugin
2024-07-09 09:49:47,475 [INFO] PluginManager:220 - loadIPPluginJar : add i3c
2024-07-09 09:49:47,480 [INFO] IPUIPlugin:80 - create IPUIPlugin
2024-07-09 09:49:47,480 [INFO] PluginManager:220 - loadIPPluginJar : add ipddr
2024-07-09 09:49:47,490 [INFO] IPUIPlugin:80 - create IPUIPlugin
2024-07-09 09:49:47,490 [INFO] PluginManager:220 - loadIPPluginJar : add linkedlist
2024-07-09 09:49:47,494 [INFO] IPUIPlugin:80 - create IPUIPlugin
2024-07-09 09:49:47,495 [INFO] PluginManager:220 - loadIPPluginJar : add lorawan
2024-07-09 09:49:47,498 [INFO] IPUIPlugin:80 - create IPUIPlugin
2024-07-09 09:49:47,498 [INFO] PluginManager:220 - loadIPPluginJar : add ltdc
2024-07-09 09:49:47,509 [INFO] IPUIPlugin:80 - create IPUIPlugin
2024-07-09 09:49:47,510 [INFO] PluginManager:220 - loadIPPluginJar : add mdma
2024-07-09 09:49:47,515 [INFO] IPUIPlugin:80 - create IPUIPlugin
2024-07-09 09:49:47,515 [INFO] PluginManager:220 - loadIPPluginJar : add nvic
2024-07-09 09:49:47,519 [INFO] IPUIPlugin:80 - create IPUIPlugin
2024-07-09 09:49:47,519 [INFO] PluginManager:220 - loadIPPluginJar : add opamp
2024-07-09 09:49:47,523 [INFO] IPUIPlugin:80 - create IPUIPlugin
2024-07-09 09:49:47,524 [INFO] PluginManager:220 - loadIPPluginJar : add openamp
2024-07-09 09:49:47,529 [INFO] IPUIPlugin:80 - create IPUIPlugin
2024-07-09 09:49:47,530 [INFO] PluginManager:220 - loadIPPluginJar : add pdm2pcm
2024-07-09 09:49:47,537 [INFO] IPUIPlugin:80 - create IPUIPlugin
2024-07-09 09:49:47,539 [INFO] PluginManager:220 - loadIPPluginJar : add plateformsettings
2024-07-09 09:49:47,542 [INFO] IPUIPlugin:80 - create IPUIPlugin
2024-07-09 09:49:47,542 [INFO] PluginManager:220 - loadIPPluginJar : add quadspi
2024-07-09 09:49:47,547 [INFO] IPUIPlugin:80 - create IPUIPlugin
2024-07-09 09:49:47,547 [INFO] PluginManager:220 - loadIPPluginJar : add resmgrutility
2024-07-09 09:49:47,552 [INFO] IPUIPlugin:80 - create IPUIPlugin
2024-07-09 09:49:47,552 [INFO] PluginManager:220 - loadIPPluginJar : add sai
2024-07-09 09:49:47,555 [INFO] IPUIPlugin:80 - create IPUIPlugin
2024-07-09 09:49:47,556 [INFO] PluginManager:220 - loadIPPluginJar : add spi
2024-07-09 09:49:47,564 [INFO] IPUIPlugin:80 - create IPUIPlugin
2024-07-09 09:49:47,564 [INFO] PluginManager:220 - loadIPPluginJar : add stm32_wpan
2024-07-09 09:49:47,566 [INFO] IPUIPlugin:80 - create IPUIPlugin
2024-07-09 09:49:47,567 [INFO] PluginManager:220 - loadIPPluginJar : add tim
2024-07-09 09:49:47,571 [INFO] IPUIPlugin:80 - create IPUIPlugin
2024-07-09 09:49:47,571 [INFO] PluginManager:220 - loadIPPluginJar : add touchsensing
2024-07-09 09:49:47,574 [INFO] IPUIPlugin:80 - create IPUIPlugin
2024-07-09 09:49:47,574 [INFO] PluginManager:220 - loadIPPluginJar : add tracer_emb
2024-07-09 09:49:47,578 [INFO] IPUIPlugin:80 - create IPUIPlugin
2024-07-09 09:49:47,578 [INFO] PluginManager:220 - loadIPPluginJar : add ts
2024-07-09 09:49:47,581 [INFO] IPUIPlugin:80 - create IPUIPlugin
2024-07-09 09:49:47,581 [INFO] PluginManager:220 - loadIPPluginJar : add tsc
2024-07-09 09:49:47,584 [INFO] IPUIPlugin:80 - create IPUIPlugin
2024-07-09 09:49:47,584 [INFO] PluginManager:220 - loadIPPluginJar : add ucpd
2024-07-09 09:49:47,588 [INFO] IPUIPlugin:80 - create IPUIPlugin
2024-07-09 09:49:47,588 [INFO] PluginManager:220 - loadIPPluginJar : add usart
2024-07-09 09:49:47,591 [INFO] IPUIPlugin:80 - create IPUIPlugin
2024-07-09 09:49:47,592 [INFO] PluginManager:220 - loadIPPluginJar : add usbx
2024-07-09 09:49:47,738 [INFO] CADModel:165 - CPN selected for project level
2024-07-09 09:49:47,738 [INFO] CADModel:114 - Register for checkConnection events
2024-07-09 09:49:47,739 [FATAL] Updater:308 - Updater called before beeing initialized
2024-07-09 09:49:47,739 [ERROR] CADModel:125 - Updater not yet initialized, retry later 
2024-07-09 09:49:47,917 [INFO] CADModel:165 - CPN selected for project level
2024-07-09 09:49:47,917 [INFO] CADModel:114 - Register for checkConnection events
2024-07-09 09:49:47,917 [FATAL] Updater:308 - Updater called before beeing initialized
2024-07-09 09:49:47,917 [ERROR] CADModel:125 - Updater not yet initialized, retry later 
2024-07-09 09:49:47,920 [FATAL] Updater:308 - Updater called before beeing initialized
2024-07-09 09:49:48,064 [FATAL] Updater:308 - Updater called before beeing initialized
2024-07-09 09:49:48,075 [INFO] DbMcusAds:53 - JSON generation date=Thu May 16 14:22:00 PKT 2024 (1715851320852)
2024-07-09 09:49:48,075 [FATAL] Updater:308 - Updater called before beeing initialized
2024-07-09 09:49:48,133 [WARN] DetailPanel:346 - Failed to get advertising image, set to default
2024-07-09 09:49:48,265 [FATAL] Updater:308 - Updater called before beeing initialized
2024-07-09 09:49:48,268 [FATAL] Updater:308 - Updater called before beeing initialized
2024-07-09 09:49:48,268 [FATAL] Updater:308 - Updater called before beeing initialized
2024-07-09 09:49:48,268 [WARN] DetailPanel:346 - Failed to get advertising image, set to default
2024-07-09 09:49:48,269 [FATAL] Updater:308 - Updater called before beeing initialized
2024-07-09 09:49:48,350 [ERROR] Updater:1120 - MainUpdater not yet initialized. External WinMGr cannot be set.
2024-07-09 09:49:48,354 [INFO] Updater:1056 - Updater Version found : 6.11.1
2024-07-09 09:49:48,383 [INFO] ApplicationProperties:184 - Using Application install path: C:\ST\STM32CubeIDE_1.9.0\STM32CubeIDE\plugins\com.st.stm32cube.common.mx_6.11.1.202404110753
2024-07-09 09:49:49,690 [INFO] ThirdPartyUpdaterWithRetryManager:70 - Updater plugin not ready yet. [2/15]
2024-07-09 09:49:49,962 [ERROR] LogOutputStream:75 - [STDERR_REDIRECT] Jul 09, 2024 9:49:49 AM java.util.prefs.WindowsPreferences <init>
2024-07-09 09:49:49,965 [ERROR] LogOutputStream:75 - [STDERR_REDIRECT] WARNING: Could not open/create prefs root node Software\JavaSoft\Prefs at root 0xffffffff80000002. Windows RegCreateKeyEx(...) returned error code 5.
2024-07-09 09:49:49,965 [ERROR] LogOutputStream:75 - [STDERR_REDIRECT] 
2024-07-09 09:49:52,690 [FATAL] Updater:308 - Updater called before beeing initialized
2024-07-09 09:49:52,690 [ERROR] IntegrityCheckThread:130 - Cannot retrieve database content from updater: error 21
2024-07-09 09:49:52,690 [INFO] ThirdParty:978 - Integrity check success = false
2024-07-09 09:49:52,691 [INFO] IntegrityCheckThread:100 - exiting critical section [integrity check]
2024-07-09 09:49:52,691 [INFO] IntegrityCheckThread:103 - End integrity checks thread
2024-07-09 09:49:55,053 [WARN] CheckConnectionManager:291 - Warning during Server Connection :  timeout Connect to sw-center.st.com:443 [sw-center.st.com/182.176.154.209, sw-center.st.com/182.176.154.202] failed: Connect timed out
2024-07-09 09:49:59,058 [WARN] CheckConnectionManager:291 - Warning during Server Connection :  timeout Connect to sw-center.st.com:443 [sw-center.st.com/182.176.154.209, sw-center.st.com/182.176.154.202] failed: Connect timed out
2024-07-09 09:49:59,061 [INFO] MainUpdater:2873 - connection check result : 22
2024-07-09 09:49:59,062 [INFO] MainUpdater:290 - Updater Check For Update Now.
2024-07-09 09:49:59,062 [INFO] MicroXplorer:498 - Change Database Version : DB.6.0.111
2024-07-09 09:49:59,070 [INFO] McuFinderGlobals:63 - Set McuFinder mode to 2 (CubeIDE integrated)
2024-07-09 09:49:59,087 [INFO] UserAuth:415 - Internet connection configuration mode: 2
2024-07-09 09:49:59,293 [INFO] CheckServerUpdateThread:120 - End of CheckServer Thread
2024-07-09 15:47:27,759 [ERROR] LogOutputStream:75 - [STDERR_REDIRECT] 
